0 verbose cli [
0 verbose cli   '/usr/local/bin/node',
0 verbose cli   '/usr/local/bin/npm',
0 verbose cli   'install',
0 verbose cli   '--ignore-scripts',
0 verbose cli   'types-registry@latest'
0 verbose cli ]
1 info using npm@8.4.1
2 info using node@v17.4.0
3 timing npm:load:whichnode Completed in 0ms
4 timing config:load:defaults Completed in 2ms
5 timing config:load:file:/usr/local/lib/node_modules/npm/npmrc Completed in 208ms
6 timing config:load:builtin Completed in 225ms
7 timing config:load:cli Completed in 30ms
8 timing config:load:env Completed in 0ms
9 timing config:load:file:/Users/josuedavid/Library/Caches/typescript/4.5/.npmrc Completed in 15ms
10 timing config:load:project Completed in 242ms
11 verbose config tmp This setting is no longer used.  npm stores temporary files in a special
11 verbose config location in the cache, and they are managed by
11 verbose config     [`cacache`](http://npm.im/cacache).
12 timing config:load:file:/Users/josuedavid/.npmrc Completed in 7ms
13 timing config:load:user Completed in 7ms
14 timing config:load:file:/usr/local/etc/npmrc Completed in 5ms
15 timing config:load:global Completed in 6ms
16 timing config:load:validate Completed in 0ms
17 timing config:load:credentials Completed in 4ms
18 timing config:load:setEnvs Completed in 128ms
19 timing config:load Completed in 649ms
20 timing npm:load:configload Completed in 649ms
21 timing npm:load:setTitle Completed in 37ms
22 timing config:load:flatten Completed in 4ms
23 timing npm:load:display Completed in 4ms
24 verbose logfile /Users/josuedavid/Documents/react/C:\Users\josuedavid\AppData\Roaming\npm-cache/_logs/2022-02-13T13_56_37_318Z-debug-0.log
25 timing npm:load:logFile Completed in 5ms
26 timing npm:load:timers Completed in 0ms
27 timing npm:load:configScope Completed in 0ms
28 timing npm:load Completed in 698ms
29 timing arborist:ctor Completed in 1ms
30 timing idealTree:init Completed in 649ms
31 verbose shrinkwrap failed to load node_modules/.package-lock.json out of date, updated: node_modules
32 http fetch GET 200 https://registry.npmjs.org/types-registry 3571ms (cache updated)
33 timing idealTree:userRequests Completed in 3586ms
34 silly idealTree buildDeps
35 silly fetch manifest types-registry@0.1.580
36 silly placeDep ROOT types-registry@0.1.580 REPLACE for:  want: 0.1.580
37 timing idealTree:#root Completed in 12ms
38 timing idealTree:node_modules/types-registry Completed in 0ms
39 timing idealTree:buildDeps Completed in 15ms
40 timing idealTree:fixDepFlags Completed in 1ms
41 timing idealTree Completed in 4252ms
42 timing reify:loadTrees Completed in 4254ms
43 timing reify:diffTrees Completed in 2ms
44 silly reify mark retired [
44 silly reify   '/Users/josuedavid/Library/Caches/typescript/4.5/node_modules/types-registry'
44 silly reify ]
45 silly reify moves {
45 silly reify   '/Users/josuedavid/Library/Caches/typescript/4.5/node_modules/types-registry': '/Users/josuedavid/Library/Caches/typescript/4.5/node_modules/.types-registry-3PycIbY3'
45 silly reify }
46 timing reify:retireShallow Completed in 7ms
47 timing reify:createSparse Completed in 4ms
48 timing reify:loadBundles Completed in 0ms
49 silly audit bulk request {
49 silly audit   '@types/connect': [ '3.4.35' ],
49 silly audit   '@types/express-serve-static-core': [ '4.17.28' ],
49 silly audit   '@types/node': [ '17.0.15' ],
49 silly audit   '@types/qs': [ '6.9.7' ],
49 silly audit   '@types/range-parser': [ '1.2.4' ],
49 silly audit   'types-registry': [ '0.1.580' ]
49 silly audit }
50 silly tarball no local data for types-registry@https://registry.npmjs.org/types-registry/-/types-registry-0.1.580.tgz. Extracting by manifest.
51 timing reifyNode:node_modules/@types/range-parser Completed in 106ms
52 timing reifyNode:node_modules/@types/qs Completed in 106ms
53 timing reifyNode:node_modules/@types/connect Completed in 107ms
54 timing reifyNode:node_modules/@types/express-serve-static-core Completed in 110ms
55 http fetch POST 200 https://registry.npmjs.org/-/npm/v1/security/advisories/bulk 916ms
56 timing auditReport:getReport Completed in 918ms
57 silly audit report {}
58 timing auditReport:init Completed in 0ms
59 timing reify:audit Completed in 919ms
60 http fetch GET 200 https://registry.npmjs.org/types-registry/-/types-registry-0.1.580.tgz 1167ms (cache miss)
61 timing reifyNode:node_modules/types-registry Completed in 1184ms
62 timing reifyNode:node_modules/@types/node Completed in 1215ms
63 timing reify:unpack Completed in 1217ms
64 timing reify:unretire Completed in 0ms
65 timing build:queue Completed in 13ms
66 timing build:deps Completed in 14ms
67 timing build Completed in 15ms
68 timing reify:build Completed in 15ms
69 timing reify:trash Completed in 28ms
70 timing reify:save Completed in 163ms
71 timing reify Completed in 6192ms
72 silly ADD node_modules/@types/range-parser
73 silly ADD node_modules/@types/qs
74 silly ADD node_modules/@types/node
75 silly ADD node_modules/@types/express-serve-static-core
76 silly ADD node_modules/@types/connect
77 silly CHANGE node_modules/types-registry
78 timing command:install Completed in 6199ms
79 verbose exit 0
80 timing npm Completed in 10576ms
81 info ok
