0 verbose cli [
0 verbose cli   '/usr/local/bin/node',
0 verbose cli   '/usr/local/bin/npm',
0 verbose cli   'i',
0 verbose cli   '--save',
0 verbose cli   '@fortawesome/fontawesome-svg-core'
0 verbose cli ]
1 info using npm@8.4.1
2 info using node@v17.4.0
3 timing npm:load:whichnode Completed in 0ms
4 timing config:load:defaults Completed in 2ms
5 timing config:load:file:/usr/local/lib/node_modules/npm/npmrc Completed in 12ms
6 timing config:load:builtin Completed in 13ms
7 timing config:load:cli Completed in 4ms
8 timing config:load:env Completed in 0ms
9 timing config:load:file:/Users/josuedavid/Documents/react/.npmrc Completed in 1ms
10 timing config:load:project Completed in 2ms
11 verbose config tmp This setting is no longer used.  npm stores temporary files in a special
11 verbose config location in the cache, and they are managed by
11 verbose config     [`cacache`](http://npm.im/cacache).
12 timing config:load:file:/Users/josuedavid/.npmrc Completed in 1ms
13 timing config:load:user Completed in 1ms
14 timing config:load:file:/usr/local/etc/npmrc Completed in 2ms
15 timing config:load:global Completed in 2ms
16 timing config:load:validate Completed in 0ms
17 timing config:load:credentials Completed in 2ms
18 timing config:load:setEnvs Completed in 3ms
19 timing config:load Completed in 31ms
20 timing npm:load:configload Completed in 31ms
21 timing npm:load:setTitle Completed in 162ms
22 timing config:load:flatten Completed in 3ms
23 timing npm:load:display Completed in 5ms
24 verbose logfile /Users/josuedavid/Documents/react/C:\Users\josuedavid\AppData\Roaming\npm-cache/_logs/2022-02-22T20_35_12_381Z-debug-0.log
25 timing npm:load:logFile Completed in 14ms
26 timing npm:load:timers Completed in 0ms
27 timing npm:load:configScope Completed in 0ms
28 timing npm:load Completed in 216ms
29 timing arborist:ctor Completed in 1ms
30 timing idealTree:init Completed in 186ms
31 timing idealTree:userRequests Completed in 2ms
32 silly idealTree buildDeps
33 silly fetch manifest @fortawesome/fontawesome-svg-core@*
34 timing arborist:ctor Completed in 0ms
35 http fetch GET 200 https://registry.npmjs.org/@fortawesome%2ffontawesome-svg-core 1249ms (cache miss)
36 silly placeDep ROOT @fortawesome/fontawesome-svg-core@1.3.0 OK for:  want: *
37 silly fetch manifest @fortawesome/fontawesome-common-types@^0.3.0
38 http fetch GET 200 https://registry.npmjs.org/@fortawesome%2ffontawesome-common-types 851ms (cache miss)
39 timing idealTree:#root Completed in 2115ms
40 silly placeDep ROOT @fortawesome/fontawesome-common-types@0.3.0 OK for: @fortawesome/fontawesome-svg-core@1.3.0 want: ^0.3.0
41 timing idealTree:node_modules/@fortawesome/fontawesome-svg-core Completed in 3ms
42 timing idealTree:node_modules/@fortawesome/fontawesome-common-types Completed in 0ms
43 timing idealTree:buildDeps Completed in 2124ms
44 timing idealTree:fixDepFlags Completed in 1ms
45 timing idealTree Completed in 2315ms
46 timing reify:loadTrees Completed in 2316ms
47 timing reify:diffTrees Completed in 4ms
48 silly reify moves {}
49 timing reify:retireShallow Completed in 1ms
50 timing reify:createSparse Completed in 1ms
51 timing reify:loadBundles Completed in 0ms
52 silly audit bulk request {
52 silly audit   '@fortawesome/fontawesome-free': [ '5.15.4' ],
52 silly audit   '@popperjs/core': [ '2.11.2' ],
52 silly audit   bootstrap: [ '5.1.3' ],
52 silly audit   'computed-style': [ '0.1.4' ],
52 silly audit   config: [ '1.31.0' ],
52 silly audit   'fa-icons': [ '0.2.0' ],
52 silly audit   'js-tokens': [ '4.0.0' ],
52 silly audit   json5: [ '1.0.1' ],
52 silly audit   'line-height': [ '0.1.1' ],
52 silly audit   'lit-element': [ '2.5.1' ],
52 silly audit   'lit-html': [ '1.4.1' ],
52 silly audit   'loose-envify': [ '1.4.0' ],
52 silly audit   minimist: [ '1.2.5' ],
52 silly audit   'object-assign': [ '4.1.1' ],
52 silly audit   'performance-now': [ '0.2.0', '2.1.0' ],
52 silly audit   'prop-types': [ '15.8.1' ],
52 silly audit   raf: [ '3.4.1' ],
52 silly audit   react: [ '16.14.0' ],
52 silly audit   'react-icons': [ '4.3.1' ],
52 silly audit   'react-is': [ '16.13.1' ],
52 silly audit   'react-motion': [ '0.5.2' ],
52 silly audit   'react-scrollbar': [ '0.5.6' ],
52 silly audit   '@fortawesome/fontawesome-svg-core': [ '1.3.0' ],
52 silly audit   '@fortawesome/fontawesome-common-types': [ '0.3.0' ]
52 silly audit }
53 silly tarball no local data for @fortawesome/fontawesome-common-types@https://registry.npmjs.org/@fortawesome/fontawesome-common-types/-/fontawesome-common-types-0.3.0.tgz. Extracting by manifest.
54 silly tarball no local data for @fortawesome/fontawesome-svg-core@https://registry.npmjs.org/@fortawesome/fontawesome-svg-core/-/fontawesome-svg-core-1.3.0.tgz. Extracting by manifest.
55 http fetch GET 200 https://registry.npmjs.org/@fortawesome/fontawesome-common-types/-/fontawesome-common-types-0.3.0.tgz 575ms (cache miss)
56 timing reifyNode:node_modules/@fortawesome/fontawesome-common-types Completed in 592ms
57 http fetch GET 200 https://registry.npmjs.org/@fortawesome/fontawesome-svg-core/-/fontawesome-svg-core-1.3.0.tgz 657ms (cache miss)
58 timing reifyNode:node_modules/@fortawesome/fontawesome-svg-core Completed in 680ms
59 timing reify:unpack Completed in 681ms
60 timing reify:unretire Completed in 0ms
61 timing build:queue Completed in 3ms
62 info run @fortawesome/fontawesome-common-types@0.3.0 postinstall node_modules/@fortawesome/fontawesome-common-types node attribution.js
63 info run @fortawesome/fontawesome-svg-core@1.3.0 postinstall node_modules/@fortawesome/fontawesome-svg-core node attribution.js
64 http fetch POST 200 https://registry.npmjs.org/-/npm/v1/security/advisories/bulk 891ms
65 timing auditReport:getReport Completed in 900ms
66 silly audit report {}
67 timing auditReport:init Completed in 0ms
68 timing reify:audit Completed in 900ms
69 info run @fortawesome/fontawesome-common-types@0.3.0 postinstall { code: 0, signal: null }
70 timing build:run:postinstall:node_modules/@fortawesome/fontawesome-common-types Completed in 279ms
71 info run @fortawesome/fontawesome-svg-core@1.3.0 postinstall { code: 0, signal: null }
72 timing build:run:postinstall:node_modules/@fortawesome/fontawesome-svg-core Completed in 366ms
73 timing build:run:postinstall Completed in 396ms
74 timing build:deps Completed in 400ms
75 timing build Completed in 400ms
76 timing reify:build Completed in 401ms
77 timing reify:trash Completed in 0ms
78 timing reify:save Completed in 23ms
79 timing reify Completed in 3531ms
80 silly ADD node_modules/@fortawesome/fontawesome-common-types
81 silly ADD node_modules/@fortawesome/fontawesome-svg-core
82 timing command:i Completed in 3550ms
83 verbose exit 0
84 timing npm Completed in 5057ms
85 info ok
