0 verbose cli [
0 verbose cli   '/usr/local/bin/node',
0 verbose cli   '/usr/local/bin/npm',
0 verbose cli   'install',
0 verbose cli   'react-scrollbar'
0 verbose cli ]
1 info using npm@8.4.1
2 info using node@v17.4.0
3 timing npm:load:whichnode Completed in 0ms
4 timing config:load:defaults Completed in 2ms
5 timing config:load:file:/usr/local/lib/node_modules/npm/npmrc Completed in 15ms
6 timing config:load:builtin Completed in 16ms
7 timing config:load:cli Completed in 1ms
8 timing config:load:env Completed in 1ms
9 timing config:load:file:/Users/josuedavid/Documents/react/.npmrc Completed in 0ms
10 timing config:load:project Completed in 2ms
11 verbose config tmp This setting is no longer used.  npm stores temporary files in a special
11 verbose config location in the cache, and they are managed by
11 verbose config     [`cacache`](http://npm.im/cacache).
12 timing config:load:file:/Users/josuedavid/.npmrc Completed in 1ms
13 timing config:load:user Completed in 1ms
14 timing config:load:file:/usr/local/etc/npmrc Completed in 1ms
15 timing config:load:global Completed in 1ms
16 timing config:load:validate Completed in 1ms
17 timing config:load:credentials Completed in 1ms
18 timing config:load:setEnvs Completed in 1ms
19 timing config:load Completed in 29ms
20 timing npm:load:configload Completed in 30ms
21 timing npm:load:setTitle Completed in 25ms
22 timing config:load:flatten Completed in 3ms
23 timing npm:load:display Completed in 5ms
24 verbose logfile /Users/josuedavid/Documents/react/C:\Users\josuedavid\AppData\Roaming\npm-cache/_logs/2022-02-22T20_09_57_287Z-debug-0.log
25 timing npm:load:logFile Completed in 11ms
26 timing npm:load:timers Completed in 0ms
27 timing npm:load:configScope Completed in 0ms
28 timing npm:load Completed in 75ms
29 timing arborist:ctor Completed in 1ms
30 timing idealTree:init Completed in 233ms
31 timing idealTree:userRequests Completed in 3ms
32 silly idealTree buildDeps
33 silly fetch manifest react-scrollbar@^0.5.6
34 timing arborist:ctor Completed in 0ms
35 http fetch GET 200 https://registry.npmjs.org/react-scrollbar 276ms (cache hit)
36 silly fetch manifest prop-types@^15.6.0
37 http fetch GET 200 https://registry.npmjs.org/prop-types 6ms (cache hit)
38 silly fetch manifest react@^15.3.0 || ^16.0.0-rc || ^16.0
39 http fetch GET 200 https://registry.npmjs.org/react 12ms (cache hit)
40 silly placeDep ROOT react-scrollbar@0.5.6 REPLACE for:  want: ^0.5.6
41 timing idealTree:#root Completed in 597ms
42 timing idealTree:node_modules/react-scrollbar Completed in 1ms
43 timing idealTree:buildDeps Completed in 599ms
44 timing idealTree:fixDepFlags Completed in 0ms
45 timing idealTree Completed in 837ms
46 timing reify:loadTrees Completed in 844ms
47 timing reify:diffTrees Completed in 23ms
48 silly reify moves {}
49 timing reify:retireShallow Completed in 0ms
50 timing reify:createSparse Completed in 0ms
51 timing reify:loadBundles Completed in 0ms
52 silly audit bulk request {
52 silly audit   '@fortawesome/fontawesome-free': [ '5.15.4' ],
52 silly audit   '@popperjs/core': [ '2.11.2' ],
52 silly audit   bootstrap: [ '5.1.3' ],
52 silly audit   'computed-style': [ '0.1.4' ],
52 silly audit   config: [ '1.31.0' ],
52 silly audit   'fa-icons': [ '0.2.0' ],
52 silly audit   'js-tokens': [ '4.0.0' ],
52 silly audit   json5: [ '1.0.1' ],
52 silly audit   'line-height': [ '0.1.1' ],
52 silly audit   'lit-element': [ '2.5.1' ],
52 silly audit   'lit-html': [ '1.4.1' ],
52 silly audit   'loose-envify': [ '1.4.0' ],
52 silly audit   minimist: [ '1.2.5' ],
52 silly audit   'object-assign': [ '4.1.1' ],
52 silly audit   'performance-now': [ '0.2.0', '2.1.0' ],
52 silly audit   'prop-types': [ '15.8.1' ],
52 silly audit   raf: [ '3.4.1' ],
52 silly audit   react: [ '16.14.0' ],
52 silly audit   'react-icons': [ '4.3.1' ],
52 silly audit   'react-is': [ '16.13.1' ],
52 silly audit   'react-motion': [ '0.5.2' ],
52 silly audit   'react-scrollbar': [ '0.5.6' ]
52 silly audit }
53 timing reify:unpack Completed in 3ms
54 timing reify:unretire Completed in 0ms
55 timing build:queue Completed in 0ms
56 timing build:deps Completed in 3ms
57 timing build Completed in 4ms
58 timing reify:build Completed in 4ms
59 timing reify:trash Completed in 0ms
60 timing reify:save Completed in 130ms
61 http fetch POST 200 https://registry.npmjs.org/-/npm/v1/security/advisories/bulk 1116ms
62 timing auditReport:getReport Completed in 1118ms
63 silly audit report {}
64 timing auditReport:init Completed in 0ms
65 timing reify:audit Completed in 1120ms
66 timing reify Completed in 2215ms
67 timing command:install Completed in 2228ms
68 verbose exit 0
69 timing npm Completed in 3837ms
70 info ok
