0 verbose cli [
0 verbose cli   '/usr/local/bin/node',
0 verbose cli   '/usr/local/bin/npm',
0 verbose cli   'install',
0 verbose cli   '--ignore-scripts',
0 verbose cli   '@types/cors@ts4.5',
0 verbose cli   '@types/express@ts4.5',
0 verbose cli   '@types/nodemon@ts4.5',
0 verbose cli   '@types/abbrev@ts4.5',
0 verbose cli   '@types/accepts@ts4.5',
0 verbose cli   '@types/balanced-match@ts4.5',
0 verbose cli   '@types/body-parser@ts4.5',
0 verbose cli   '@types/brace-expansion@ts4.5',
0 verbose cli   '@types/braces@ts4.5',
0 verbose cli   '@types/bytes@ts4.5',
0 verbose cli   '@types/cacheable-request@ts4.5',
0 verbose cli   '@types/color-convert@ts4.5',
0 verbose cli   '@types/color-name@ts4.5',
0 verbose cli   '@types/concat-map@ts4.5',
0 verbose cli   '@types/configstore@ts4.5',
0 verbose cli   '@types/content-disposition@ts4.5',
0 verbose cli   '@types/content-type@ts4.5',
0 verbose cli   '@types/cookie@ts4.5',
0 verbose cli   '@types/cookie-signature@ts4.5',
0 verbose cli   '@types/debug@ts4.5',
0 verbose cli   '@types/deep-extend@ts4.5',
0 verbose cli   '@types/depd@ts4.5',
0 verbose cli   '@types/destroy@ts4.5',
0 verbose cli   '@types/duplexer3@ts4.5',
0 verbose cli   '@types/ee-first@ts4.5',
0 verbose cli   '@types/encodeurl@ts4.5',
0 verbose cli   '@types/end-of-stream@ts4.5',
0 verbose cli   '@types/escape-html@ts4.5',
0 verbose cli   '@types/etag@ts4.5',
0 verbose cli   '@types/fill-range@ts4.5',
0 verbose cli   '@types/finalhandler@ts4.5',
0 verbose cli   '@types/follow-redirects@ts4.5',
0 verbose cli   '@types/forwarded@ts4.5',
0 verbose cli   '@types/fresh@ts4.5',
0 verbose cli   '@types/glob-parent@ts4.5',
0 verbose cli   '@types/got@ts4.5',
0 verbose cli   '@types/graceful-fs@ts4.5',
0 verbose cli   '@types/http-cache-semantics@ts4.5',
0 verbose cli   '@types/http-errors@ts4.5',
0 verbose cli   '@types/imurmurhash@ts4.5',
0 verbose cli   '@types/inherits@ts4.5',
0 verbose cli   '@types/ini@ts4.5',
0 verbose cli   '@types/is-ci@ts4.5',
0 verbose cli   '@types/is-glob@ts4.5',
0 verbose cli   '@types/is-number@ts4.5',
0 verbose cli   '@types/is-typedarray@ts4.5',
0 verbose cli   '@types/json-buffer@ts4.5',
0 verbose cli   '@types/keyv@ts4.5',
0 verbose cli   '@types/lru-cache@ts4.5',
0 verbose cli   '@types/media-typer@ts4.5',
0 verbose cli   '@types/memory-pager@ts4.5',
0 verbose cli   '@types/merge-descriptors@ts4.5',
0 verbose cli   '@types/methods@ts4.5',
0 verbose cli   '@types/mime@ts4.5',
0 verbose cli   '@types/mime-db@ts4.5',
0 verbose cli   '@types/mime-types@ts4.5',
0 verbose cli   '@types/minimatch@ts4.5',
0 verbose cli   '@types/minimist@ts4.5',
0 verbose cli   '@types/ms@ts4.5',
0 verbose cli   '@types/negotiator@ts4.5',
0 verbose cli   '@types/nopt@ts4.5',
0 verbose cli   '@types/normalize-path@ts4.5',
0 verbose cli   '@types/on-finished@ts4.5',
0 verbose cli   '@types/once@ts4.5',
0 verbose cli   '@types/parseurl@ts4.5',
0 verbose cli   '@types/picomatch@ts4.5',
0 verbose cli   '@types/proxy-addr@ts4.5',
0 verbose cli   '@types/pump@ts4.5',
0 verbose cli   '@types/punycode@ts4.5',
0 verbose cli   '@types/qs@ts4.5',
0 verbose cli   '@types/range-parser@ts4.5',
0 verbose cli   '@types/rc@ts4.5',
0 verbose cli   '@types/react-dom@ts4.5',
0 verbose cli   '@types/regenerator-runtime@ts4.5',
0 verbose cli   '@types/registry-auth-token@ts4.5',
0 verbose cli   '@types/responselike@ts4.5',
0 verbose cli   '@types/safer-buffer@ts4.5',
0 verbose cli   '@types/saslprep@ts4.5',
0 verbose cli   '@types/scheduler@ts4.5',
0 verbose cli   '@types/semver@ts4.5',
0 verbose cli   '@types/send@ts4.5',
0 verbose cli   '@types/serve-static@ts4.5',
0 verbose cli   '@types/signal-exit@ts4.5',
0 verbose cli   '@types/sparse-bitfield@ts4.5',
0 verbose cli   '@types/statuses@ts4.5',
0 verbose cli   '@types/supports-color@ts4.5',
0 verbose cli   '@types/to-regex-range@ts4.5',
0 verbose cli   '@types/touch@ts4.5',
0 verbose cli   '@types/type-is@ts4.5',
0 verbose cli   '@types/update-notifier@ts4.5',
0 verbose cli   '@types/url-parse-lax@ts4.5',
0 verbose cli   '@types/utils-merge@ts4.5',
0 verbose cli   '@types/vary@ts4.5',
0 verbose cli   '@types/webidl-conversions@ts4.5',
0 verbose cli   '@types/whatwg-url@ts4.5',
0 verbose cli   '@types/wrap-ansi@ts4.5',
0 verbose cli   ... 4 more items
0 verbose cli ]
1 info using npm@8.4.1
2 info using node@v17.4.0
3 timing npm:load:whichnode Completed in 1ms
4 timing config:load:defaults Completed in 2ms
5 timing config:load:file:/usr/local/lib/node_modules/npm/npmrc Completed in 70ms
6 timing config:load:builtin Completed in 70ms
7 timing config:load:cli Completed in 2ms
8 timing config:load:env Completed in 1ms
9 timing config:load:file:/Users/josuedavid/Library/Caches/typescript/4.5/.npmrc Completed in 0ms
10 timing config:load:project Completed in 1ms
11 verbose config tmp This setting is no longer used.  npm stores temporary files in a special
11 verbose config location in the cache, and they are managed by
11 verbose config     [`cacache`](http://npm.im/cacache).
12 timing config:load:file:/Users/josuedavid/.npmrc Completed in 3ms
13 timing config:load:user Completed in 4ms
14 timing config:load:file:/usr/local/etc/npmrc Completed in 0ms
15 timing config:load:global Completed in 0ms
16 timing config:load:validate Completed in 1ms
17 timing config:load:credentials Completed in 1ms
18 timing config:load:setEnvs Completed in 1ms
19 timing config:load Completed in 83ms
20 timing npm:load:configload Completed in 83ms
21 timing npm:load:setTitle Completed in 33ms
22 timing config:load:flatten Completed in 5ms
23 timing npm:load:display Completed in 67ms
24 verbose logfile /Users/josuedavid/Documents/react/C:\Users\josuedavid\AppData\Roaming\npm-cache/_logs/2022-02-13T13_57_29_130Z-debug-0.log
25 timing npm:load:logFile Completed in 23ms
26 timing npm:load:timers Completed in 0ms
27 timing npm:load:configScope Completed in 0ms
28 timing npm:load Completed in 209ms
29 timing arborist:ctor Completed in 0ms
30 timing idealTree:init Completed in 239ms
31 timing arborist:ctor Completed in 0ms
32 http fetch GET 200 https://registry.npmjs.org/@types%2fscheduler 2947ms (cache hit)
33 http fetch GET 200 https://registry.npmjs.org/@types%2fcacheable-request 3096ms (cache miss)
34 http fetch GET 200 https://registry.npmjs.org/@types%2fcors 3126ms (cache miss)
35 http fetch GET 200 https://registry.npmjs.org/@types%2fhttp-cache-semantics 3061ms (cache miss)
36 http fetch GET 200 https://registry.npmjs.org/@types%2fpump 3016ms (cache miss)
37 http fetch GET 200 https://registry.npmjs.org/@types%2fkeyv 3057ms (cache miss)
38 http fetch GET 200 https://registry.npmjs.org/@types%2fbytes 3161ms (cache revalidated)
39 http fetch GET 200 https://registry.npmjs.org/@types%2fcolor-convert 3163ms (cache revalidated)
40 http fetch GET 200 https://registry.npmjs.org/@types%2fcookie-signature 3150ms (cache revalidated)
41 http fetch GET 200 https://registry.npmjs.org/@types%2fend-of-stream 3135ms (cache miss)
42 http fetch GET 200 https://registry.npmjs.org/@types%2fconfigstore 3178ms (cache miss)
43 http fetch GET 200 https://registry.npmjs.org/@types%2fgot 3133ms (cache miss)
44 http fetch GET 200 https://registry.npmjs.org/@types%2fjson-buffer 3107ms (cache miss)
45 http fetch GET 200 https://registry.npmjs.org/@types%2fduplexer3 3144ms (cache miss)
46 http fetch GET 200 https://registry.npmjs.org/@types%2fabbrev 3187ms (cache miss)
47 http fetch GET 200 https://registry.npmjs.org/@types%2fnodemon 3188ms (cache miss)
48 http fetch GET 200 https://registry.npmjs.org/@types%2fdeep-extend 3157ms (cache miss)
49 http fetch GET 200 https://registry.npmjs.org/@types%2fmemory-pager 3109ms (cache miss)
50 http fetch GET 200 https://registry.npmjs.org/@types%2fnopt 3096ms (cache miss)
51 http fetch GET 200 https://registry.npmjs.org/@types%2frc 3088ms (cache miss)
52 http fetch GET 200 https://registry.npmjs.org/@types%2fis-ci 3120ms (cache miss)
53 http fetch GET 200 https://registry.npmjs.org/@types%2fregistry-auth-token 3090ms (cache miss)
54 http fetch GET 200 https://registry.npmjs.org/@types%2fresponselike 3090ms (cache miss)
55 http fetch GET 200 https://registry.npmjs.org/@types%2fsaslprep 3091ms (cache miss)
56 http fetch GET 200 https://registry.npmjs.org/@types%2fdepd 3169ms (cache revalidated)
57 http fetch GET 200 https://registry.npmjs.org/@types%2fencodeurl 3167ms (cache revalidated)
58 http fetch GET 200 https://registry.npmjs.org/@types%2fee-first 3186ms (cache revalidated)
59 http fetch GET 200 https://registry.npmjs.org/@types%2fetag 3219ms (cache revalidated)
60 http fetch GET 200 https://registry.npmjs.org/@types%2ftouch 3366ms (cache miss)
61 http fetch GET 200 https://registry.npmjs.org/@types%2fexpress 3491ms (cache revalidated)
62 http fetch GET 200 https://registry.npmjs.org/@types%2furl-parse-lax 3387ms (cache miss)
63 http fetch GET 200 https://registry.npmjs.org/@types%2fforwarded 3480ms (cache revalidated)
64 http fetch GET 200 https://registry.npmjs.org/@types%2fsparse-bitfield 3421ms (cache miss)
65 http fetch GET 200 https://registry.npmjs.org/@types%2fupdate-notifier 3422ms (cache miss)
66 http fetch GET 200 https://registry.npmjs.org/@types%2ffresh 3522ms (cache revalidated)
67 http fetch GET 200 https://registry.npmjs.org/@types%2fbraces 3569ms (cache revalidated)
68 http fetch GET 200 https://registry.npmjs.org/@types%2ffinalhandler 3525ms (cache revalidated)
69 http fetch GET 200 https://registry.npmjs.org/@types%2fhttp-errors 3547ms (cache revalidated)
70 http fetch GET 200 https://registry.npmjs.org/@types%2fgraceful-fs 3549ms (cache revalidated)
71 http fetch GET 200 https://registry.npmjs.org/@types%2faccepts 3610ms (cache revalidated)
72 http fetch GET 200 https://registry.npmjs.org/@types%2finherits 3573ms (cache revalidated)
73 http fetch GET 200 https://registry.npmjs.org/@types%2fis-glob 3578ms (cache revalidated)
74 http fetch GET 200 https://registry.npmjs.org/@types%2fis-typedarray 3587ms (cache revalidated)
75 http fetch GET 200 https://registry.npmjs.org/@types%2flru-cache 3605ms (cache revalidated)
76 http fetch GET 200 https://registry.npmjs.org/@types%2fconcat-map 3690ms (cache revalidated)
77 http fetch GET 200 https://registry.npmjs.org/@types%2fdestroy 3660ms (cache revalidated)
78 http fetch GET 200 https://registry.npmjs.org/@types%2fcontent-disposition 3697ms (cache revalidated)
79 http fetch GET 200 https://registry.npmjs.org/@types%2fmerge-descriptors 3636ms (cache revalidated)
80 http fetch GET 200 https://registry.npmjs.org/@types%2fmime 3653ms (cache revalidated)
81 http fetch GET 200 https://registry.npmjs.org/@types%2fcolor-name 3737ms (cache revalidated)
82 http fetch GET 200 https://registry.npmjs.org/@types%2fmethods 3661ms (cache revalidated)
83 http fetch GET 200 https://registry.npmjs.org/@types%2fminimist 3658ms (cache revalidated)
84 http fetch GET 200 https://registry.npmjs.org/@types%2fmime-types 3669ms (cache revalidated)
85 http fetch GET 200 https://registry.npmjs.org/@types%2fcontent-type 3736ms (cache revalidated)
86 http fetch GET 200 https://registry.npmjs.org/@types%2fminimatch 3757ms (cache revalidated)
87 http fetch GET 200 https://registry.npmjs.org/@types%2fnegotiator 3756ms (cache revalidated)
88 http fetch GET 200 https://registry.npmjs.org/@types%2fdebug 3824ms (cache revalidated)
89 http fetch GET 200 https://registry.npmjs.org/@types%2fcookie 3826ms (cache revalidated)
90 http fetch GET 200 https://registry.npmjs.org/@types%2fonce 3763ms (cache revalidated)
91 http fetch GET 200 https://registry.npmjs.org/@types%2fon-finished 3767ms (cache revalidated)
92 http fetch GET 200 https://registry.npmjs.org/@types%2fproxy-addr 3780ms (cache revalidated)
93 http fetch GET 200 https://registry.npmjs.org/@types%2freact-dom 3808ms (cache revalidated)
94 http fetch GET 200 https://registry.npmjs.org/@types%2fregenerator-runtime 3855ms (cache revalidated)
95 http fetch GET 200 https://registry.npmjs.org/@types%2fimurmurhash 3943ms (cache revalidated)
96 http fetch GET 200 https://registry.npmjs.org/@types%2fqs 3892ms (cache revalidated)
97 http fetch GET 200 https://registry.npmjs.org/@types%2fsafer-buffer 3909ms (cache revalidated)
98 http fetch GET 200 https://registry.npmjs.org/@types%2fescape-html 3970ms (cache revalidated)
99 http fetch GET 200 https://registry.npmjs.org/@types%2frange-parser 3928ms (cache revalidated)
100 http fetch GET 200 https://registry.npmjs.org/@types%2fsemver 3952ms (cache revalidated)
101 http fetch GET 200 https://registry.npmjs.org/@types%2fserve-static 3955ms (cache revalidated)
102 http fetch GET 200 https://registry.npmjs.org/@types%2ffollow-redirects 4070ms (cache revalidated)
103 http fetch GET 200 https://registry.npmjs.org/@types%2ffill-range 4137ms (cache revalidated)
104 http fetch GET 200 https://registry.npmjs.org/@types%2fglob-parent 4222ms (cache revalidated)
105 http fetch GET 200 https://registry.npmjs.org/@types%2fini 4236ms (cache revalidated)
106 http fetch GET 200 https://registry.npmjs.org/@types%2fstatuses 4192ms (cache revalidated)
107 http fetch GET 200 https://registry.npmjs.org/@types%2fwebidl-conversions 4245ms (cache revalidated)
108 http fetch GET 200 https://registry.npmjs.org/@types%2fis-number 4303ms (cache revalidated)
109 http fetch GET 200 https://registry.npmjs.org/@types%2fwhatwg-url 4288ms (cache revalidated)
110 http fetch GET 200 https://registry.npmjs.org/@types%2fms 4322ms (cache revalidated)
111 http fetch GET 200 https://registry.npmjs.org/@types%2fmime-db 4336ms (cache revalidated)
112 http fetch GET 200 https://registry.npmjs.org/@types%2fmedia-typer 4343ms (cache revalidated)
113 http fetch GET 200 https://registry.npmjs.org/@types%2fnormalize-path 4342ms (cache revalidated)
114 http fetch GET 200 https://registry.npmjs.org/@types%2fwrap-ansi 4310ms (cache revalidated)
115 http fetch GET 200 https://registry.npmjs.org/@types%2fparseurl 4365ms (cache revalidated)
116 http fetch GET 200 https://registry.npmjs.org/@types%2fbalanced-match 4462ms (cache revalidated)
117 http fetch GET 200 https://registry.npmjs.org/@types%2fwrite-file-atomic 4338ms (cache updated)
118 http fetch GET 200 https://registry.npmjs.org/@types%2fbody-parser 4476ms (cache revalidated)
119 http fetch GET 200 https://registry.npmjs.org/@types%2fpunycode 4477ms (cache revalidated)
120 http fetch GET 200 https://registry.npmjs.org/@types%2fpicomatch 4528ms (cache revalidated)
121 http fetch GET 200 https://registry.npmjs.org/@types%2fto-regex-range 4625ms (cache revalidated)
122 http fetch GET 200 https://registry.npmjs.org/@types%2fsend 4672ms (cache revalidated)
123 http fetch GET 200 https://registry.npmjs.org/@types%2fsupports-color 4700ms (cache revalidated)
124 http fetch GET 200 https://registry.npmjs.org/@types%2fsignal-exit 4711ms (cache revalidated)
125 http fetch GET 200 https://registry.npmjs.org/@types%2futils-merge 4767ms (cache revalidated)
126 http fetch GET 200 https://registry.npmjs.org/@types%2ftype-is 4869ms (cache revalidated)
127 http fetch GET 200 https://registry.npmjs.org/@types%2fvary 4936ms (cache revalidated)
128 http fetch GET 200 https://registry.npmjs.org/@types%2fyallist 4989ms (cache revalidated)
129 http fetch GET 200 https://registry.npmjs.org/@types%2fbrace-expansion 5147ms (cache revalidated)
130 timing idealTree:userRequests Completed in 5245ms
131 silly idealTree buildDeps
132 silly fetch manifest @types/cors@2.8.12
133 silly fetch manifest @types/express@4.17.13
134 silly fetch manifest @types/nodemon@1.19.1
135 silly fetch manifest @types/abbrev@1.1.2
136 silly fetch manifest @types/accepts@1.3.5
137 silly fetch manifest @types/balanced-match@1.0.2
138 silly fetch manifest @types/body-parser@1.19.2
139 silly fetch manifest @types/brace-expansion@1.1.0
140 silly fetch manifest @types/braces@3.0.1
141 silly fetch manifest @types/bytes@3.1.1
142 silly fetch manifest @types/cacheable-request@6.0.2
143 silly fetch manifest @types/color-convert@2.0.0
144 silly fetch manifest @types/color-name@1.1.1
145 silly fetch manifest @types/concat-map@0.0.1
146 silly fetch manifest @types/configstore@5.0.1
147 silly fetch manifest @types/content-disposition@0.5.4
148 silly fetch manifest @types/content-type@1.1.5
149 silly fetch manifest @types/cookie@0.4.1
150 silly fetch manifest @types/cookie-signature@1.0.4
151 silly fetch manifest @types/debug@4.1.7
152 silly fetch manifest @types/deep-extend@0.4.32
153 silly fetch manifest @types/depd@1.1.32
154 silly fetch manifest @types/destroy@1.0.0
155 silly fetch manifest @types/duplexer3@0.1.1
156 silly fetch manifest @types/ee-first@1.1.0
157 silly fetch manifest @types/encodeurl@1.0.0
158 silly fetch manifest @types/end-of-stream@1.4.1
159 silly fetch manifest @types/escape-html@1.0.1
160 silly fetch manifest @types/etag@1.8.1
161 silly fetch manifest @types/fill-range@7.0.0
162 silly fetch manifest @types/finalhandler@1.1.1
163 silly fetch manifest @types/follow-redirects@1.14.0
164 silly fetch manifest @types/forwarded@0.1.0
165 silly fetch manifest @types/fresh@0.5.0
166 silly fetch manifest @types/glob-parent@5.1.1
167 silly fetch manifest @types/got@9.6.12
168 silly fetch manifest @types/graceful-fs@4.1.5
169 silly fetch manifest @types/http-cache-semantics@4.0.1
170 silly fetch manifest @types/http-errors@1.8.2
171 silly fetch manifest @types/imurmurhash@0.1.1
172 silly fetch manifest @types/inherits@0.0.30
173 silly fetch manifest @types/ini@1.3.31
174 silly fetch manifest @types/is-ci@3.0.0
175 silly fetch manifest @types/is-glob@4.0.2
176 silly fetch manifest @types/is-number@7.0.2
177 silly fetch manifest @types/is-typedarray@1.0.0
178 silly fetch manifest @types/json-buffer@3.0.0
179 silly fetch manifest @types/keyv@3.1.3
180 silly fetch manifest @types/lru-cache@5.1.1
181 silly fetch manifest @types/media-typer@1.1.1
182 silly fetch manifest @types/memory-pager@1.4.0
183 silly fetch manifest @types/merge-descriptors@1.0.1
184 silly fetch manifest @types/methods@1.1.1
185 silly fetch manifest @types/mime@2.0.3
186 silly fetch manifest @types/mime-db@1.43.1
187 silly fetch manifest @types/mime-types@2.1.1
188 silly fetch manifest @types/minimatch@3.0.5
189 silly fetch manifest @types/minimist@1.2.2
190 silly fetch manifest @types/ms@0.7.31
191 silly fetch manifest @types/negotiator@0.6.1
192 silly fetch manifest @types/nopt@3.0.29
193 silly fetch manifest @types/normalize-path@3.0.0
194 silly fetch manifest @types/on-finished@2.3.1
195 silly fetch manifest @types/once@1.4.0
196 silly fetch manifest @types/parseurl@1.3.1
197 silly fetch manifest @types/picomatch@2.3.0
198 silly fetch manifest @types/proxy-addr@2.0.0
199 silly fetch manifest @types/pump@1.1.1
200 silly fetch manifest @types/punycode@2.1.0
201 silly fetch manifest @types/qs@6.9.7
202 silly fetch manifest @types/range-parser@1.2.4
203 silly fetch manifest @types/rc@1.2.0
204 silly fetch manifest @types/react-dom@17.0.11
205 silly fetch manifest @types/regenerator-runtime@0.13.1
206 silly fetch manifest @types/registry-auth-token@4.2.1
207 silly fetch manifest @types/responselike@1.0.0
208 silly fetch manifest @types/safer-buffer@2.1.0
209 silly fetch manifest @types/saslprep@1.0.1
210 silly fetch manifest @types/scheduler@0.16.2
211 silly fetch manifest @types/semver@7.3.9
212 silly fetch manifest @types/send@0.17.1
213 silly fetch manifest @types/serve-static@1.13.10
214 silly fetch manifest @types/signal-exit@3.0.1
215 silly fetch manifest @types/sparse-bitfield@3.0.1
216 silly fetch manifest @types/statuses@2.0.0
217 silly fetch manifest @types/supports-color@8.1.1
218 silly fetch manifest @types/to-regex-range@5.0.0
219 silly fetch manifest @types/touch@3.1.2
220 silly fetch manifest @types/type-is@1.6.3
221 silly fetch manifest @types/update-notifier@5.1.0
222 silly fetch manifest @types/url-parse-lax@5.0.0
223 silly fetch manifest @types/utils-merge@0.0.28
224 silly fetch manifest @types/vary@1.1.0
225 silly fetch manifest @types/webidl-conversions@6.1.1
226 silly fetch manifest @types/whatwg-url@8.2.1
227 silly fetch manifest @types/wrap-ansi@8.0.1
228 silly fetch manifest @types/write-file-atomic@4.0.0
229 silly fetch manifest @types/yallist@4.0.1
230 silly placeDep ROOT @types/abbrev@1.1.2 OK for:  want: 1.1.2
231 silly placeDep ROOT @types/accepts@1.3.5 OK for:  want: 1.3.5
232 silly placeDep ROOT @types/balanced-match@1.0.2 OK for:  want: 1.0.2
233 silly placeDep ROOT @types/body-parser@1.19.2 OK for:  want: 1.19.2
234 silly placeDep ROOT @types/brace-expansion@1.1.0 OK for:  want: 1.1.0
235 silly placeDep ROOT @types/braces@3.0.1 OK for:  want: 3.0.1
236 silly placeDep ROOT @types/bytes@3.1.1 OK for:  want: 3.1.1
237 silly placeDep ROOT @types/cacheable-request@6.0.2 OK for:  want: 6.0.2
238 silly placeDep ROOT @types/color-convert@2.0.0 OK for:  want: 2.0.0
239 silly placeDep ROOT @types/color-name@1.1.1 OK for:  want: 1.1.1
240 silly placeDep ROOT @types/concat-map@0.0.1 OK for:  want: 0.0.1
241 silly placeDep ROOT @types/configstore@5.0.1 OK for:  want: 5.0.1
242 silly placeDep ROOT @types/content-disposition@0.5.4 OK for:  want: 0.5.4
243 silly placeDep ROOT @types/content-type@1.1.5 OK for:  want: 1.1.5
244 silly placeDep ROOT @types/cookie@0.4.1 OK for:  want: 0.4.1
245 silly placeDep ROOT @types/cookie-signature@1.0.4 OK for:  want: 1.0.4
246 silly placeDep ROOT @types/cors@2.8.12 OK for:  want: 2.8.12
247 silly placeDep ROOT @types/debug@4.1.7 OK for:  want: 4.1.7
248 silly placeDep ROOT @types/deep-extend@0.4.32 OK for:  want: 0.4.32
249 silly placeDep ROOT @types/depd@1.1.32 OK for:  want: 1.1.32
250 silly placeDep ROOT @types/destroy@1.0.0 OK for:  want: 1.0.0
251 silly placeDep ROOT @types/duplexer3@0.1.1 OK for:  want: 0.1.1
252 silly placeDep ROOT @types/ee-first@1.1.0 OK for:  want: 1.1.0
253 silly placeDep ROOT @types/encodeurl@1.0.0 OK for:  want: 1.0.0
254 silly placeDep ROOT @types/end-of-stream@1.4.1 OK for:  want: 1.4.1
255 silly placeDep ROOT @types/escape-html@1.0.1 OK for:  want: 1.0.1
256 silly placeDep ROOT @types/etag@1.8.1 OK for:  want: 1.8.1
257 silly placeDep ROOT @types/express@4.17.13 OK for:  want: 4.17.13
258 silly placeDep ROOT @types/fill-range@7.0.0 OK for:  want: 7.0.0
259 silly placeDep ROOT @types/finalhandler@1.1.1 OK for:  want: 1.1.1
260 silly placeDep ROOT @types/follow-redirects@1.14.0 OK for:  want: 1.14.0
261 silly placeDep ROOT @types/forwarded@0.1.0 OK for:  want: 0.1.0
262 silly placeDep ROOT @types/fresh@0.5.0 OK for:  want: 0.5.0
263 silly placeDep ROOT @types/glob-parent@5.1.1 OK for:  want: 5.1.1
264 silly placeDep ROOT @types/got@9.6.12 OK for:  want: 9.6.12
265 silly placeDep ROOT @types/graceful-fs@4.1.5 OK for:  want: 4.1.5
266 silly placeDep ROOT @types/http-cache-semantics@4.0.1 OK for:  want: 4.0.1
267 silly placeDep ROOT @types/http-errors@1.8.2 OK for:  want: 1.8.2
268 silly placeDep ROOT @types/imurmurhash@0.1.1 OK for:  want: 0.1.1
269 silly placeDep ROOT @types/inherits@0.0.30 OK for:  want: 0.0.30
270 silly placeDep ROOT @types/ini@1.3.31 OK for:  want: 1.3.31
271 silly placeDep ROOT @types/is-ci@3.0.0 OK for:  want: 3.0.0
272 silly placeDep ROOT @types/is-glob@4.0.2 OK for:  want: 4.0.2
273 silly placeDep ROOT @types/is-number@7.0.2 OK for:  want: 7.0.2
274 silly placeDep ROOT @types/is-typedarray@1.0.0 OK for:  want: 1.0.0
275 silly placeDep ROOT @types/json-buffer@3.0.0 OK for:  want: 3.0.0
276 silly placeDep ROOT @types/keyv@3.1.3 OK for:  want: 3.1.3
277 silly placeDep ROOT @types/lru-cache@5.1.1 OK for:  want: 5.1.1
278 silly placeDep ROOT @types/media-typer@1.1.1 OK for:  want: 1.1.1
279 silly placeDep ROOT @types/memory-pager@1.4.0 OK for:  want: 1.4.0
280 silly placeDep ROOT @types/merge-descriptors@1.0.1 OK for:  want: 1.0.1
281 silly placeDep ROOT @types/methods@1.1.1 OK for:  want: 1.1.1
282 silly placeDep ROOT @types/mime@2.0.3 OK for:  want: 2.0.3
283 silly placeDep ROOT @types/mime-db@1.43.1 OK for:  want: 1.43.1
284 silly placeDep ROOT @types/mime-types@2.1.1 OK for:  want: 2.1.1
285 silly placeDep ROOT @types/minimatch@3.0.5 OK for:  want: 3.0.5
286 silly placeDep ROOT @types/minimist@1.2.2 OK for:  want: 1.2.2
287 silly placeDep ROOT @types/ms@0.7.31 OK for:  want: 0.7.31
288 silly placeDep ROOT @types/negotiator@0.6.1 OK for:  want: 0.6.1
289 silly placeDep ROOT @types/nodemon@1.19.1 OK for:  want: 1.19.1
290 silly placeDep ROOT @types/nopt@3.0.29 OK for:  want: 3.0.29
291 silly placeDep ROOT @types/normalize-path@3.0.0 OK for:  want: 3.0.0
292 silly placeDep ROOT @types/on-finished@2.3.1 OK for:  want: 2.3.1
293 silly placeDep ROOT @types/once@1.4.0 OK for:  want: 1.4.0
294 silly placeDep ROOT @types/parseurl@1.3.1 OK for:  want: 1.3.1
295 silly placeDep ROOT @types/picomatch@2.3.0 OK for:  want: 2.3.0
296 silly placeDep ROOT @types/proxy-addr@2.0.0 OK for:  want: 2.0.0
297 silly placeDep ROOT @types/pump@1.1.1 OK for:  want: 1.1.1
298 silly placeDep ROOT @types/punycode@2.1.0 OK for:  want: 2.1.0
299 silly placeDep ROOT @types/qs@6.9.7 REPLACE for:  want: 6.9.7
300 silly placeDep ROOT @types/range-parser@1.2.4 REPLACE for:  want: 1.2.4
301 silly placeDep ROOT @types/rc@1.2.0 OK for:  want: 1.2.0
302 silly placeDep ROOT @types/react-dom@17.0.11 OK for:  want: 17.0.11
303 silly placeDep ROOT @types/regenerator-runtime@0.13.1 OK for:  want: 0.13.1
304 silly placeDep ROOT @types/registry-auth-token@4.2.1 OK for:  want: 4.2.1
305 silly placeDep ROOT @types/responselike@1.0.0 OK for:  want: 1.0.0
306 silly placeDep ROOT @types/safer-buffer@2.1.0 OK for:  want: 2.1.0
307 silly placeDep ROOT @types/saslprep@1.0.1 OK for:  want: 1.0.1
308 silly placeDep ROOT @types/scheduler@0.16.2 REPLACE for:  want: 0.16.2
309 silly placeDep ROOT @types/semver@7.3.9 OK for:  want: 7.3.9
310 silly placeDep ROOT @types/send@0.17.1 OK for:  want: 0.17.1
311 silly placeDep ROOT @types/serve-static@1.13.10 OK for:  want: 1.13.10
312 silly placeDep ROOT @types/signal-exit@3.0.1 OK for:  want: 3.0.1
313 silly placeDep ROOT @types/sparse-bitfield@3.0.1 OK for:  want: 3.0.1
314 silly placeDep ROOT @types/statuses@2.0.0 OK for:  want: 2.0.0
315 silly placeDep ROOT @types/supports-color@8.1.1 OK for:  want: 8.1.1
316 silly placeDep ROOT @types/to-regex-range@5.0.0 OK for:  want: 5.0.0
317 silly placeDep ROOT @types/touch@3.1.2 OK for:  want: 3.1.2
318 silly placeDep ROOT @types/type-is@1.6.3 OK for:  want: 1.6.3
319 silly placeDep ROOT @types/update-notifier@5.1.0 OK for:  want: 5.1.0
320 silly placeDep ROOT @types/url-parse-lax@5.0.0 OK for:  want: 5.0.0
321 silly placeDep ROOT @types/utils-merge@0.0.28 OK for:  want: 0.0.28
322 silly placeDep ROOT @types/vary@1.1.0 OK for:  want: 1.1.0
323 silly placeDep ROOT @types/webidl-conversions@6.1.1 OK for:  want: 6.1.1
324 silly placeDep ROOT @types/whatwg-url@8.2.1 OK for:  want: 8.2.1
325 silly placeDep ROOT @types/wrap-ansi@8.0.1 OK for:  want: 8.0.1
326 silly placeDep ROOT @types/write-file-atomic@4.0.0 OK for:  want: 4.0.0
327 silly placeDep ROOT @types/yallist@4.0.1 OK for:  want: 4.0.1
328 silly fetch manifest @types/tough-cookie@*
329 silly fetch manifest form-data@^2.5.0
330 silly fetch manifest ci-info@^3.1.0
331 silly fetch manifest @types/mime@^1
332 silly fetch manifest boxen@^4.2.0
333 http fetch GET 200 https://registry.npmjs.org/@types%2ftough-cookie 102ms (cache revalidated)
334 http fetch GET 200 https://registry.npmjs.org/form-data 108ms (cache miss)
335 http fetch GET 200 https://registry.npmjs.org/boxen 107ms (cache miss)
336 http fetch GET 200 https://registry.npmjs.org/ci-info 417ms (cache miss)
337 timing idealTree:#root Completed in 767ms
338 timing idealTree:node_modules/@types/abbrev Completed in 1ms
339 timing idealTree:node_modules/@types/accepts Completed in 0ms
340 timing idealTree:node_modules/@types/balanced-match Completed in 0ms
341 timing idealTree:node_modules/@types/body-parser Completed in 0ms
342 timing idealTree:node_modules/@types/brace-expansion Completed in 0ms
343 timing idealTree:node_modules/@types/braces Completed in 0ms
344 timing idealTree:node_modules/@types/bytes Completed in 0ms
345 timing idealTree:node_modules/@types/cacheable-request Completed in 0ms
346 timing idealTree:node_modules/@types/color-convert Completed in 0ms
347 timing idealTree:node_modules/@types/color-name Completed in 0ms
348 timing idealTree:node_modules/@types/concat-map Completed in 0ms
349 timing idealTree:node_modules/@types/configstore Completed in 0ms
350 timing idealTree:node_modules/@types/content-disposition Completed in 0ms
351 timing idealTree:node_modules/@types/content-type Completed in 0ms
352 timing idealTree:node_modules/@types/cookie Completed in 0ms
353 timing idealTree:node_modules/@types/cookie-signature Completed in 0ms
354 timing idealTree:node_modules/@types/cors Completed in 0ms
355 timing idealTree:node_modules/@types/debug Completed in 0ms
356 timing idealTree:node_modules/@types/deep-extend Completed in 0ms
357 timing idealTree:node_modules/@types/depd Completed in 0ms
358 timing idealTree:node_modules/@types/destroy Completed in 0ms
359 timing idealTree:node_modules/@types/duplexer3 Completed in 0ms
360 timing idealTree:node_modules/@types/ee-first Completed in 0ms
361 timing idealTree:node_modules/@types/encodeurl Completed in 0ms
362 timing idealTree:node_modules/@types/end-of-stream Completed in 0ms
363 timing idealTree:node_modules/@types/escape-html Completed in 0ms
364 timing idealTree:node_modules/@types/etag Completed in 0ms
365 timing idealTree:node_modules/@types/express Completed in 0ms
366 timing idealTree:node_modules/@types/fill-range Completed in 0ms
367 timing idealTree:node_modules/@types/finalhandler Completed in 0ms
368 timing idealTree:node_modules/@types/follow-redirects Completed in 0ms
369 timing idealTree:node_modules/@types/forwarded Completed in 0ms
370 timing idealTree:node_modules/@types/fresh Completed in 0ms
371 timing idealTree:node_modules/@types/glob-parent Completed in 0ms
372 silly placeDep ROOT @types/tough-cookie@4.0.1 OK for: @types/got@9.6.12 want: *
373 silly placeDep ROOT form-data@2.5.1 OK for: @types/got@9.6.12 want: ^2.5.0
374 silly fetch manifest asynckit@^0.4.0
375 silly fetch manifest combined-stream@^1.0.6
376 silly fetch manifest mime-types@^2.1.12
377 http fetch GET 200 https://registry.npmjs.org/asynckit 46ms (cache miss)
378 http fetch GET 200 https://registry.npmjs.org/combined-stream 48ms (cache miss)
379 http fetch GET 200 https://registry.npmjs.org/mime-types 47ms (cache miss)
380 timing idealTree:node_modules/@types/got Completed in 56ms
381 timing idealTree:node_modules/@types/graceful-fs Completed in 0ms
382 timing idealTree:node_modules/@types/http-cache-semantics Completed in 0ms
383 timing idealTree:node_modules/@types/http-errors Completed in 0ms
384 timing idealTree:node_modules/@types/imurmurhash Completed in 0ms
385 timing idealTree:node_modules/@types/inherits Completed in 1ms
386 timing idealTree:node_modules/@types/ini Completed in 0ms
387 silly placeDep ROOT ci-info@3.3.0 OK for: @types/is-ci@3.0.0 want: ^3.1.0
388 timing idealTree:node_modules/@types/is-ci Completed in 1ms
389 timing idealTree:node_modules/@types/is-glob Completed in 0ms
390 timing idealTree:node_modules/@types/is-number Completed in 0ms
391 timing idealTree:node_modules/@types/is-typedarray Completed in 0ms
392 timing idealTree:node_modules/@types/json-buffer Completed in 0ms
393 timing idealTree:node_modules/@types/keyv Completed in 0ms
394 timing idealTree:node_modules/@types/lru-cache Completed in 0ms
395 timing idealTree:node_modules/@types/media-typer Completed in 0ms
396 timing idealTree:node_modules/@types/memory-pager Completed in 0ms
397 timing idealTree:node_modules/@types/merge-descriptors Completed in 0ms
398 timing idealTree:node_modules/@types/methods Completed in 0ms
399 timing idealTree:node_modules/@types/mime Completed in 0ms
400 timing idealTree:node_modules/@types/mime-db Completed in 0ms
401 timing idealTree:node_modules/@types/mime-types Completed in 0ms
402 timing idealTree:node_modules/@types/minimatch Completed in 0ms
403 timing idealTree:node_modules/@types/minimist Completed in 0ms
404 timing idealTree:node_modules/@types/ms Completed in 0ms
405 timing idealTree:node_modules/@types/negotiator Completed in 0ms
406 timing idealTree:node_modules/@types/nodemon Completed in 0ms
407 timing idealTree:node_modules/@types/nopt Completed in 0ms
408 timing idealTree:node_modules/@types/normalize-path Completed in 0ms
409 timing idealTree:node_modules/@types/on-finished Completed in 0ms
410 timing idealTree:node_modules/@types/once Completed in 0ms
411 timing idealTree:node_modules/@types/parseurl Completed in 0ms
412 timing idealTree:node_modules/@types/picomatch Completed in 0ms
413 timing idealTree:node_modules/@types/proxy-addr Completed in 0ms
414 timing idealTree:node_modules/@types/pump Completed in 0ms
415 timing idealTree:node_modules/@types/punycode Completed in 0ms
416 timing idealTree:node_modules/@types/qs Completed in 0ms
417 timing idealTree:node_modules/@types/range-parser Completed in 0ms
418 timing idealTree:node_modules/@types/rc Completed in 0ms
419 timing idealTree:node_modules/@types/react-dom Completed in 0ms
420 timing idealTree:node_modules/@types/regenerator-runtime Completed in 0ms
421 timing idealTree:node_modules/@types/registry-auth-token Completed in 0ms
422 timing idealTree:node_modules/@types/responselike Completed in 0ms
423 timing idealTree:node_modules/@types/safer-buffer Completed in 0ms
424 timing idealTree:node_modules/@types/saslprep Completed in 0ms
425 timing idealTree:node_modules/@types/scheduler Completed in 0ms
426 timing idealTree:node_modules/@types/semver Completed in 0ms
427 silly placeDep node_modules/@types/send @types/mime@1.3.2 OK for: @types/send@0.17.1 want: ^1
428 timing idealTree:node_modules/@types/send Completed in 2ms
429 silly placeDep node_modules/@types/serve-static @types/mime@1.3.2 OK for: @types/serve-static@1.13.10 want: ^1
430 timing idealTree:node_modules/@types/serve-static Completed in 2ms
431 timing idealTree:node_modules/@types/signal-exit Completed in 0ms
432 timing idealTree:node_modules/@types/sparse-bitfield Completed in 0ms
433 timing idealTree:node_modules/@types/statuses Completed in 0ms
434 timing idealTree:node_modules/@types/supports-color Completed in 0ms
435 timing idealTree:node_modules/@types/to-regex-range Completed in 0ms
436 timing idealTree:node_modules/@types/touch Completed in 0ms
437 timing idealTree:node_modules/@types/tough-cookie Completed in 0ms
438 timing idealTree:node_modules/@types/type-is Completed in 0ms
439 silly placeDep ROOT boxen@4.2.0 OK for: @types/update-notifier@5.1.0 want: ^4.2.0
440 silly fetch manifest ansi-align@^3.0.0
441 silly fetch manifest camelcase@^5.3.1
442 silly fetch manifest chalk@^3.0.0
443 silly fetch manifest cli-boxes@^2.2.0
444 silly fetch manifest string-width@^4.1.0
445 silly fetch manifest term-size@^2.1.0
446 silly fetch manifest type-fest@^0.8.1
447 silly fetch manifest widest-line@^3.1.0
448 http fetch GET 200 https://registry.npmjs.org/chalk 159ms (cache revalidated)
449 http fetch GET 200 https://registry.npmjs.org/camelcase 163ms (cache miss)
450 http fetch GET 200 https://registry.npmjs.org/ansi-align 165ms (cache miss)
451 http fetch GET 200 https://registry.npmjs.org/term-size 156ms (cache miss)
452 http fetch GET 200 https://registry.npmjs.org/string-width 158ms (cache miss)
453 http fetch GET 200 https://registry.npmjs.org/widest-line 157ms (cache miss)
454 http fetch GET 200 https://registry.npmjs.org/cli-boxes 166ms (cache miss)
455 http fetch GET 200 https://registry.npmjs.org/type-fest 167ms (cache miss)
456 timing idealTree:node_modules/@types/update-notifier Completed in 195ms
457 timing idealTree:node_modules/@types/url-parse-lax Completed in 0ms
458 timing idealTree:node_modules/@types/utils-merge Completed in 0ms
459 timing idealTree:node_modules/@types/vary Completed in 0ms
460 timing idealTree:node_modules/@types/webidl-conversions Completed in 0ms
461 timing idealTree:node_modules/@types/whatwg-url Completed in 0ms
462 timing idealTree:node_modules/@types/wrap-ansi Completed in 0ms
463 timing idealTree:node_modules/@types/write-file-atomic Completed in 0ms
464 timing idealTree:node_modules/@types/yallist Completed in 0ms
465 silly placeDep ROOT ansi-align@3.0.1 OK for: boxen@4.2.0 want: ^3.0.0
466 silly placeDep ROOT camelcase@5.3.1 OK for: boxen@4.2.0 want: ^5.3.1
467 silly placeDep ROOT chalk@3.0.0 OK for: boxen@4.2.0 want: ^3.0.0
468 silly placeDep ROOT cli-boxes@2.2.1 OK for: boxen@4.2.0 want: ^2.2.0
469 silly placeDep ROOT string-width@4.2.3 OK for: boxen@4.2.0 want: ^4.1.0
470 silly placeDep ROOT term-size@2.2.1 OK for: boxen@4.2.0 want: ^2.1.0
471 silly placeDep ROOT type-fest@0.8.1 OK for: boxen@4.2.0 want: ^0.8.1
472 silly placeDep ROOT widest-line@3.1.0 OK for: boxen@4.2.0 want: ^3.1.0
473 silly fetch manifest ansi-styles@^4.1.0
474 silly fetch manifest supports-color@^7.1.0
475 silly fetch manifest emoji-regex@^8.0.0
476 silly fetch manifest is-fullwidth-code-point@^3.0.0
477 silly fetch manifest strip-ansi@^6.0.1
478 http fetch GET 200 https://registry.npmjs.org/ansi-styles 112ms (cache revalidated)
479 http fetch GET 200 https://registry.npmjs.org/supports-color 115ms (cache revalidated)
480 http fetch GET 200 https://registry.npmjs.org/emoji-regex 116ms (cache miss)
481 http fetch GET 200 https://registry.npmjs.org/is-fullwidth-code-point 116ms (cache miss)
482 http fetch GET 200 https://registry.npmjs.org/strip-ansi 115ms (cache miss)
483 timing idealTree:node_modules/boxen Completed in 312ms
484 timing idealTree:node_modules/ansi-align Completed in 0ms
485 timing idealTree:node_modules/camelcase Completed in 0ms
486 silly placeDep ROOT ansi-styles@4.3.0 OK for: chalk@3.0.0 want: ^4.1.0
487 silly placeDep ROOT supports-color@7.2.0 OK for: chalk@3.0.0 want: ^7.1.0
488 silly fetch manifest color-convert@^2.0.1
489 silly fetch manifest has-flag@^4.0.0
490 http fetch GET 200 https://registry.npmjs.org/has-flag 95ms (cache revalidated)
491 http fetch GET 200 https://registry.npmjs.org/color-convert 97ms (cache updated)
492 timing idealTree:node_modules/chalk Completed in 100ms
493 silly placeDep ROOT color-convert@2.0.1 OK for: ansi-styles@4.3.0 want: ^2.0.1
494 silly fetch manifest color-name@~1.1.4
495 http fetch GET 200 https://registry.npmjs.org/color-name 30ms (cache revalidated)
496 timing idealTree:node_modules/ansi-styles Completed in 33ms
497 timing idealTree:node_modules/ci-info Completed in 0ms
498 timing idealTree:node_modules/cli-boxes Completed in 0ms
499 silly placeDep ROOT color-name@1.1.4 OK for: color-convert@2.0.1 want: ~1.1.4
500 timing idealTree:node_modules/color-convert Completed in 1ms
501 timing idealTree:node_modules/color-name Completed in 0ms
502 silly placeDep ROOT asynckit@0.4.0 OK for: form-data@2.5.1 want: ^0.4.0
503 silly placeDep ROOT combined-stream@1.0.8 OK for: form-data@2.5.1 want: ^1.0.6
504 silly placeDep ROOT mime-types@2.1.34 OK for: form-data@2.5.1 want: ^2.1.12
505 silly fetch manifest delayed-stream@~1.0.0
506 silly fetch manifest mime-db@1.51.0
507 http fetch GET 200 https://registry.npmjs.org/mime-db 47ms (cache miss)
508 http fetch GET 200 https://registry.npmjs.org/delayed-stream 351ms (cache miss)
509 timing idealTree:node_modules/form-data Completed in 356ms
510 timing idealTree:node_modules/asynckit Completed in 0ms
511 silly placeDep ROOT delayed-stream@1.0.0 OK for: combined-stream@1.0.8 want: ~1.0.0
512 timing idealTree:node_modules/combined-stream Completed in 2ms
513 timing idealTree:node_modules/delayed-stream Completed in 0ms
514 silly placeDep ROOT mime-db@1.51.0 OK for: mime-types@2.1.34 want: 1.51.0
515 timing idealTree:node_modules/mime-types Completed in 1ms
516 timing idealTree:node_modules/mime-db Completed in 0ms
517 silly placeDep ROOT emoji-regex@8.0.0 OK for: string-width@4.2.3 want: ^8.0.0
518 silly placeDep ROOT is-fullwidth-code-point@3.0.0 OK for: string-width@4.2.3 want: ^3.0.0
519 silly placeDep ROOT strip-ansi@6.0.1 OK for: string-width@4.2.3 want: ^6.0.1
520 silly fetch manifest ansi-regex@^5.0.1
521 http fetch GET 200 https://registry.npmjs.org/ansi-regex 39ms (cache revalidated)
522 timing idealTree:node_modules/string-width Completed in 43ms
523 timing idealTree:node_modules/emoji-regex Completed in 0ms
524 timing idealTree:node_modules/is-fullwidth-code-point Completed in 0ms
525 silly placeDep ROOT ansi-regex@5.0.1 OK for: strip-ansi@6.0.1 want: ^5.0.1
526 timing idealTree:node_modules/strip-ansi Completed in 1ms
527 timing idealTree:node_modules/ansi-regex Completed in 0ms
528 silly placeDep ROOT has-flag@4.0.0 OK for: supports-color@7.2.0 want: ^4.0.0
529 timing idealTree:node_modules/supports-color Completed in 1ms
530 timing idealTree:node_modules/has-flag Completed in 0ms
531 timing idealTree:node_modules/term-size Completed in 0ms
532 timing idealTree:node_modules/type-fest Completed in 0ms
533 timing idealTree:node_modules/widest-line Completed in 0ms
534 timing idealTree:node_modules/@types/send/node_modules/@types/mime Completed in 0ms
535 timing idealTree:node_modules/@types/serve-static/node_modules/@types/mime Completed in 0ms
536 timing idealTree:buildDeps Completed in 1887ms
537 timing idealTree:fixDepFlags Completed in 1ms
538 timing idealTree Completed in 7375ms
539 timing reify:loadTrees Completed in 7376ms
540 timing reify:diffTrees Completed in 14ms
541 silly reify moves {}
542 timing reify:retireShallow Completed in 0ms
543 timing reify:createSparse Completed in 42ms
544 timing reify:loadBundles Completed in 0ms
545 silly audit bulk request {
545 silly audit   '@types/connect': [ '3.4.35' ],
545 silly audit   '@types/express-serve-static-core': [ '4.17.28' ],
545 silly audit   '@types/node': [ '17.0.15' ],
545 silly audit   '@types/object-assign': [ '4.0.30' ],
545 silly audit   '@types/prop-types': [ '15.7.4' ],
545 silly audit   '@types/react': [ '17.0.39' ],
545 silly audit   csstype: [ '3.0.10' ],
545 silly audit   'types-registry': [ '0.1.580' ],
545 silly audit   '@types/abbrev': [ '1.1.2' ],
545 silly audit   '@types/accepts': [ '1.3.5' ],
545 silly audit   '@types/balanced-match': [ '1.0.2' ],
545 silly audit   '@types/body-parser': [ '1.19.2' ],
545 silly audit   '@types/brace-expansion': [ '1.1.0' ],
545 silly audit   '@types/braces': [ '3.0.1' ],
545 silly audit   '@types/bytes': [ '3.1.1' ],
545 silly audit   '@types/cacheable-request': [ '6.0.2' ],
545 silly audit   '@types/color-convert': [ '2.0.0' ],
545 silly audit   '@types/color-name': [ '1.1.1' ],
545 silly audit   '@types/concat-map': [ '0.0.1' ],
545 silly audit   '@types/configstore': [ '5.0.1' ],
545 silly audit   '@types/content-disposition': [ '0.5.4' ],
545 silly audit   '@types/content-type': [ '1.1.5' ],
545 silly audit   '@types/cookie': [ '0.4.1' ],
545 silly audit   '@types/cookie-signature': [ '1.0.4' ],
545 silly audit   '@types/cors': [ '2.8.12' ],
545 silly audit   '@types/debug': [ '4.1.7' ],
545 silly audit   '@types/deep-extend': [ '0.4.32' ],
545 silly audit   '@types/depd': [ '1.1.32' ],
545 silly audit   '@types/destroy': [ '1.0.0' ],
545 silly audit   '@types/duplexer3': [ '0.1.1' ],
545 silly audit   '@types/ee-first': [ '1.1.0' ],
545 silly audit   '@types/encodeurl': [ '1.0.0' ],
545 silly audit   '@types/end-of-stream': [ '1.4.1' ],
545 silly audit   '@types/escape-html': [ '1.0.1' ],
545 silly audit   '@types/etag': [ '1.8.1' ],
545 silly audit   '@types/express': [ '4.17.13' ],
545 silly audit   '@types/fill-range': [ '7.0.0' ],
545 silly audit   '@types/finalhandler': [ '1.1.1' ],
545 silly audit   '@types/follow-redirects': [ '1.14.0' ],
545 silly audit   '@types/forwarded': [ '0.1.0' ],
545 silly audit   '@types/fresh': [ '0.5.0' ],
545 silly audit   '@types/glob-parent': [ '5.1.1' ],
545 silly audit   '@types/got': [ '9.6.12' ],
545 silly audit   '@types/graceful-fs': [ '4.1.5' ],
545 silly audit   '@types/http-cache-semantics': [ '4.0.1' ],
545 silly audit   '@types/http-errors': [ '1.8.2' ],
545 silly audit   '@types/imurmurhash': [ '0.1.1' ],
545 silly audit   '@types/inherits': [ '0.0.30' ],
545 silly audit   '@types/ini': [ '1.3.31' ],
545 silly audit   '@types/is-ci': [ '3.0.0' ],
545 silly audit   '@types/is-glob': [ '4.0.2' ],
545 silly audit   '@types/is-number': [ '7.0.2' ],
545 silly audit   '@types/is-typedarray': [ '1.0.0' ],
545 silly audit   '@types/json-buffer': [ '3.0.0' ],
545 silly audit   '@types/keyv': [ '3.1.3' ],
545 silly audit   '@types/lru-cache': [ '5.1.1' ],
545 silly audit   '@types/media-typer': [ '1.1.1' ],
545 silly audit   '@types/memory-pager': [ '1.4.0' ],
545 silly audit   '@types/merge-descriptors': [ '1.0.1' ],
545 silly audit   '@types/methods': [ '1.1.1' ],
545 silly audit   '@types/mime': [ '2.0.3', '1.3.2' ],
545 silly audit   '@types/mime-db': [ '1.43.1' ],
545 silly audit   '@types/mime-types': [ '2.1.1' ],
545 silly audit   '@types/minimatch': [ '3.0.5' ],
545 silly audit   '@types/minimist': [ '1.2.2' ],
545 silly audit   '@types/ms': [ '0.7.31' ],
545 silly audit   '@types/negotiator': [ '0.6.1' ],
545 silly audit   '@types/nodemon': [ '1.19.1' ],
545 silly audit   '@types/nopt': [ '3.0.29' ],
545 silly audit   '@types/normalize-path': [ '3.0.0' ],
545 silly audit   '@types/on-finished': [ '2.3.1' ],
545 silly audit   '@types/once': [ '1.4.0' ],
545 silly audit   '@types/parseurl': [ '1.3.1' ],
545 silly audit   '@types/picomatch': [ '2.3.0' ],
545 silly audit   '@types/proxy-addr': [ '2.0.0' ],
545 silly audit   '@types/pump': [ '1.1.1' ],
545 silly audit   '@types/punycode': [ '2.1.0' ],
545 silly audit   '@types/qs': [ '6.9.7' ],
545 silly audit   '@types/range-parser': [ '1.2.4' ],
545 silly audit   '@types/rc': [ '1.2.0' ],
545 silly audit   '@types/react-dom': [ '17.0.11' ],
545 silly audit   '@types/regenerator-runtime': [ '0.13.1' ],
545 silly audit   '@types/registry-auth-token': [ '4.2.1' ],
545 silly audit   '@types/responselike': [ '1.0.0' ],
545 silly audit   '@types/safer-buffer': [ '2.1.0' ],
545 silly audit   '@types/saslprep': [ '1.0.1' ],
545 silly audit   '@types/scheduler': [ '0.16.2' ],
545 silly audit   '@types/semver': [ '7.3.9' ],
545 silly audit   '@types/send': [ '0.17.1' ],
545 silly audit   '@types/serve-static': [ '1.13.10' ],
545 silly audit   '@types/signal-exit': [ '3.0.1' ],
545 silly audit   '@types/sparse-bitfield': [ '3.0.1' ],
545 silly audit   '@types/statuses': [ '2.0.0' ],
545 silly audit   '@types/supports-color': [ '8.1.1' ],
545 silly audit   '@types/to-regex-range': [ '5.0.0' ],
545 silly audit   '@types/touch': [ '3.1.2' ],
545 silly audit   '@types/type-is': [ '1.6.3' ],
545 silly audit   '@types/update-notifier': [ '5.1.0' ],
545 silly audit   '@types/url-parse-lax': [ '5.0.0' ],
545 silly audit   '@types/utils-merge': [ '0.0.28' ],
545 silly audit   '@types/vary': [ '1.1.0' ],
545 silly audit   '@types/webidl-conversions': [ '6.1.1' ],
545 silly audit   '@types/whatwg-url': [ '8.2.1' ],
545 silly audit   '@types/wrap-ansi': [ '8.0.1' ],
545 silly audit   '@types/write-file-atomic': [ '4.0.0' ],
545 silly audit   '@types/yallist': [ '4.0.1' ],
545 silly audit   '@types/tough-cookie': [ '4.0.1' ],
545 silly audit   'form-data': [ '2.5.1' ],
545 silly audit   'ci-info': [ '3.3.0' ],
545 silly audit   boxen: [ '4.2.0' ],
545 silly audit   'ansi-align': [ '3.0.1' ],
545 silly audit   camelcase: [ '5.3.1' ],
545 silly audit   chalk: [ '3.0.0' ],
545 silly audit   'cli-boxes': [ '2.2.1' ],
545 silly audit   'string-width': [ '4.2.3' ],
545 silly audit   'term-size': [ '2.2.1' ],
545 silly audit   'type-fest': [ '0.8.1' ],
545 silly audit   'widest-line': [ '3.1.0' ],
545 silly audit   'ansi-styles': [ '4.3.0' ],
545 silly audit   'supports-color': [ '7.2.0' ],
545 silly audit   'color-convert': [ '2.0.1' ],
545 silly audit   'color-name': [ '1.1.4' ],
545 silly audit   asynckit: [ '0.4.0' ],
545 silly audit   'combined-stream': [ '1.0.8' ],
545 silly audit   'mime-types': [ '2.1.34' ],
545 silly audit   'delayed-stream': [ '1.0.0' ],
545 silly audit   'mime-db': [ '1.51.0' ],
545 silly audit   'emoji-regex': [ '8.0.0' ],
545 silly audit   'is-fullwidth-code-point': [ '3.0.0' ],
545 silly audit   'strip-ansi': [ '6.0.1' ],
545 silly audit   'ansi-regex': [ '5.0.1' ],
545 silly audit   'has-flag': [ '4.0.0' ]
545 silly audit }
546 silly tarball no local data for strip-ansi@https://registry.npmjs.org/strip-ansi/-/strip-ansi-6.0.1.tgz. Extracting by manifest.
547 silly tarball no local data for is-fullwidth-code-point@https://registry.npmjs.org/is-fullwidth-code-point/-/is-fullwidth-code-point-3.0.0.tgz. Extracting by manifest.
548 silly tarball no local data for mime-db@https://registry.npmjs.org/mime-db/-/mime-db-1.51.0.tgz. Extracting by manifest.
549 silly tarball no local data for emoji-regex@https://registry.npmjs.org/emoji-regex/-/emoji-regex-8.0.0.tgz. Extracting by manifest.
550 silly tarball no local data for delayed-stream@https://registry.npmjs.org/delayed-stream/-/delayed-stream-1.0.0.tgz. Extracting by manifest.
551 silly tarball no local data for mime-types@https://registry.npmjs.org/mime-types/-/mime-types-2.1.34.tgz. Extracting by manifest.
552 silly tarball no local data for combined-stream@https://registry.npmjs.org/combined-stream/-/combined-stream-1.0.8.tgz. Extracting by manifest.
553 silly tarball no local data for asynckit@https://registry.npmjs.org/asynckit/-/asynckit-0.4.0.tgz. Extracting by manifest.
554 silly tarball no local data for color-convert@https://registry.npmjs.org/color-convert/-/color-convert-2.0.1.tgz. Extracting by manifest.
555 silly tarball no local data for widest-line@https://registry.npmjs.org/widest-line/-/widest-line-3.1.0.tgz. Extracting by manifest.
556 silly tarball no local data for type-fest@https://registry.npmjs.org/type-fest/-/type-fest-0.8.1.tgz. Extracting by manifest.
557 silly tarball no local data for term-size@https://registry.npmjs.org/term-size/-/term-size-2.2.1.tgz. Extracting by manifest.
558 silly tarball no local data for string-width@https://registry.npmjs.org/string-width/-/string-width-4.2.3.tgz. Extracting by manifest.
559 silly tarball no local data for cli-boxes@https://registry.npmjs.org/cli-boxes/-/cli-boxes-2.2.1.tgz. Extracting by manifest.
560 silly tarball no local data for chalk@https://registry.npmjs.org/chalk/-/chalk-3.0.0.tgz. Extracting by manifest.
561 silly tarball no local data for camelcase@https://registry.npmjs.org/camelcase/-/camelcase-5.3.1.tgz. Extracting by manifest.
562 silly tarball no local data for ansi-align@https://registry.npmjs.org/ansi-align/-/ansi-align-3.0.1.tgz. Extracting by manifest.
563 silly tarball no local data for boxen@https://registry.npmjs.org/boxen/-/boxen-4.2.0.tgz. Extracting by manifest.
564 silly tarball no local data for ci-info@https://registry.npmjs.org/ci-info/-/ci-info-3.3.0.tgz. Extracting by manifest.
565 silly tarball no local data for form-data@https://registry.npmjs.org/form-data/-/form-data-2.5.1.tgz. Extracting by manifest.
566 silly tarball no local data for @types/write-file-atomic@https://registry.npmjs.org/@types/write-file-atomic/-/write-file-atomic-4.0.0.tgz. Extracting by manifest.
567 silly tarball no local data for @types/url-parse-lax@https://registry.npmjs.org/@types/url-parse-lax/-/url-parse-lax-5.0.0.tgz. Extracting by manifest.
568 silly tarball no local data for @types/update-notifier@https://registry.npmjs.org/@types/update-notifier/-/update-notifier-5.1.0.tgz. Extracting by manifest.
569 silly tarball no local data for @types/touch@https://registry.npmjs.org/@types/touch/-/touch-3.1.2.tgz. Extracting by manifest.
570 silly tarball no local data for @types/sparse-bitfield@https://registry.npmjs.org/@types/sparse-bitfield/-/sparse-bitfield-3.0.1.tgz. Extracting by manifest.
571 silly tarball no local data for @types/saslprep@https://registry.npmjs.org/@types/saslprep/-/saslprep-1.0.1.tgz. Extracting by manifest.
572 silly tarball no local data for @types/responselike@https://registry.npmjs.org/@types/responselike/-/responselike-1.0.0.tgz. Extracting by manifest.
573 silly tarball no local data for @types/registry-auth-token@https://registry.npmjs.org/@types/registry-auth-token/-/registry-auth-token-4.2.1.tgz. Extracting by manifest.
574 silly tarball no local data for @types/pump@https://registry.npmjs.org/@types/pump/-/pump-1.1.1.tgz. Extracting by manifest.
575 silly tarball no local data for @types/rc@https://registry.npmjs.org/@types/rc/-/rc-1.2.0.tgz. Extracting by manifest.
576 silly tarball no local data for @types/nopt@https://registry.npmjs.org/@types/nopt/-/nopt-3.0.29.tgz. Extracting by manifest.
577 silly tarball no local data for @types/nodemon@https://registry.npmjs.org/@types/nodemon/-/nodemon-1.19.1.tgz. Extracting by manifest.
578 silly tarball no local data for @types/memory-pager@https://registry.npmjs.org/@types/memory-pager/-/memory-pager-1.4.0.tgz. Extracting by manifest.
579 silly tarball no local data for @types/json-buffer@https://registry.npmjs.org/@types/json-buffer/-/json-buffer-3.0.0.tgz. Extracting by manifest.
580 silly tarball no local data for @types/keyv@https://registry.npmjs.org/@types/keyv/-/keyv-3.1.3.tgz. Extracting by manifest.
581 silly tarball no local data for @types/is-ci@https://registry.npmjs.org/@types/is-ci/-/is-ci-3.0.0.tgz. Extracting by manifest.
582 silly tarball no local data for @types/http-cache-semantics@https://registry.npmjs.org/@types/http-cache-semantics/-/http-cache-semantics-4.0.1.tgz. Extracting by manifest.
583 silly tarball no local data for @types/got@https://registry.npmjs.org/@types/got/-/got-9.6.12.tgz. Extracting by manifest.
584 silly tarball no local data for @types/end-of-stream@https://registry.npmjs.org/@types/end-of-stream/-/end-of-stream-1.4.1.tgz. Extracting by manifest.
585 silly tarball no local data for @types/duplexer3@https://registry.npmjs.org/@types/duplexer3/-/duplexer3-0.1.1.tgz. Extracting by manifest.
586 silly tarball no local data for @types/deep-extend@https://registry.npmjs.org/@types/deep-extend/-/deep-extend-0.4.32.tgz. Extracting by manifest.
587 silly tarball no local data for @types/cors@https://registry.npmjs.org/@types/cors/-/cors-2.8.12.tgz. Extracting by manifest.
588 silly tarball no local data for @types/configstore@https://registry.npmjs.org/@types/configstore/-/configstore-5.0.1.tgz. Extracting by manifest.
589 silly tarball no local data for @types/cacheable-request@https://registry.npmjs.org/@types/cacheable-request/-/cacheable-request-6.0.2.tgz. Extracting by manifest.
590 silly tarball no local data for @types/balanced-match@https://registry.npmjs.org/@types/balanced-match/-/balanced-match-1.0.2.tgz. Extracting by manifest.
591 silly tarball no local data for @types/abbrev@https://registry.npmjs.org/@types/abbrev/-/abbrev-1.1.2.tgz. Extracting by manifest.
592 http fetch POST 200 https://registry.npmjs.org/-/npm/v1/security/advisories/bulk 1501ms
593 timing auditReport:getReport Completed in 1504ms
594 silly audit report {}
595 timing auditReport:init Completed in 0ms
596 timing reify:audit Completed in 1505ms
597 timing reifyNode:node_modules/@types/parseurl Completed in 2658ms
598 timing reifyNode:node_modules/color-name Completed in 2704ms
599 timing reifyNode:node_modules/@types/wrap-ansi Completed in 2704ms
600 timing reifyNode:node_modules/@types/tough-cookie Completed in 2704ms
601 timing reifyNode:node_modules/@types/yallist Completed in 2704ms
602 timing reifyNode:node_modules/@types/webidl-conversions Completed in 2704ms
603 timing reifyNode:node_modules/@types/utils-merge Completed in 2704ms
604 timing reifyNode:node_modules/@types/vary Completed in 2704ms
605 timing reifyNode:node_modules/@types/supports-color Completed in 2704ms
606 timing reifyNode:node_modules/@types/type-is Completed in 2705ms
607 timing reifyNode:node_modules/@types/to-regex-range Completed in 2704ms
608 timing reifyNode:node_modules/@types/statuses Completed in 2704ms
609 timing reifyNode:node_modules/@types/send Completed in 2704ms
610 timing reifyNode:node_modules/@types/signal-exit Completed in 2704ms
611 timing reifyNode:node_modules/@types/serve-static Completed in 2704ms
612 timing reifyNode:node_modules/@types/safer-buffer Completed in 2704ms
613 timing reifyNode:node_modules/@types/punycode Completed in 2705ms
614 timing reifyNode:node_modules/@types/regenerator-runtime Completed in 2705ms
615 timing reifyNode:node_modules/@types/proxy-addr Completed in 2705ms
616 timing reifyNode:node_modules/@types/once Completed in 2706ms
617 timing reifyNode:node_modules/@types/on-finished Completed in 2705ms
618 timing reifyNode:node_modules/@types/normalize-path Completed in 2705ms
619 timing reifyNode:node_modules/@types/minimist Completed in 2705ms
620 timing reifyNode:node_modules/@types/negotiator Completed in 2705ms
621 timing reifyNode:node_modules/@types/ms Completed in 2706ms
622 timing reifyNode:node_modules/@types/mime-types Completed in 2706ms
623 timing reifyNode:node_modules/@types/minimatch Completed in 2706ms
624 timing reifyNode:node_modules/@types/mime-db Completed in 2707ms
625 timing reifyNode:node_modules/@types/methods Completed in 2707ms
626 timing reifyNode:node_modules/@types/merge-descriptors Completed in 2707ms
627 timing reifyNode:node_modules/@types/media-typer Completed in 2707ms
628 timing reifyNode:node_modules/@types/lru-cache Completed in 2707ms
629 timing reifyNode:node_modules/@types/is-typedarray Completed in 2707ms
630 timing reifyNode:node_modules/@types/is-number Completed in 2707ms
631 timing reifyNode:node_modules/@types/is-glob Completed in 2706ms
632 timing reifyNode:node_modules/@types/inherits Completed in 2707ms
633 timing reifyNode:node_modules/@types/ini Completed in 2707ms
634 timing reifyNode:node_modules/@types/http-errors Completed in 2707ms
635 timing reifyNode:node_modules/@types/forwarded Completed in 2707ms
636 timing reifyNode:node_modules/@types/imurmurhash Completed in 2707ms
637 timing reifyNode:node_modules/@types/graceful-fs Completed in 2707ms
638 timing reifyNode:node_modules/@types/finalhandler Completed in 2707ms
639 timing reifyNode:node_modules/@types/glob-parent Completed in 2707ms
640 timing reifyNode:node_modules/@types/fresh Completed in 2707ms
641 timing reifyNode:node_modules/@types/fill-range Completed in 2707ms
642 timing reifyNode:node_modules/@types/ee-first Completed in 2707ms
643 timing reifyNode:node_modules/@types/destroy Completed in 2707ms
644 timing reifyNode:node_modules/@types/encodeurl Completed in 2707ms
645 timing reifyNode:node_modules/@types/cookie-signature Completed in 2706ms
646 timing reifyNode:node_modules/@types/depd Completed in 2707ms
647 timing reifyNode:node_modules/@types/escape-html Completed in 2707ms
648 timing reifyNode:node_modules/@types/debug Completed in 2706ms
649 timing reifyNode:node_modules/@types/cookie Completed in 2706ms
650 timing reifyNode:node_modules/@types/content-type Completed in 2706ms
651 timing reifyNode:node_modules/@types/color-name Completed in 2706ms
652 timing reifyNode:node_modules/@types/etag Completed in 2708ms
653 timing reifyNode:node_modules/@types/content-disposition Completed in 2707ms
654 timing reifyNode:node_modules/@types/bytes Completed in 2706ms
655 timing reifyNode:node_modules/@types/braces Completed in 2706ms
656 timing reifyNode:node_modules/@types/concat-map Completed in 2706ms
657 timing reifyNode:node_modules/@types/accepts Completed in 2706ms
658 timing reifyNode:node_modules/@types/brace-expansion Completed in 2706ms
659 timing reifyNode:node_modules/@types/body-parser Completed in 2707ms
660 timing reifyNode:node_modules/has-flag Completed in 2778ms
661 timing reifyNode:node_modules/ansi-regex Completed in 2778ms
662 timing reifyNode:node_modules/supports-color Completed in 2777ms
663 timing reifyNode:node_modules/ansi-styles Completed in 2838ms
664 timing reifyNode:node_modules/@types/mime Completed in 2835ms
665 timing reifyNode:node_modules/@types/follow-redirects Completed in 2834ms
666 timing reifyNode:node_modules/@types/serve-static/node_modules/@types/mime Completed in 2867ms
667 timing reifyNode:node_modules/@types/send/node_modules/@types/mime Completed in 2867ms
668 timing reifyNode:node_modules/@types/express Completed in 2867ms
669 timing reifyNode:node_modules/@types/color-convert Completed in 2864ms
670 timing reifyNode:node_modules/@types/picomatch Completed in 3031ms
671 timing reifyNode:node_modules/@types/react-dom Completed in 3063ms
672 http fetch GET 200 https://registry.npmjs.org/strip-ansi/-/strip-ansi-6.0.1.tgz 2897ms (cache miss)
673 timing reifyNode:node_modules/strip-ansi Completed in 3080ms
674 http fetch GET 200 https://registry.npmjs.org/ansi-align/-/ansi-align-3.0.1.tgz 2759ms (cache miss)
675 timing reifyNode:node_modules/ansi-align Completed in 3100ms
676 warn tarball tarball data for @types/balanced-match@https://registry.npmjs.org/@types/balanced-match/-/balanced-match-1.0.2.tgz (sha512-KgomuqUNYgN+Sibk22j7HB6vo8gziGz/k3Y8RkauF2duMZfMeIkyUKARef2eIIQuXGrkbIvcOfY5DNF/nQrDZQ==) seems to be corrupted. Trying again.
677 http fetch GET 200 https://registry.npmjs.org/delayed-stream/-/delayed-stream-1.0.0.tgz 2915ms (cache miss)
678 timing reifyNode:node_modules/delayed-stream Completed in 3120ms
679 http fetch GET 200 https://registry.npmjs.org/@types/url-parse-lax/-/url-parse-lax-5.0.0.tgz 2625ms (cache miss)
680 timing reifyNode:node_modules/@types/url-parse-lax Completed in 3129ms
681 http fetch GET 200 https://registry.npmjs.org/@types/update-notifier/-/update-notifier-5.1.0.tgz 2629ms (cache miss)
682 timing reifyNode:node_modules/@types/update-notifier Completed in 3135ms
683 http fetch GET 200 https://registry.npmjs.org/@types/sparse-bitfield/-/sparse-bitfield-3.0.1.tgz 2637ms (cache miss)
684 timing reifyNode:node_modules/@types/sparse-bitfield Completed in 3149ms
685 http fetch GET 200 https://registry.npmjs.org/string-width/-/string-width-4.2.3.tgz 2951ms (cache miss)
686 timing reifyNode:node_modules/string-width Completed in 3245ms
687 http fetch GET 200 https://registry.npmjs.org/@types/is-ci/-/is-ci-3.0.0.tgz 2570ms (cache miss)
688 timing reifyNode:node_modules/@types/is-ci Completed in 3245ms
689 http fetch GET 200 https://registry.npmjs.org/@types/memory-pager/-/memory-pager-1.4.0.tgz 2593ms (cache miss)
690 timing reifyNode:node_modules/@types/memory-pager Completed in 3257ms
691 http fetch GET 200 https://registry.npmjs.org/@types/json-buffer/-/json-buffer-3.0.0.tgz 2603ms (cache miss)
692 timing reifyNode:node_modules/@types/json-buffer Completed in 3272ms
693 http fetch GET 200 https://registry.npmjs.org/widest-line/-/widest-line-3.1.0.tgz 3145ms (cache miss)
694 timing reifyNode:node_modules/widest-line Completed in 3413ms
695 http fetch GET 200 https://registry.npmjs.org/is-fullwidth-code-point/-/is-fullwidth-code-point-3.0.0.tgz 3318ms (cache miss)
696 timing reifyNode:node_modules/is-fullwidth-code-point Completed in 3505ms
697 http fetch GET 200 https://registry.npmjs.org/@types/write-file-atomic/-/write-file-atomic-4.0.0.tgz 3011ms (cache miss)
698 timing reifyNode:node_modules/@types/write-file-atomic Completed in 3511ms
699 http fetch GET 200 https://registry.npmjs.org/@types/end-of-stream/-/end-of-stream-1.4.1.tgz 2787ms (cache miss)
700 timing reifyNode:node_modules/@types/end-of-stream Completed in 3526ms
701 http fetch GET 200 https://registry.npmjs.org/@types/cacheable-request/-/cacheable-request-6.0.2.tgz 2753ms (cache miss)
702 timing reifyNode:node_modules/@types/cacheable-request Completed in 3578ms
703 http fetch GET 200 https://registry.npmjs.org/camelcase/-/camelcase-5.3.1.tgz 3316ms (cache miss)
704 timing reifyNode:node_modules/camelcase Completed in 3651ms
705 http fetch GET 200 https://registry.npmjs.org/@types/pump/-/pump-1.1.1.tgz 3068ms (cache miss)
706 timing reifyNode:node_modules/@types/pump Completed in 3654ms
707 http fetch GET 200 https://registry.npmjs.org/@types/nopt/-/nopt-3.0.29.tgz 3058ms (cache miss)
708 timing reifyNode:node_modules/@types/nopt Completed in 3659ms
709 http fetch GET 200 https://registry.npmjs.org/@types/duplexer3/-/duplexer3-0.1.1.tgz 2939ms (cache miss)
710 timing reifyNode:node_modules/@types/duplexer3 Completed in 3681ms
711 http fetch GET 200 https://registry.npmjs.org/@types/registry-auth-token/-/registry-auth-token-4.2.1.tgz 3119ms (cache miss)
712 timing reifyNode:node_modules/@types/registry-auth-token Completed in 3701ms
713 http fetch GET 200 https://registry.npmjs.org/chalk/-/chalk-3.0.0.tgz 3484ms (cache miss)
714 timing reifyNode:node_modules/chalk Completed in 3783ms
715 http fetch GET 200 https://registry.npmjs.org/form-data/-/form-data-2.5.1.tgz 3311ms (cache miss)
716 timing reifyNode:node_modules/form-data Completed in 3806ms
717 http fetch GET 200 https://registry.npmjs.org/combined-stream/-/combined-stream-1.0.8.tgz 3581ms (cache miss)
718 timing reifyNode:node_modules/combined-stream Completed in 3820ms
719 http fetch GET 200 https://registry.npmjs.org/cli-boxes/-/cli-boxes-2.2.1.tgz 3529ms (cache miss)
720 timing reifyNode:node_modules/cli-boxes Completed in 3825ms
721 http fetch GET 200 https://registry.npmjs.org/@types/rc/-/rc-1.2.0.tgz 3238ms (cache miss)
722 timing reifyNode:node_modules/@types/rc Completed in 3836ms
723 http fetch GET 200 https://registry.npmjs.org/@types/touch/-/touch-3.1.2.tgz 3330ms (cache miss)
724 timing reifyNode:node_modules/@types/touch Completed in 3840ms
725 http fetch GET 200 https://registry.npmjs.org/@types/saslprep/-/saslprep-1.0.1.tgz 3277ms (cache miss)
726 timing reifyNode:node_modules/@types/saslprep Completed in 3845ms
727 http fetch GET 200 https://registry.npmjs.org/@types/nodemon/-/nodemon-1.19.1.tgz 3240ms (cache miss)
728 timing reifyNode:node_modules/@types/nodemon Completed in 3847ms
729 http fetch GET 200 https://registry.npmjs.org/@types/responselike/-/responselike-1.0.0.tgz 3281ms (cache miss)
730 timing reifyNode:node_modules/@types/responselike Completed in 3852ms
731 http fetch GET 200 https://registry.npmjs.org/@types/keyv/-/keyv-3.1.3.tgz 3196ms (cache miss)
732 timing reifyNode:node_modules/@types/keyv Completed in 3867ms
733 http fetch GET 200 https://registry.npmjs.org/mime-types/-/mime-types-2.1.34.tgz 3656ms (cache miss)
734 timing reifyNode:node_modules/mime-types Completed in 3875ms
735 timing reifyNode:node_modules/@types/whatwg-url Completed in 3878ms
736 http fetch GET 200 https://registry.npmjs.org/emoji-regex/-/emoji-regex-8.0.0.tgz 3686ms (cache miss)
737 timing reifyNode:node_modules/emoji-regex Completed in 4052ms
738 http fetch GET 200 https://registry.npmjs.org/ci-info/-/ci-info-3.3.0.tgz 3692ms (cache miss)
739 timing reifyNode:node_modules/ci-info Completed in 4054ms
740 http fetch GET 200 https://registry.npmjs.org/@types/http-cache-semantics/-/http-cache-semantics-4.0.1.tgz 3373ms (cache miss)
741 timing reifyNode:node_modules/@types/http-cache-semantics Completed in 4064ms
742 http fetch GET 200 https://registry.npmjs.org/boxen/-/boxen-4.2.0.tgz 3712ms (cache miss)
743 timing reifyNode:node_modules/boxen Completed in 4071ms
744 http fetch GET 200 https://registry.npmjs.org/@types/configstore/-/configstore-5.0.1.tgz 3285ms (cache miss)
745 timing reifyNode:node_modules/@types/configstore Completed in 4072ms
746 http fetch GET 200 https://registry.npmjs.org/@types/got/-/got-9.6.12.tgz 3382ms (cache miss)
747 timing reifyNode:node_modules/@types/got Completed in 4078ms
748 http fetch GET 200 https://registry.npmjs.org/color-convert/-/color-convert-2.0.1.tgz 3838ms (cache miss)
749 timing reifyNode:node_modules/color-convert Completed in 4086ms
750 http fetch GET 200 https://registry.npmjs.org/@types/abbrev/-/abbrev-1.1.2.tgz 3261ms (cache miss)
751 timing reifyNode:node_modules/@types/abbrev Completed in 4087ms
752 http fetch GET 200 https://registry.npmjs.org/@types/deep-extend/-/deep-extend-0.4.32.tgz 3346ms (cache miss)
753 timing reifyNode:node_modules/@types/deep-extend Completed in 4093ms
754 http fetch GET 200 https://registry.npmjs.org/@types/cors/-/cors-2.8.12.tgz 3315ms (cache miss)
755 timing reifyNode:node_modules/@types/cors Completed in 4095ms
756 http fetch GET 200 https://registry.npmjs.org/mime-db/-/mime-db-1.51.0.tgz 3932ms (cache miss)
757 timing reifyNode:node_modules/mime-db Completed in 4127ms
758 http fetch GET 200 https://registry.npmjs.org/term-size/-/term-size-2.2.1.tgz 3843ms (cache miss)
759 timing reifyNode:node_modules/term-size Completed in 4132ms
760 http fetch GET 200 https://registry.npmjs.org/@types/balanced-match/-/balanced-match-1.0.2.tgz 1017ms (cache miss)
761 timing reifyNode:node_modules/@types/balanced-match Completed in 4133ms
762 http fetch GET 200 https://registry.npmjs.org/asynckit/-/asynckit-0.4.0.tgz 3903ms (cache miss)
763 timing reifyNode:node_modules/asynckit Completed in 4148ms
764 timing reifyNode:node_modules/@types/semver Completed in 4153ms
765 http fetch GET 200 https://registry.npmjs.org/type-fest/-/type-fest-0.8.1.tgz 3872ms (cache miss)
766 timing reifyNode:node_modules/type-fest Completed in 4158ms
767 timing reify:unpack Completed in 4159ms
768 timing reify:unretire Completed in 121ms
769 timing build:queue Completed in 8ms
770 timing build:deps Completed in 8ms
771 timing build Completed in 8ms
772 timing reify:build Completed in 9ms
773 timing reify:trash Completed in 0ms
774 timing reify:save Completed in 216ms
775 timing reify Completed in 11968ms
776 silly ADD node_modules/has-flag
777 silly ADD node_modules/ansi-regex
778 silly ADD node_modules/strip-ansi
779 silly ADD node_modules/is-fullwidth-code-point
780 silly ADD node_modules/emoji-regex
781 silly ADD node_modules/mime-db
782 silly ADD node_modules/delayed-stream
783 silly ADD node_modules/mime-types
784 silly ADD node_modules/combined-stream
785 silly ADD node_modules/asynckit
786 silly ADD node_modules/color-name
787 silly ADD node_modules/color-convert
788 silly ADD node_modules/supports-color
789 silly ADD node_modules/ansi-styles
790 silly ADD node_modules/widest-line
791 silly ADD node_modules/type-fest
792 silly ADD node_modules/term-size
793 silly ADD node_modules/string-width
794 silly ADD node_modules/cli-boxes
795 silly ADD node_modules/chalk
796 silly ADD node_modules/camelcase
797 silly ADD node_modules/ansi-align
798 silly ADD node_modules/boxen
799 silly ADD node_modules/ci-info
800 silly ADD node_modules/form-data
801 silly ADD node_modules/@types/tough-cookie
802 silly ADD node_modules/@types/yallist
803 silly ADD node_modules/@types/write-file-atomic
804 silly ADD node_modules/@types/wrap-ansi
805 silly ADD node_modules/@types/whatwg-url
806 silly ADD node_modules/@types/webidl-conversions
807 silly ADD node_modules/@types/vary
808 silly ADD node_modules/@types/utils-merge
809 silly ADD node_modules/@types/url-parse-lax
810 silly ADD node_modules/@types/update-notifier
811 silly ADD node_modules/@types/type-is
812 silly ADD node_modules/@types/touch
813 silly ADD node_modules/@types/to-regex-range
814 silly ADD node_modules/@types/supports-color
815 silly ADD node_modules/@types/statuses
816 silly ADD node_modules/@types/sparse-bitfield
817 silly ADD node_modules/@types/signal-exit
818 silly ADD node_modules/@types/serve-static
819 silly ADD node_modules/@types/serve-static/node_modules/@types/mime
820 silly ADD node_modules/@types/send
821 silly ADD node_modules/@types/send/node_modules/@types/mime
822 silly ADD node_modules/@types/semver
823 silly ADD node_modules/@types/saslprep
824 silly ADD node_modules/@types/safer-buffer
825 silly ADD node_modules/@types/responselike
826 silly ADD node_modules/@types/registry-auth-token
827 silly ADD node_modules/@types/regenerator-runtime
828 silly ADD node_modules/@types/react-dom
829 silly ADD node_modules/@types/rc
830 silly ADD node_modules/@types/punycode
831 silly ADD node_modules/@types/pump
832 silly ADD node_modules/@types/proxy-addr
833 silly ADD node_modules/@types/picomatch
834 silly ADD node_modules/@types/parseurl
835 silly ADD node_modules/@types/once
836 silly ADD node_modules/@types/on-finished
837 silly ADD node_modules/@types/normalize-path
838 silly ADD node_modules/@types/nopt
839 silly ADD node_modules/@types/nodemon
840 silly ADD node_modules/@types/negotiator
841 silly ADD node_modules/@types/ms
842 silly ADD node_modules/@types/minimist
843 silly ADD node_modules/@types/minimatch
844 silly ADD node_modules/@types/mime-types
845 silly ADD node_modules/@types/mime-db
846 silly ADD node_modules/@types/mime
847 silly ADD node_modules/@types/methods
848 silly ADD node_modules/@types/merge-descriptors
849 silly ADD node_modules/@types/memory-pager
850 silly ADD node_modules/@types/media-typer
851 silly ADD node_modules/@types/lru-cache
852 silly ADD node_modules/@types/keyv
853 silly ADD node_modules/@types/json-buffer
854 silly ADD node_modules/@types/is-typedarray
855 silly ADD node_modules/@types/is-number
856 silly ADD node_modules/@types/is-glob
857 silly ADD node_modules/@types/is-ci
858 silly ADD node_modules/@types/ini
859 silly ADD node_modules/@types/inherits
860 silly ADD node_modules/@types/imurmurhash
861 silly ADD node_modules/@types/http-errors
862 silly ADD node_modules/@types/http-cache-semantics
863 silly ADD node_modules/@types/graceful-fs
864 silly ADD node_modules/@types/got
865 silly ADD node_modules/@types/glob-parent
866 silly ADD node_modules/@types/fresh
867 silly ADD node_modules/@types/forwarded
868 silly ADD node_modules/@types/follow-redirects
869 silly ADD node_modules/@types/finalhandler
870 silly ADD node_modules/@types/fill-range
871 silly ADD node_modules/@types/express
872 silly ADD node_modules/@types/etag
873 silly ADD node_modules/@types/escape-html
874 silly ADD node_modules/@types/end-of-stream
875 silly ADD node_modules/@types/encodeurl
876 silly ADD node_modules/@types/ee-first
877 silly ADD node_modules/@types/duplexer3
878 silly ADD node_modules/@types/destroy
879 silly ADD node_modules/@types/depd
880 silly ADD node_modules/@types/deep-extend
881 silly ADD node_modules/@types/debug
882 silly ADD node_modules/@types/cors
883 silly ADD node_modules/@types/cookie-signature
884 silly ADD node_modules/@types/cookie
885 silly ADD node_modules/@types/content-type
886 silly ADD node_modules/@types/content-disposition
887 silly ADD node_modules/@types/configstore
888 silly ADD node_modules/@types/concat-map
889 silly ADD node_modules/@types/color-name
890 silly ADD node_modules/@types/color-convert
891 silly ADD node_modules/@types/cacheable-request
892 silly ADD node_modules/@types/bytes
893 silly ADD node_modules/@types/braces
894 silly ADD node_modules/@types/brace-expansion
895 silly ADD node_modules/@types/body-parser
896 silly ADD node_modules/@types/balanced-match
897 silly ADD node_modules/@types/accepts
898 silly ADD node_modules/@types/abbrev
899 timing command:install Completed in 11977ms
900 verbose exit 0
901 timing npm Completed in 13827ms
902 info ok
