0 verbose cli [
0 verbose cli   '/usr/local/bin/node',
0 verbose cli   '/usr/local/bin/npm',
0 verbose cli   'install',
0 verbose cli   '--save',
0 verbose cli   '@fortawesome/free-solid-svg-icons'
0 verbose cli ]
1 info using npm@8.4.1
2 info using node@v17.4.0
3 timing npm:load:whichnode Completed in 1ms
4 timing config:load:defaults Completed in 3ms
5 timing config:load:file:/usr/local/lib/node_modules/npm/npmrc Completed in 18ms
6 timing config:load:builtin Completed in 19ms
7 timing config:load:cli Completed in 2ms
8 timing config:load:env Completed in 1ms
9 timing config:load:file:/Users/josuedavid/Documents/react/.npmrc Completed in 0ms
10 timing config:load:project Completed in 2ms
11 verbose config tmp This setting is no longer used.  npm stores temporary files in a special
11 verbose config location in the cache, and they are managed by
11 verbose config     [`cacache`](http://npm.im/cacache).
12 timing config:load:file:/Users/josuedavid/.npmrc Completed in 1ms
13 timing config:load:user Completed in 2ms
14 timing config:load:file:/usr/local/etc/npmrc Completed in 7ms
15 timing config:load:global Completed in 7ms
16 timing config:load:validate Completed in 1ms
17 timing config:load:credentials Completed in 2ms
18 timing config:load:setEnvs Completed in 1ms
19 timing config:load Completed in 41ms
20 timing npm:load:configload Completed in 42ms
21 timing npm:load:setTitle Completed in 279ms
22 timing config:load:flatten Completed in 4ms
23 timing npm:load:display Completed in 5ms
24 verbose logfile /Users/josuedavid/Documents/react/C:\Users\josuedavid\AppData\Roaming\npm-cache/_logs/2022-02-22T20_35_18_999Z-debug-0.log
25 timing npm:load:logFile Completed in 23ms
26 timing npm:load:timers Completed in 0ms
27 timing npm:load:configScope Completed in 0ms
28 timing npm:load Completed in 350ms
29 timing arborist:ctor Completed in 1ms
30 timing idealTree:init Completed in 257ms
31 timing idealTree:userRequests Completed in 4ms
32 silly idealTree buildDeps
33 silly fetch manifest @fortawesome/free-solid-svg-icons@*
34 timing arborist:ctor Completed in 0ms
35 http fetch GET 200 https://registry.npmjs.org/@fortawesome%2ffree-solid-svg-icons 1345ms (cache miss)
36 silly placeDep ROOT @fortawesome/free-solid-svg-icons@6.0.0 OK for:  want: *
37 timing idealTree:#root Completed in 1359ms
38 timing idealTree:node_modules/@fortawesome/free-solid-svg-icons Completed in 0ms
39 timing idealTree:buildDeps Completed in 1360ms
40 timing idealTree:fixDepFlags Completed in 0ms
41 timing idealTree Completed in 1628ms
42 timing reify:loadTrees Completed in 1630ms
43 timing reify:diffTrees Completed in 2ms
44 silly reify moves {}
45 timing reify:retireShallow Completed in 92ms
46 timing reify:createSparse Completed in 24ms
47 timing reify:loadBundles Completed in 0ms
48 silly audit bulk request {
48 silly audit   '@fortawesome/fontawesome-common-types': [ '0.3.0' ],
48 silly audit   '@fortawesome/fontawesome-free': [ '5.15.4' ],
48 silly audit   '@fortawesome/fontawesome-svg-core': [ '1.3.0' ],
48 silly audit   '@popperjs/core': [ '2.11.2' ],
48 silly audit   bootstrap: [ '5.1.3' ],
48 silly audit   'computed-style': [ '0.1.4' ],
48 silly audit   config: [ '1.31.0' ],
48 silly audit   'fa-icons': [ '0.2.0' ],
48 silly audit   'js-tokens': [ '4.0.0' ],
48 silly audit   json5: [ '1.0.1' ],
48 silly audit   'line-height': [ '0.1.1' ],
48 silly audit   'lit-element': [ '2.5.1' ],
48 silly audit   'lit-html': [ '1.4.1' ],
48 silly audit   'loose-envify': [ '1.4.0' ],
48 silly audit   minimist: [ '1.2.5' ],
48 silly audit   'object-assign': [ '4.1.1' ],
48 silly audit   'performance-now': [ '0.2.0', '2.1.0' ],
48 silly audit   'prop-types': [ '15.8.1' ],
48 silly audit   raf: [ '3.4.1' ],
48 silly audit   react: [ '16.14.0' ],
48 silly audit   'react-icons': [ '4.3.1' ],
48 silly audit   'react-is': [ '16.13.1' ],
48 silly audit   'react-motion': [ '0.5.2' ],
48 silly audit   'react-scrollbar': [ '0.5.6' ],
48 silly audit   '@fortawesome/free-solid-svg-icons': [ '6.0.0' ]
48 silly audit }
49 silly tarball no local data for @fortawesome/free-solid-svg-icons@https://registry.npmjs.org/@fortawesome/free-solid-svg-icons/-/free-solid-svg-icons-6.0.0.tgz. Extracting by manifest.
50 http fetch POST 200 https://registry.npmjs.org/-/npm/v1/security/advisories/bulk 181ms
51 timing auditReport:getReport Completed in 192ms
52 silly audit report {}
53 timing auditReport:init Completed in 0ms
54 timing reify:audit Completed in 193ms
55 http fetch GET 200 https://registry.npmjs.org/@fortawesome/free-solid-svg-icons/-/free-solid-svg-icons-6.0.0.tgz 6464ms (cache miss)
56 timing reifyNode:node_modules/@fortawesome/free-solid-svg-icons Completed in 6527ms
57 timing reify:unpack Completed in 6527ms
58 timing reify:unretire Completed in 0ms
59 timing build:queue Completed in 39ms
60 info run @fortawesome/free-solid-svg-icons@6.0.0 postinstall node_modules/@fortawesome/free-solid-svg-icons node attribution.js
61 info run @fortawesome/free-solid-svg-icons@6.0.0 postinstall { code: 0, signal: null }
62 timing build:run:postinstall:node_modules/@fortawesome/free-solid-svg-icons Completed in 194ms
63 timing build:run:postinstall Completed in 194ms
64 timing build:deps Completed in 234ms
65 timing build Completed in 234ms
66 timing reify:build Completed in 240ms
67 timing reify:trash Completed in 0ms
68 timing reify:save Completed in 16ms
69 timing reify Completed in 8585ms
70 silly ADD node_modules/@fortawesome/free-solid-svg-icons
71 timing command:install Completed in 8596ms
72 verbose exit 0
73 timing npm Completed in 10765ms
74 info ok
