0 verbose cli [ '/usr/local/bin/node', '/usr/local/bin/npm', 'i', 'fa-icons' ]
1 info using npm@8.4.1
2 info using node@v17.4.0
3 timing npm:load:whichnode Completed in 0ms
4 timing config:load:defaults Completed in 3ms
5 timing config:load:file:/usr/local/lib/node_modules/npm/npmrc Completed in 12ms
6 timing config:load:builtin Completed in 13ms
7 timing config:load:cli Completed in 2ms
8 timing config:load:env Completed in 0ms
9 timing config:load:file:/Users/josuedavid/Documents/react/.npmrc Completed in 0ms
10 timing config:load:project Completed in 1ms
11 verbose config tmp This setting is no longer used.  npm stores temporary files in a special
11 verbose config location in the cache, and they are managed by
11 verbose config     [`cacache`](http://npm.im/cacache).
12 timing config:load:file:/Users/josuedavid/.npmrc Completed in 1ms
13 timing config:load:user Completed in 1ms
14 timing config:load:file:/usr/local/etc/npmrc Completed in 0ms
15 timing config:load:global Completed in 0ms
16 timing config:load:validate Completed in 1ms
17 timing config:load:credentials Completed in 1ms
18 timing config:load:setEnvs Completed in 1ms
19 timing config:load Completed in 25ms
20 timing npm:load:configload Completed in 27ms
21 timing npm:load:setTitle Completed in 20ms
22 timing config:load:flatten Completed in 4ms
23 timing npm:load:display Completed in 6ms
24 verbose logfile /Users/josuedavid/Documents/react/C:\Users\josuedavid\AppData\Roaming\npm-cache/_logs/2022-02-04T17_20_15_780Z-debug-0.log
25 timing npm:load:logFile Completed in 6ms
26 timing npm:load:timers Completed in 0ms
27 timing npm:load:configScope Completed in 0ms
28 timing npm:load Completed in 59ms
29 timing arborist:ctor Completed in 1ms
30 timing idealTree:init Completed in 24ms
31 timing idealTree:userRequests Completed in 1ms
32 silly idealTree buildDeps
33 silly fetch manifest fa-icons@*
34 timing arborist:ctor Completed in 0ms
35 http fetch GET 200 https://registry.npmjs.org/fa-icons 768ms (cache miss)
36 silly placeDep ROOT fa-icons@0.2.0 OK for:  want: *
37 silly fetch manifest @fortawesome/fontawesome-free@^5.12.1
38 silly fetch manifest lit-element@^2.2.1
39 http fetch GET 200 https://registry.npmjs.org/lit-element 44ms (cache miss)
40 http fetch GET 200 https://registry.npmjs.org/@fortawesome%2ffontawesome-free 1101ms (cache miss)
41 timing idealTree:#root Completed in 1879ms
42 silly placeDep ROOT @fortawesome/fontawesome-free@5.15.4 OK for: fa-icons@0.2.0 want: ^5.12.1
43 silly placeDep ROOT lit-element@2.5.1 OK for: fa-icons@0.2.0 want: ^2.2.1
44 silly fetch manifest lit-html@^1.1.1
45 http fetch GET 200 https://registry.npmjs.org/lit-html 76ms (cache miss)
46 timing idealTree:node_modules/fa-icons Completed in 89ms
47 timing idealTree:node_modules/@fortawesome/fontawesome-free Completed in 0ms
48 silly placeDep ROOT lit-html@1.4.1 OK for: lit-element@2.5.1 want: ^1.1.1
49 timing idealTree:node_modules/lit-element Completed in 2ms
50 timing idealTree:node_modules/lit-html Completed in 0ms
51 timing idealTree:buildDeps Completed in 1973ms
52 timing idealTree:fixDepFlags Completed in 1ms
53 timing idealTree Completed in 2002ms
54 timing reify:loadTrees Completed in 2005ms
55 timing reify:diffTrees Completed in 4ms
56 silly reify moves {}
57 timing reify:retireShallow Completed in 0ms
58 timing reify:createSparse Completed in 18ms
59 timing reify:loadBundles Completed in 0ms
60 silly audit bulk request {
60 silly audit   'js-tokens': [ '4.0.0' ],
60 silly audit   'loose-envify': [ '1.4.0' ],
60 silly audit   'object-assign': [ '4.1.1' ],
60 silly audit   react: [ '17.0.2' ],
60 silly audit   'react-icons': [ '4.3.1' ],
60 silly audit   'fa-icons': [ '0.2.0' ],
60 silly audit   '@fortawesome/fontawesome-free': [ '5.15.4' ],
60 silly audit   'lit-element': [ '2.5.1' ],
60 silly audit   'lit-html': [ '1.4.1' ]
60 silly audit }
61 silly tarball no local data for lit-html@https://registry.npmjs.org/lit-html/-/lit-html-1.4.1.tgz. Extracting by manifest.
62 silly tarball no local data for lit-element@https://registry.npmjs.org/lit-element/-/lit-element-2.5.1.tgz. Extracting by manifest.
63 silly tarball no local data for @fortawesome/fontawesome-free@https://registry.npmjs.org/@fortawesome/fontawesome-free/-/fontawesome-free-5.15.4.tgz. Extracting by manifest.
64 silly tarball no local data for fa-icons@https://registry.npmjs.org/fa-icons/-/fa-icons-0.2.0.tgz. Extracting by manifest.
65 http fetch POST 200 https://registry.npmjs.org/-/npm/v1/security/advisories/bulk 171ms
66 timing auditReport:getReport Completed in 174ms
67 silly audit report {}
68 timing auditReport:init Completed in 0ms
69 timing reify:audit Completed in 175ms
70 http fetch GET 200 https://registry.npmjs.org/fa-icons/-/fa-icons-0.2.0.tgz 644ms (cache miss)
71 timing reifyNode:node_modules/fa-icons Completed in 690ms
72 http fetch GET 200 https://registry.npmjs.org/lit-element/-/lit-element-2.5.1.tgz 856ms (cache miss)
73 timing reifyNode:node_modules/lit-element Completed in 889ms
74 http fetch GET 200 https://registry.npmjs.org/lit-html/-/lit-html-1.4.1.tgz 1171ms (cache miss)
75 timing reifyNode:node_modules/lit-html Completed in 1195ms
76 http fetch GET 200 https://registry.npmjs.org/@fortawesome/fontawesome-free/-/fontawesome-free-5.15.4.tgz 2686ms (cache miss)
77 timing reifyNode:node_modules/@fortawesome/fontawesome-free Completed in 2725ms
78 timing reify:unpack Completed in 2726ms
79 timing reify:unretire Completed in 0ms
80 timing build:queue Completed in 2ms
81 info run @fortawesome/fontawesome-free@5.15.4 postinstall node_modules/@fortawesome/fontawesome-free node attribution.js
82 info run @fortawesome/fontawesome-free@5.15.4 postinstall { code: 0, signal: null }
83 timing build:run:postinstall:node_modules/@fortawesome/fontawesome-free Completed in 103ms
84 timing build:run:postinstall Completed in 103ms
85 timing build:deps Completed in 105ms
86 timing build Completed in 109ms
87 timing reify:build Completed in 110ms
88 timing reify:trash Completed in 0ms
89 timing reify:save Completed in 13ms
90 timing reify Completed in 4913ms
91 silly ADD node_modules/lit-html
92 silly ADD node_modules/lit-element
93 silly ADD node_modules/@fortawesome/fontawesome-free
94 silly ADD node_modules/fa-icons
95 timing command:i Completed in 4933ms
96 verbose exit 0
97 timing npm Completed in 5376ms
98 info ok
