0 verbose cli [
0 verbose cli   '/usr/local/bin/node',
0 verbose cli   '/usr/local/bin/npm',
0 verbose cli   'install',
0 verbose cli   '--ignore-scripts',
0 verbose cli   '@types/bootstrap@ts4.5',
0 verbose cli   '--save-dev',
0 verbose cli   '--user-agent=typesInstaller/4.5.4'
0 verbose cli ]
1 info using npm@8.4.1
2 info using node@v17.4.0
3 timing npm:load:whichnode Completed in 0ms
4 timing config:load:defaults Completed in 4ms
5 timing config:load:file:/usr/local/lib/node_modules/npm/npmrc Completed in 16ms
6 timing config:load:builtin Completed in 16ms
7 timing config:load:cli Completed in 3ms
8 timing config:load:env Completed in 0ms
9 timing config:load:file:/Users/josuedavid/Library/Caches/typescript/4.5/.npmrc Completed in 0ms
10 timing config:load:project Completed in 1ms
11 verbose config tmp This setting is no longer used.  npm stores temporary files in a special
11 verbose config location in the cache, and they are managed by
11 verbose config     [`cacache`](http://npm.im/cacache).
12 timing config:load:file:/Users/josuedavid/.npmrc Completed in 3ms
13 timing config:load:user Completed in 4ms
14 timing config:load:file:/usr/local/etc/npmrc Completed in 1ms
15 timing config:load:global Completed in 1ms
16 timing config:load:validate Completed in 0ms
17 timing config:load:credentials Completed in 1ms
18 timing config:load:setEnvs Completed in 1ms
19 timing config:load Completed in 31ms
20 timing npm:load:configload Completed in 31ms
21 timing npm:load:setTitle Completed in 112ms
22 timing config:load:flatten Completed in 14ms
23 timing npm:load:display Completed in 26ms
24 verbose logfile /Users/josuedavid/Documents/react/C:\Users\josuedavid\AppData\Roaming\npm-cache/_logs/2022-02-13T14_06_08_616Z-debug-0.log
25 timing npm:load:logFile Completed in 21ms
26 timing npm:load:timers Completed in 0ms
27 timing npm:load:configScope Completed in 0ms
28 timing npm:load Completed in 192ms
29 timing arborist:ctor Completed in 4ms
30 timing idealTree:init Completed in 602ms
31 timing arborist:ctor Completed in 0ms
32 http fetch GET 200 https://registry.npmjs.org/@types%2fbootstrap 1099ms (cache miss)
33 timing idealTree:userRequests Completed in 1152ms
34 silly idealTree buildDeps
35 silly fetch manifest @types/bootstrap@5.1.9
36 silly placeDep ROOT @types/bootstrap@5.1.9 OK for:  want: 5.1.9
37 silly fetch manifest @popperjs/core@^2.9.2
38 silly fetch manifest @types/jquery@*
39 http fetch GET 200 https://registry.npmjs.org/@popperjs%2fcore 18ms (cache hit)
40 http fetch GET 200 https://registry.npmjs.org/@types%2fjquery 61ms (cache miss)
41 timing idealTree:#root Completed in 89ms
42 silly placeDep ROOT @popperjs/core@2.11.2 OK for: @types/bootstrap@5.1.9 want: ^2.9.2
43 silly placeDep ROOT @types/jquery@3.5.13 OK for: @types/bootstrap@5.1.9 want: *
44 silly fetch manifest @types/sizzle@*
45 http fetch GET 200 https://registry.npmjs.org/@types%2fsizzle 52ms (cache miss)
46 timing idealTree:node_modules/@types/bootstrap Completed in 58ms
47 timing idealTree:node_modules/@popperjs/core Completed in 0ms
48 silly placeDep ROOT @types/sizzle@2.3.3 OK for: @types/jquery@3.5.13 want: *
49 timing idealTree:node_modules/@types/jquery Completed in 4ms
50 timing idealTree:node_modules/@types/sizzle Completed in 0ms
51 timing idealTree:buildDeps Completed in 164ms
52 timing idealTree:fixDepFlags Completed in 10ms
53 timing idealTree Completed in 1935ms
54 timing reify:loadTrees Completed in 1937ms
55 timing reify:diffTrees Completed in 11ms
56 silly reify moves {}
57 timing reify:retireShallow Completed in 0ms
58 timing reify:createSparse Completed in 7ms
59 timing reify:loadBundles Completed in 0ms
60 silly audit bulk request {
60 silly audit   '@babel/helper-validator-identifier': [ '7.16.7' ],
60 silly audit   '@babel/parser': [ '7.17.0' ],
60 silly audit   '@babel/types': [ '7.17.0' ],
60 silly audit   '@types/accepts': [ '1.3.5' ],
60 silly audit   '@types/acorn': [ '4.0.6' ],
60 silly audit   '@types/argparse': [ '2.0.10' ],
60 silly audit   '@types/aria-query': [ '5.0.0' ],
60 silly audit   '@types/array.prototype.flat': [ '1.2.1' ],
60 silly audit   '@types/array.prototype.flatmap': [ '1.2.2' ],
60 silly audit   '@types/asap': [ '2.0.0' ],
60 silly audit   '@types/async': [ '3.2.12' ],
60 silly audit   '@types/atob': [ '2.1.2' ],
60 silly audit   '@types/autoprefixer': [ '9.7.2' ],
60 silly audit   picocolors: [ '0.2.1', '1.0.0' ],
60 silly audit   postcss: [ '7.0.39', '8.4.6' ],
60 silly audit   '@types/babel__core': [ '7.1.18' ],
60 silly audit   '@types/babel__generator': [ '7.6.4' ],
60 silly audit   '@types/babel__template': [ '7.4.1' ],
60 silly audit   '@types/babel__traverse': [ '7.14.2' ],
60 silly audit   '@types/babel-plugin-macros': [ '2.8.5' ],
60 silly audit   '@types/babel-types': [ '7.0.11' ],
60 silly audit   '@types/balanced-match': [ '1.0.2' ],
60 silly audit   '@types/big.js': [ '6.1.3' ],
60 silly audit   '@types/bluebird': [ '3.5.36' ],
60 silly audit   '@types/body-parser': [ '1.19.2' ],
60 silly audit   '@types/bonjour': [ '3.5.10' ],
60 silly audit   '@types/boolbase': [ '1.0.1' ],
60 silly audit   '@types/brace-expansion': [ '1.1.0' ],
60 silly audit   '@types/braces': [ '3.0.1' ],
60 silly audit   '@types/browserslist': [ '4.15.0' ],
60 silly audit   '@types/bser': [ '2.0.1' ],
60 silly audit   '@types/buffer-from': [ '1.1.0' ],
60 silly audit   '@types/bytes': [ '3.1.1' ],
60 silly audit   '@types/call-bind': [ '1.0.0' ],
60 silly audit   '@types/camelcase-css': [ '2.0.0' ],
60 silly audit   '@types/caniuse-api': [ '3.0.2' ],
60 silly audit   '@types/caniuse-lite': [ '1.0.1' ],
60 silly audit   '@types/case-sensitive-paths-webpack-plugin': [ '2.1.6' ],
60 silly audit   '@types/check-types': [ '7.3.3' ],
60 silly audit   '@types/clean-css': [ '4.2.5' ],
60 silly audit   '@types/co': [ '4.6.3' ],
60 silly audit   '@types/color-convert': [ '2.0.0' ],
60 silly audit   '@types/color-name': [ '1.1.1' ],
60 silly audit   '@types/combined-stream': [ '1.0.3' ],
60 silly audit   '@types/common-tags': [ '1.8.1' ],
60 silly audit   '@types/commondir': [ '1.0.0' ],
60 silly audit   '@types/compressible': [ '2.0.0' ],
60 silly audit   '@types/compression': [ '1.7.2' ],
60 silly audit   '@types/concat-map': [ '0.0.1' ],
60 silly audit   '@types/confusing-browser-globals': [ '1.0.0' ],
60 silly audit   '@types/connect': [ '3.4.35' ],
60 silly audit   '@types/connect-history-api-fallback': [ '1.3.5' ],
60 silly audit   '@types/content-disposition': [ '0.5.4' ],
60 silly audit   '@types/content-type': [ '1.1.5' ],
60 silly audit   '@types/convert-source-map': [ '1.5.2' ],
60 silly audit   '@types/cookie': [ '0.4.1' ],
60 silly audit   '@types/cookie-signature': [ '1.0.4' ],
60 silly audit   '@types/core-js': [ '2.5.5' ],
60 silly audit   '@types/cross-spawn': [ '6.0.2' ],
60 silly audit   '@types/css': [ '0.0.33' ],
60 silly audit   '@types/css-declaration-sorter': [ '6.0.1' ],
60 silly audit   '@types/css-tree': [ '1.0.7' ],
60 silly audit   '@types/cssesc': [ '3.0.0' ],
60 silly audit   '@types/cssnano': [ '5.0.0' ],
60 silly audit   '@types/csso': [ '5.0.0' ],
60 silly audit   '@types/cssom': [ '0.4.1' ],
60 silly audit   '@types/cssstyle': [ '2.2.1' ],
60 silly audit   '@types/damerau-levenshtein': [ '1.0.0' ],
60 silly audit   '@types/data-urls': [ '2.0.1' ],
60 silly audit   '@types/debug': [ '4.1.7' ],
60 silly audit   '@types/decode-uri-component': [ '0.2.0' ],
60 silly audit   '@types/dedent': [ '0.7.0' ],
60 silly audit   '@types/deep-equal': [ '1.0.1' ],
60 silly audit   '@types/default-gateway': [ '3.0.1' ],
60 silly audit   '@types/define-properties': [ '1.1.3' ],
60 silly audit   '@types/defined': [ '1.0.0' ],
60 silly audit   '@types/depd': [ '1.1.32' ],
60 silly audit   '@types/destroy': [ '1.0.0' ],
60 silly audit   '@types/detect-node': [ '2.0.0' ],
60 silly audit   '@types/detective': [ '5.1.2' ],
60 silly audit   '@types/didyoumean': [ '1.2.0' ],
60 silly audit   '@types/dir-glob': [ '2.0.1' ],
60 silly audit   '@types/dlv': [ '1.1.2' ],
60 silly audit   '@types/dns-packet': [ '5.2.4' ],
60 silly audit   '@types/doctrine': [ '0.0.5' ],
60 silly audit   '@types/domexception': [ '2.0.1' ],
60 silly audit   '@types/ee-first': [ '1.1.0' ],
60 silly audit   '@types/ejs': [ '3.1.0' ],
60 silly audit   '@types/encodeurl': [ '1.0.0' ],
60 silly audit   '@types/es-abstract': [ '1.17.3' ],
60 silly audit   '@types/es-to-primitive': [ '1.2.4' ],
60 silly audit   '@types/escape-html': [ '1.0.1' ],
60 silly audit   '@types/escodegen': [ '0.0.7' ],
60 silly audit   '@types/eslint': [ '8.4.1' ],
60 silly audit   '@types/eslint-scope': [ '3.7.3' ],
60 silly audit   '@types/eslint-utils': [ '3.0.1' ],
60 silly audit   '@types/eslint-visitor-keys': [ '1.0.0' ],
60 silly audit   '@types/esprima': [ '4.0.3' ],
60 silly audit   '@types/esquery': [ '1.0.2' ],
60 silly audit   '@types/estraverse': [ '5.1.1' ],
60 silly audit   '@types/estree': [ '0.0.51' ],
60 silly audit   '@types/esutils': [ '2.0.0' ],
60 silly audit   '@types/etag': [ '1.8.1' ],
60 silly audit   '@types/events': [ '3.0.0' ],
60 silly audit   '@types/exit': [ '0.1.31' ],
60 silly audit   '@types/express': [ '4.17.13' ],
60 silly audit   '@types/express-serve-static-core': [ '4.17.28' ],
60 silly audit   '@types/fast-levenshtein': [ '0.0.2' ],
60 silly audit   '@types/fb-watchman': [ '2.0.1' ],
60 silly audit   '@types/file-entry-cache': [ '5.0.2' ],
60 silly audit   '@types/file-loader': [ '5.0.1' ],
60 silly audit   '@types/fill-range': [ '7.0.0' ],
60 silly audit   '@types/finalhandler': [ '1.1.1' ],
60 silly audit   '@types/find-cache-dir': [ '3.2.1' ],
60 silly audit   '@types/find-root': [ '1.1.2' ],
60 silly audit   '@types/flat-cache': [ '2.0.0' ],
60 silly audit   '@types/follow-redirects': [ '1.14.0' ],
60 silly audit   '@types/forwarded': [ '0.1.0' ],
60 silly audit   '@types/fresh': [ '0.5.0' ],
60 silly audit   '@types/fs-extra': [ '9.0.13' ],
60 silly audit   '@types/function-bind': [ '1.1.6' ],
60 silly audit   '@types/functional-red-black-tree': [ '1.0.1' ],
60 silly audit   '@types/get-intrinsic': [ '1.0.0' ],
60 silly audit   '@types/glob': [ '7.2.0' ],
60 silly audit   '@types/glob-parent': [ '5.1.1' ],
60 silly audit   '@types/glob-to-regexp': [ '0.4.1' ],
60 silly audit   '@types/global-modules': [ '2.0.0' ],
60 silly audit   '@types/global-prefix': [ '3.0.0' ],
60 silly audit   '@types/graceful-fs': [ '4.1.5' ],
60 silly audit   '@types/has': [ '1.0.0' ],
60 silly audit   '@types/has-symbols': [ '1.0.0' ],
60 silly audit   '@types/he': [ '1.1.2' ],
60 silly audit   '@types/hoist-non-react-statics': [ '3.3.1' ],
60 silly audit   '@types/html-encoding-sniffer': [ '2.0.2' ],
60 silly audit   '@types/html-escaper': [ '3.0.0' ],
60 silly audit   '@types/html-minifier': [ '4.0.2' ],
60 silly audit   '@types/html-minifier-terser': [ '6.1.0' ],
60 silly audit   '@types/html-webpack-plugin': [ '3.2.6' ],
60 silly audit   '@types/http-errors': [ '1.8.2' ],
60 silly audit   '@types/http-proxy': [ '1.17.8' ],
60 silly audit   '@types/hyphenate-style-name': [ '1.0.0' ],
60 silly audit   '@types/icss-utils': [ '5.1.0' ],
60 silly audit   '@types/imurmurhash': [ '0.1.1' ],
60 silly audit   '@types/inherits': [ '0.0.30' ],
60 silly audit   '@types/ini': [ '1.3.31' ],
60 silly audit   '@types/internal-slot': [ '1.0.1' ],
60 silly audit   '@types/ip': [ '1.1.0' ],
60 silly audit   '@types/is-arguments': [ '1.0.0' ],
60 silly audit   '@types/is-bigint': [ '1.0.0' ],
60 silly audit   '@types/is-boolean-object': [ '1.1.0' ],
60 silly audit   '@types/is-callable': [ '1.1.0' ],
60 silly audit   '@types/is-core-module': [ '2.2.0' ],
60 silly audit   '@types/is-date-object': [ '1.0.2' ],
60 silly audit   '@types/is-glob': [ '4.0.2' ],
60 silly audit   '@types/is-number': [ '7.0.2' ],
60 silly audit   '@types/is-regex': [ '1.0.0' ],
60 silly audit   '@types/is-string': [ '1.0.0' ],
60 silly audit   '@types/is-typedarray': [ '1.0.0' ],
60 silly audit   '@types/isarray': [ '2.0.0' ],
60 silly audit   '@types/isexe': [ '2.0.1' ],
60 silly audit   '@types/istanbul-lib-coverage': [ '2.0.4' ],
60 silly audit   '@types/istanbul-lib-instrument': [ '1.7.4' ],
60 silly audit   '@types/istanbul-lib-report': [ '3.0.0' ],
60 silly audit   '@types/istanbul-lib-source-maps': [ '4.0.1' ],
60 silly audit   '@types/istanbul-reports': [ '3.0.1' ],
60 silly audit   '@types/jake': [ '0.0.33' ],
60 silly audit   '@types/jest': [ '27.4.0' ],
60 silly audit   '@types/js-yaml': [ '4.0.5' ],
60 silly audit   '@types/jsdom': [ '16.2.14' ],
60 silly audit   '@types/jsesc': [ '3.0.1' ],
60 silly audit   '@types/json-parse-better-errors': [ '1.0.0' ],
60 silly audit   '@types/json-schema': [ '7.0.9' ],
60 silly audit   '@types/jsonfile': [ '6.0.1' ],
60 silly audit   '@types/kind-of': [ '6.0.0' ],
60 silly audit   '@types/language-tags': [ '1.0.0' ],
60 silly audit   '@types/loader-runner': [ '2.2.4' ],
60 silly audit   '@types/loader-utils': [ '2.0.3' ],
60 silly audit   '@types/lodash': [ '4.14.178' ],
60 silly audit   '@types/lodash.debounce': [ '4.0.6' ],
60 silly audit   '@types/lodash.memoize': [ '4.1.6' ],
60 silly audit   '@types/lodash.merge': [ '4.6.6' ],
60 silly audit   '@types/lodash.sortby': [ '4.7.6' ],
60 silly audit   '@types/lodash.uniq': [ '4.5.6' ],
60 silly audit   '@types/lru-cache': [ '5.1.1' ],
60 silly audit   '@types/lz-string': [ '1.3.34' ],
60 silly audit   '@types/media-typer': [ '1.1.1' ],
60 silly audit   '@types/merge-descriptors': [ '1.0.1' ],
60 silly audit   '@types/merge-stream': [ '1.1.2' ],
60 silly audit   '@types/merge2': [ '1.3.1' ],
60 silly audit   '@types/methods': [ '1.1.1' ],
60 silly audit   '@types/micromatch': [ '4.0.2' ],
60 silly audit   '@types/mime': [ '2.0.3', '1.3.2' ],
60 silly audit   '@types/mime-db': [ '1.43.1' ],
60 silly audit   '@types/mime-types': [ '2.1.1' ],
60 silly audit   '@types/min-indent': [ '1.0.0' ],
60 silly audit   '@types/minimalistic-assert': [ '1.0.1' ],
60 silly audit   '@types/minimatch': [ '3.0.5' ],
60 silly audit   '@types/minimist': [ '1.2.2' ],
60 silly audit   '@types/mkdirp': [ '1.0.2' ],
60 silly audit   '@types/ms': [ '0.7.31' ],
60 silly audit   '@types/multicast-dns': [ '7.2.1' ],
60 silly audit   '@types/natural-compare': [ '1.4.1' ],
60 silly audit   '@types/negotiator': [ '0.6.1' ],
60 silly audit   '@types/node': [ '17.0.15' ],
60 silly audit   '@types/node-forge': [ '1.0.0' ],
60 silly audit   '@types/node-int64': [ '0.4.29' ],
60 silly audit   '@types/node-sass': [ '4.11.2' ],
60 silly audit   '@types/normalize-path': [ '3.0.0' ],
60 silly audit   '@types/nwsapi': [ '2.2.2' ],
60 silly audit   '@types/object-assign': [ '4.0.30' ],
60 silly audit   '@types/object-hash': [ '2.2.1' ],
60 silly audit   '@types/object-inspect': [ '1.8.1' ],
60 silly audit   '@types/object-keys': [ '1.0.1' ],
60 silly audit   '@types/object.fromentries': [ '2.0.1' ],
60 silly audit   '@types/object.getownpropertydescriptors': [ '2.1.1' ],
60 silly audit   '@types/on-finished': [ '2.3.1' ],
60 silly audit   '@types/on-headers': [ '1.0.0' ],
60 silly audit   '@types/once': [ '1.4.0' ],
60 silly audit   '@types/parse-json': [ '4.0.0' ],
60 silly audit   '@types/parse5': [ '6.0.3' ],
60 silly audit   '@types/parseurl': [ '1.3.1' ],
60 silly audit   '@types/path-is-absolute': [ '1.0.0' ],
60 silly audit   '@types/path-parse': [ '1.0.19' ],
60 silly audit   '@types/picomatch': [ '2.3.0' ],
60 silly audit   '@types/postcss-flexbugs-fixes': [ '4.2.1' ],
60 silly audit   '@types/postcss-gap-properties': [ '2.0.1' ],
60 silly audit   '@types/postcss-modules-extract-imports': [ '3.0.2' ],
60 silly audit   '@types/postcss-modules-local-by-default': [ '4.0.0' ],
60 silly audit   '@types/postcss-modules-scope': [ '3.0.0' ],
60 silly audit   '@types/postcss-modules-values': [ '4.0.0' ],
60 silly audit   '@types/postcss-preset-env': [ '6.7.3' ],
60 silly audit   '@types/prelude-ls': [ '1.1.29' ],
60 silly audit   '@types/prompts': [ '2.0.14' ],
60 silly audit   '@types/prop-types': [ '15.7.4' ],
60 silly audit   '@types/proxy-addr': [ '2.0.0' ],
60 silly audit   '@types/psl': [ '1.1.0' ],
60 silly audit   '@types/punycode': [ '2.1.0' ],
60 silly audit   '@types/q': [ '1.5.5' ],
60 silly audit   '@types/qs': [ '6.9.7' ],
60 silly audit   '@types/raf': [ '3.4.0' ],
60 silly audit   '@types/randombytes': [ '2.0.0' ],
60 silly audit   '@types/range-parser': [ '1.2.4' ],
60 silly audit   '@types/react': [ '17.0.39' ],
60 silly audit   '@types/react-dev-utils': [ '9.0.10' ],
60 silly audit   '@types/react-dom': [ '17.0.11' ],
60 silly audit   '@types/react-is': [ '17.0.3' ],
60 silly audit   '@types/react-transition-group': [ '4.4.4' ],
60 silly audit   '@types/readable-stream': [ '2.3.13' ],
60 silly audit   '@types/recursive-readdir': [ '2.2.0' ],
60 silly audit   '@types/regenerate': [ '1.4.1' ],
60 silly audit   '@types/regenerator-runtime': [ '0.13.1' ],
60 silly audit   '@types/relateurl': [ '0.2.29' ],
60 silly audit   '@types/require-directory': [ '2.1.2' ],
60 silly audit   '@types/require-from-string': [ '1.2.1' ],
60 silly audit   '@types/requires-port': [ '1.0.0' ],
60 silly audit   '@types/resolve': [ '1.20.1' ],
60 silly audit   '@types/retry': [ '0.12.1' ],
60 silly audit   '@types/rimraf': [ '3.0.2' ],
60 silly audit   '@types/run-parallel': [ '1.1.0' ],
60 silly audit   '@types/safer-buffer': [ '2.1.0' ],
60 silly audit   '@types/sass': [ '1.43.1' ],
60 silly audit   '@types/sass-loader': [ '8.0.3' ],
60 silly audit   '@types/sax': [ '1.2.4' ],
60 silly audit   '@types/scheduler': [ '0.16.2' ],
60 silly audit   '@types/semver': [ '7.3.9' ],
60 silly audit   '@types/send': [ '0.17.1' ],
60 silly audit   '@types/serialize-javascript': [ '5.0.2' ],
60 silly audit   '@types/serve-index': [ '1.9.1' ],
60 silly audit   '@types/serve-static': [ '1.13.10' ],
60 silly audit   '@types/shebang-command': [ '1.2.0' ],
60 silly audit   '@types/shell-quote': [ '1.7.1' ],
60 silly audit   '@types/signal-exit': [ '3.0.1' ],
60 silly audit   '@types/sockjs': [ '0.3.33' ],
60 silly audit   '@types/source-list-map': [ '0.1.2' ],
60 silly audit   '@types/source-map-support': [ '0.5.4' ],
60 silly audit   '@types/spdy': [ '3.4.5' ],
60 silly audit   '@types/sprintf': [ '0.1.0' ],
60 silly audit   '@types/sprintf-js': [ '1.1.2' ],
60 silly audit   '@types/stack-utils': [ '2.0.1' ],
60 silly audit   '@types/statuses': [ '2.0.0' ],
60 silly audit   '@types/string-natural-compare': [ '3.0.2' ],
60 silly audit   '@types/string.prototype.matchall': [ '4.0.1' ],
60 silly audit   '@types/stringify-object': [ '4.0.1' ],
60 silly audit   '@types/strip-comments': [ '2.0.1' ],
60 silly audit   '@types/strip-final-newline': [ '3.0.0' ],
60 silly audit   '@types/stylis': [ '4.0.2' ],
60 silly audit   '@types/supports-color': [ '8.1.1' ],
60 silly audit   '@types/svg-parser': [ '2.0.3' ],
60 silly audit   '@types/svgo': [ '2.6.2' ],
60 silly audit   '@types/symbol-tree': [ '3.2.2' ],
60 silly audit   '@types/tailwindcss': [ '3.0.7' ],
60 silly audit   '@types/tapable': [ '1.0.8' ],
60 silly audit   '@types/testing-library__jest-dom': [ '5.14.2' ],
60 silly audit   '@types/text-table': [ '0.2.2' ],
60 silly audit   '@types/thunky': [ '1.1.0' ],
60 silly audit   '@types/timsort': [ '0.3.0' ],
60 silly audit   '@types/tmpl': [ '1.0.0' ],
60 silly audit   '@types/to-regex-range': [ '5.0.0' ],
60 silly audit   '@types/tough-cookie': [ '4.0.1' ],
60 silly audit   '@types/tryer': [ '1.0.2' ],
60 silly audit   '@types/type-check': [ '0.3.27' ],
60 silly audit   '@types/type-detect': [ '4.0.1' ],
60 silly audit   '@types/type-is': [ '1.6.3' ],
60 silly audit   '@types/uglify-js': [ '3.13.1' ],
60 silly audit   '@types/universalify': [ '1.0.0' ],
60 silly audit   '@types/util-deprecate': [ '1.0.0' ],
60 silly audit   '@types/util.promisify': [ '1.0.4' ],
60 silly audit   '@types/utils-merge': [ '0.0.28' ],
60 silly audit   '@types/uuid': [ '8.3.4' ],
60 silly audit   '@types/vary': [ '1.1.0' ],
60 silly audit   '@types/w3c-hr-time': [ '1.0.0' ],
60 silly audit   '@types/w3c-xmlserializer': [ '2.0.2' ],
60 silly audit   '@types/watchpack': [ '1.1.7' ],
60 silly audit   '@types/webidl-conversions': [ '6.1.1' ],
60 silly audit   '@types/webpack': [ '4.41.32' ],
60 silly audit   '@types/webpack-dev-server': [ '3.11.6' ],
60 silly audit   '@types/webpack-manifest-plugin': [ '3.0.5' ],
60 silly audit   '@types/webpack-sources': [ '3.2.0' ],
60 silly audit   'source-map': [ '0.7.3', '0.5.7', '0.6.1' ],
60 silly audit   '@types/whatwg-encoding': [ '1.0.0' ],
60 silly audit   '@types/whatwg-mimetype': [ '2.1.1' ],
60 silly audit   '@types/whatwg-url': [ '8.2.1' ],
60 silly audit   '@types/which': [ '2.0.1' ],
60 silly audit   '@types/workbox-background-sync': [ '4.3.2' ],
60 silly audit   '@types/workbox-broadcast-update': [ '4.3.1' ],
60 silly audit   '@types/workbox-cacheable-response': [ '4.3.1' ],
60 silly audit   '@types/workbox-core': [ '4.3.1' ],
60 silly audit   '@types/workbox-expiration': [ '4.3.1' ],
60 silly audit   '@types/workbox-google-analytics': [ '4.3.1' ],
60 silly audit   '@types/workbox-navigation-preload': [ '4.3.0' ],
60 silly audit   '@types/workbox-precaching': [ '4.3.1' ],
60 silly audit   '@types/workbox-range-requests': [ '4.3.0' ],
60 silly audit   '@types/workbox-routing': [ '4.3.1' ],
60 silly audit   '@types/workbox-strategies': [ '4.3.1' ],
60 silly audit   '@types/workbox-streams': [ '4.3.0' ],
60 silly audit   '@types/workbox-sw': [ '4.3.2' ],
60 silly audit   '@types/workbox-webpack-plugin': [ '5.1.8' ],
60 silly audit   '@types/wrap-ansi': [ '8.0.1' ],
60 silly audit   '@types/write-file-atomic': [ '4.0.0' ],
60 silly audit   '@types/ws': [ '8.2.2' ],
60 silly audit   '@types/xtend': [ '4.0.4' ],
60 silly audit   '@types/yallist': [ '4.0.1' ],
60 silly audit   '@types/yargs': [ '17.0.8' ],
60 silly audit   '@types/yargs-parser': [ '20.2.1' ],
60 silly audit   'ansi-regex': [ '5.0.1' ],
60 silly audit   'ansi-styles': [ '4.3.0', '5.2.0' ],
60 silly audit   anymatch: [ '3.1.2', '2.0.0' ],
60 silly audit   'arr-diff': [ '4.0.0' ],
60 silly audit   'arr-flatten': [ '1.1.0' ],
60 silly audit   'arr-union': [ '3.1.0' ],
60 silly audit   'array-unique': [ '0.3.2' ],
60 silly audit   'assign-symbols': [ '1.0.0' ],
60 silly audit   'async-each': [ '1.0.3' ],
60 silly audit   atob: [ '2.1.2' ],
60 silly audit   base: [ '0.11.2' ],
60 silly audit   'define-property': [ '1.0.0', '2.0.2', '0.2.5' ],
60 silly audit   'is-accessor-descriptor': [ '1.0.0', '0.1.6' ],
60 silly audit   'is-data-descriptor': [ '1.0.0', '0.1.4' ],
60 silly audit   'is-descriptor': [ '1.0.2', '0.1.6' ],
60 silly audit   'kind-of': [ '6.0.3', '4.0.0', '5.1.0', '3.2.2' ],
60 silly audit   'binary-extensions': [ '1.13.1' ],
60 silly audit   bindings: [ '1.5.0' ],
60 silly audit   braces: [ '2.3.2', '3.0.2' ],
60 silly audit   browserslist: [ '4.19.1' ],
60 silly audit   'cache-base': [ '1.0.1' ],
60 silly audit   'caniuse-lite': [ '1.0.30001312' ],
60 silly audit   chalk: [ '4.1.2' ],
60 silly audit   chokidar: [ '2.1.8' ],
60 silly audit   'normalize-path': [ '2.1.1', '3.0.0' ],
60 silly audit   'extend-shallow': [ '3.0.2', '2.0.1' ],
60 silly audit   'is-extendable': [ '1.0.1', '0.1.1' ],
60 silly audit   micromatch: [ '3.1.10', '4.0.4' ],
60 silly audit   'class-utils': [ '0.3.6' ],
60 silly audit   'collection-visit': [ '1.0.0' ],
60 silly audit   'color-convert': [ '2.0.1' ],
60 silly audit   'color-name': [ '1.1.4' ],
60 silly audit   'component-emitter': [ '1.3.0' ],
60 silly audit   'copy-descriptor': [ '0.1.1' ],
60 silly audit   'core-util-is': [ '1.0.3' ],
60 silly audit   csstype: [ '3.0.10' ],
60 silly audit   debug: [ '2.6.9' ],
60 silly audit   'decode-uri-component': [ '0.2.0' ],
60 silly audit   'diff-sequences': [ '27.5.1' ],
60 silly audit   'electron-to-chromium': [ '1.4.68' ],
60 silly audit   escalade: [ '3.1.1' ],
60 silly audit   eventemitter3: [ '4.0.7' ],
60 silly audit   'expand-brackets': [ '2.1.4' ],
60 silly audit   extglob: [ '2.0.4' ],
60 silly audit   'file-uri-to-path': [ '1.0.0' ],
60 silly audit   'fill-range': [ '4.0.0', '7.0.1' ],
60 silly audit   'follow-redirects': [ '1.14.8' ],
60 silly audit   'for-in': [ '1.0.2' ],
60 silly audit   'fragment-cache': [ '0.2.1' ],
60 silly audit   fsevents: [ '1.2.13' ],
60 silly audit   'get-value': [ '2.0.6' ],
60 silly audit   'glob-parent': [ '3.1.0' ],
60 silly audit   'is-glob': [ '3.1.0', '4.0.3' ],
60 silly audit   'graceful-fs': [ '4.2.9' ],
60 silly audit   'has-flag': [ '4.0.0' ],
60 silly audit   'has-value': [ '1.0.0', '0.3.1' ],
60 silly audit   'has-values': [ '1.0.0', '0.1.4' ],
60 silly audit   'hoist-non-react-statics': [ '3.3.2' ],
60 silly audit   'http-proxy': [ '1.18.1' ],
60 silly audit   'http-proxy-middleware': [ '1.3.1' ],
60 silly audit   inherits: [ '2.0.4' ],
60 silly audit   'is-binary-path': [ '1.0.1' ],
60 silly audit   'is-buffer': [ '1.1.6' ],
60 silly audit   'is-extglob': [ '2.1.1' ],
60 silly audit   'is-number': [ '3.0.0', '7.0.0' ],
60 silly audit   'is-plain-obj': [ '3.0.0' ],
60 silly audit   'is-plain-object': [ '2.0.4' ],
60 silly audit   'is-windows': [ '1.0.2' ],
60 silly audit   isarray: [ '1.0.0' ],
60 silly audit   isobject: [ '3.0.1', '2.1.0' ],
60 silly audit   'jest-diff': [ '27.5.1' ],
60 silly audit   'jest-get-type': [ '27.5.1' ],
60 silly audit   'map-cache': [ '0.2.2' ],
60 silly audit   'map-visit': [ '1.0.0' ],
60 silly audit   'to-regex-range': [ '5.0.1', '2.1.1' ],
60 silly audit   'mixin-deep': [ '1.3.2' ],
60 silly audit   ms: [ '2.0.0' ],
60 silly audit   nan: [ '2.15.0' ],
60 silly audit   nanoid: [ '3.2.0' ],
60 silly audit   nanomatch: [ '1.2.13' ],
60 silly audit   'node-releases': [ '2.0.2' ],
60 silly audit   'object-copy': [ '0.1.0' ],
60 silly audit   'object-visit': [ '1.0.1' ],
60 silly audit   'object.pick': [ '1.3.0' ],
60 silly audit   pascalcase: [ '0.1.1' ],
60 silly audit   'path-dirname': [ '1.0.2' ],
60 silly audit   'path-is-absolute': [ '1.0.1' ],
60 silly audit   picomatch: [ '2.3.1' ],
60 silly audit   'posix-character-classes': [ '0.1.1' ],
60 silly audit   'pretty-format': [ '27.5.1' ],
60 silly audit   'react-is': [ '17.0.2', '16.13.1' ],
60 silly audit   'process-nextick-args': [ '2.0.1' ],
60 silly audit   'readable-stream': [ '2.3.7' ],
60 silly audit   'safe-buffer': [ '5.1.2', '5.2.1' ],
60 silly audit   readdirp: [ '2.2.1' ],
60 silly audit   'regex-not': [ '1.0.2' ],
60 silly audit   'remove-trailing-separator': [ '1.1.0' ],
60 silly audit   'repeat-element': [ '1.1.4' ],
60 silly audit   'repeat-string': [ '1.6.1' ],
60 silly audit   'requires-port': [ '1.0.0' ],
60 silly audit   'resolve-url': [ '0.2.1' ],
60 silly audit   ret: [ '0.1.15' ],
60 silly audit   'safe-regex': [ '1.1.0' ],
60 silly audit   'set-value': [ '2.0.1' ],
60 silly audit   snapdragon: [ '0.8.2' ],
60 silly audit   'snapdragon-node': [ '2.1.1' ],
60 silly audit   'snapdragon-util': [ '3.0.1' ],
60 silly audit   'source-map-js': [ '1.0.2' ],
60 silly audit   'source-map-resolve': [ '0.5.3' ],
60 silly audit   'source-map-url': [ '0.4.1' ],
60 silly audit   'split-string': [ '3.1.0' ],
60 silly audit   'static-extend': [ '0.1.2' ],
60 silly audit   string_decoder: [ '1.1.1' ],
60 silly audit   'supports-color': [ '7.2.0' ],
60 silly audit   'to-fast-properties': [ '2.0.0' ],
60 silly audit   'to-object-path': [ '0.3.0' ],
60 silly audit   'to-regex': [ '3.0.2' ],
60 silly audit   'types-registry': [ '0.1.580' ],
60 silly audit   'union-value': [ '1.0.1' ],
60 silly audit   'unset-value': [ '1.0.0' ],
60 silly audit   upath: [ '1.2.0' ],
60 silly audit   urix: [ '0.1.0' ],
60 silly audit   use: [ '3.1.1' ],
60 silly audit   'util-deprecate': [ '1.0.2' ],
60 silly audit   '@types/bootstrap': [ '5.1.9' ],
60 silly audit   '@popperjs/core': [ '2.11.2' ],
60 silly audit   '@types/jquery': [ '3.5.13' ],
60 silly audit   '@types/sizzle': [ '2.3.3' ]
60 silly audit }
61 silly tarball no local data for @types/sizzle@https://registry.npmjs.org/@types/sizzle/-/sizzle-2.3.3.tgz. Extracting by manifest.
62 silly tarball no local data for @types/jquery@https://registry.npmjs.org/@types/jquery/-/jquery-3.5.13.tgz. Extracting by manifest.
63 silly tarball no local data for @popperjs/core@https://registry.npmjs.org/@popperjs/core/-/core-2.11.2.tgz. Extracting by manifest.
64 silly tarball no local data for @types/bootstrap@https://registry.npmjs.org/@types/bootstrap/-/bootstrap-5.1.9.tgz. Extracting by manifest.
65 http fetch POST 200 https://registry.npmjs.org/-/npm/v1/security/advisories/bulk 154ms
66 timing auditReport:getReport Completed in 165ms
67 silly audit report {
67 silly audit report   'glob-parent': [
67 silly audit report     {
67 silly audit report       id: 1006947,
67 silly audit report       url: 'https://github.com/advisories/GHSA-ww39-953v-wcq6',
67 silly audit report       title: 'Regular expression denial of service',
67 silly audit report       severity: 'high',
67 silly audit report       vulnerable_versions: '<5.1.2'
67 silly audit report     }
67 silly audit report   ],
67 silly audit report   postcss: [
67 silly audit report     {
67 silly audit report       id: 1006846,
67 silly audit report       url: 'https://github.com/advisories/GHSA-566m-qj78-rww5',
67 silly audit report       title: 'Regular Expression Denial of Service in postcss',
67 silly audit report       severity: 'moderate',
67 silly audit report       vulnerable_versions: '<8.2.13'
67 silly audit report     }
67 silly audit report   ]
67 silly audit report }
68 timing metavuln:cache:get:security-advisory:postcss:GrijH2MF5xFvcGnLjcTcqSU65k1AM97Xn6KfLAvikbW4YjNf4SVNC2R4K+9gk0qtWmMa1veij2cR8KUdPKkneA== Completed in 17ms
69 timing metavuln:cache:get:security-advisory:glob-parent:xD8TPHJIKJLpyIX9eYp5C7ztLrV6IvawO1Sf29ztHiCdvqJmakCyTPi58uPUC6wqP5JkvSg2tWeo6V/I1fYd6g== Completed in 22ms
70 http fetch GET 200 https://registry.npmjs.org/@types/sizzle/-/sizzle-2.3.3.tgz 194ms (cache miss)
71 timing reifyNode:node_modules/@types/sizzle Completed in 205ms
72 http fetch GET 200 https://registry.npmjs.org/postcss 76ms (cache hit)
73 timing metavuln:packument:postcss Completed in 79ms
74 timing metavuln:load:security-advisory:postcss:1006846 Completed in 2ms
75 timing metavuln:calculate:security-advisory:postcss:1006846 Completed in 81ms
76 http fetch GET 200 https://registry.npmjs.org/glob-parent 83ms (cache hit)
77 timing metavuln:packument:glob-parent Completed in 85ms
78 timing metavuln:load:security-advisory:glob-parent:1006947 Completed in 0ms
79 timing metavuln:calculate:security-advisory:glob-parent:1006947 Completed in 86ms
80 timing metavuln:cache:get:security-advisory:chokidar:8RLmGh4oLb7R21Wzp2NmDpdtQ/pK71xAuUOrU0vtsJFRBUT4eqKfWTdASKv4oG+Jc62kiQ4ACvDusI+VnWEqQA== Completed in 13ms
81 http fetch GET 200 https://registry.npmjs.org/@types/bootstrap/-/bootstrap-5.1.9.tgz 253ms (cache miss)
82 timing reifyNode:node_modules/@types/bootstrap Completed in 289ms
83 http fetch GET 200 https://registry.npmjs.org/chokidar 50ms (cache hit)
84 timing metavuln:packument:chokidar Completed in 51ms
85 timing metavuln:load:security-advisory:chokidar:xD8TPHJIKJLpyIX9eYp5C7ztLrV6IvawO1Sf29ztHiCdvqJmakCyTPi58uPUC6wqP5JkvSg2tWeo6V/I1fYd6g== Completed in 0ms
86 timing metavuln:calculate:security-advisory:chokidar:xD8TPHJIKJLpyIX9eYp5C7ztLrV6IvawO1Sf29ztHiCdvqJmakCyTPi58uPUC6wqP5JkvSg2tWeo6V/I1fYd6g== Completed in 54ms
87 timing metavuln:cache:get:security-advisory:@types/autoprefixer:qfdWdnMOmlnrB1EiQ1VacpshvwVZXxdylJDLBmCowMjPE53Gc3oX05uaQ/aYv3iojODK/GLTAA5vOk99HEMuNg== Completed in 10ms
88 timing metavuln:cache:get:security-advisory:@types/postcss-flexbugs-fixes:5tAOmg5rxdby7q3gylnukIgjJR0FbIN8wLlsb9oF9w0lqVaqQDNcJ05zhR4+hVEiypbLjsrB4tBguBqsNqspmw== Completed in 9ms
89 timing metavuln:cache:get:security-advisory:@types/postcss-preset-env:9T69w3qXn30eUaGbbDk6bYd+vEUg2ofXpZhGoHA+a4mK+ro3RXIUCEDsUHkNIPevD8qeWQ1N+eI08Fx1n68hLA== Completed in 8ms
90 timing metavuln:cache:get:security-advisory:@types/postcss-gap-properties:8UzSA117NrLeSgFGM/KtipJqSPF1RhYjo3EM2m77NKkQdRQ1Rzuk9n6hyBpYmjgnkTENsSTzqoud8Q02ANp13w== Completed in 10ms
91 http fetch GET 200 https://registry.npmjs.org/@types%2fpostcss-flexbugs-fixes 20ms (cache hit)
92 timing metavuln:packument:@types/postcss-flexbugs-fixes Completed in 20ms
93 timing metavuln:load:security-advisory:@types/postcss-flexbugs-fixes:GrijH2MF5xFvcGnLjcTcqSU65k1AM97Xn6KfLAvikbW4YjNf4SVNC2R4K+9gk0qtWmMa1veij2cR8KUdPKkneA== Completed in 0ms
94 timing metavuln:calculate:security-advisory:@types/postcss-flexbugs-fixes:GrijH2MF5xFvcGnLjcTcqSU65k1AM97Xn6KfLAvikbW4YjNf4SVNC2R4K+9gk0qtWmMa1veij2cR8KUdPKkneA== Completed in 20ms
95 http fetch GET 200 https://registry.npmjs.org/@types%2fpostcss-preset-env 20ms (cache hit)
96 timing metavuln:packument:@types/postcss-preset-env Completed in 20ms
97 timing metavuln:load:security-advisory:@types/postcss-preset-env:GrijH2MF5xFvcGnLjcTcqSU65k1AM97Xn6KfLAvikbW4YjNf4SVNC2R4K+9gk0qtWmMa1veij2cR8KUdPKkneA== Completed in 0ms
98 timing metavuln:calculate:security-advisory:@types/postcss-preset-env:GrijH2MF5xFvcGnLjcTcqSU65k1AM97Xn6KfLAvikbW4YjNf4SVNC2R4K+9gk0qtWmMa1veij2cR8KUdPKkneA== Completed in 20ms
99 http fetch GET 200 https://registry.npmjs.org/@types%2fautoprefixer 21ms (cache hit)
100 timing metavuln:packument:@types/autoprefixer Completed in 22ms
101 timing metavuln:load:security-advisory:@types/autoprefixer:GrijH2MF5xFvcGnLjcTcqSU65k1AM97Xn6KfLAvikbW4YjNf4SVNC2R4K+9gk0qtWmMa1veij2cR8KUdPKkneA== Completed in 0ms
102 timing metavuln:calculate:security-advisory:@types/autoprefixer:GrijH2MF5xFvcGnLjcTcqSU65k1AM97Xn6KfLAvikbW4YjNf4SVNC2R4K+9gk0qtWmMa1veij2cR8KUdPKkneA== Completed in 23ms
103 http fetch GET 200 https://registry.npmjs.org/@types%2fpostcss-gap-properties 21ms (cache hit)
104 timing metavuln:packument:@types/postcss-gap-properties Completed in 23ms
105 timing metavuln:load:security-advisory:@types/postcss-gap-properties:GrijH2MF5xFvcGnLjcTcqSU65k1AM97Xn6KfLAvikbW4YjNf4SVNC2R4K+9gk0qtWmMa1veij2cR8KUdPKkneA== Completed in 0ms
106 timing metavuln:calculate:security-advisory:@types/postcss-gap-properties:GrijH2MF5xFvcGnLjcTcqSU65k1AM97Xn6KfLAvikbW4YjNf4SVNC2R4K+9gk0qtWmMa1veij2cR8KUdPKkneA== Completed in 23ms
107 timing metavuln:cache:get:security-advisory:@types/watchpack:zHNgmc91CFoMGmnBWLSpZKGL4Q2qwarLbXlQ9TYr1au0ZMm0EeC9UnNNtVDj6nINbiZ6vB2Wykkx7A0emx/gAQ== Completed in 8ms
108 http fetch GET 200 https://registry.npmjs.org/@types%2fwatchpack 16ms (cache hit)
109 timing metavuln:packument:@types/watchpack Completed in 16ms
110 timing metavuln:load:security-advisory:@types/watchpack:8RLmGh4oLb7R21Wzp2NmDpdtQ/pK71xAuUOrU0vtsJFRBUT4eqKfWTdASKv4oG+Jc62kiQ4ACvDusI+VnWEqQA== Completed in 0ms
111 timing metavuln:calculate:security-advisory:@types/watchpack:8RLmGh4oLb7R21Wzp2NmDpdtQ/pK71xAuUOrU0vtsJFRBUT4eqKfWTdASKv4oG+Jc62kiQ4ACvDusI+VnWEqQA== Completed in 17ms
112 timing metavuln:cache:get:security-advisory:@types/postcss-preset-env:ojX+Wlp+PuvkmamRbOcfUlWGCsmuRW2cOUw7VkxtyP/H+pvopfypfBv5fmmu5YWMkeTUOI6hIg+78JKeihfL0Q== Completed in 6ms
113 timing metavuln:load:security-advisory:@types/postcss-preset-env:qfdWdnMOmlnrB1EiQ1VacpshvwVZXxdylJDLBmCowMjPE53Gc3oX05uaQ/aYv3iojODK/GLTAA5vOk99HEMuNg== Completed in 0ms
114 timing metavuln:calculate:security-advisory:@types/postcss-preset-env:qfdWdnMOmlnrB1EiQ1VacpshvwVZXxdylJDLBmCowMjPE53Gc3oX05uaQ/aYv3iojODK/GLTAA5vOk99HEMuNg== Completed in 7ms
115 timing auditReport:init Completed in 193ms
116 timing reify:audit Completed in 360ms
117 http fetch GET 200 https://registry.npmjs.org/@types/jquery/-/jquery-3.5.13.tgz 341ms (cache miss)
118 timing reifyNode:node_modules/@types/jquery Completed in 355ms
119 http fetch GET 200 https://registry.npmjs.org/@popperjs/core/-/core-2.11.2.tgz 568ms (cache miss)
120 timing reifyNode:node_modules/@popperjs/core Completed in 598ms
121 timing reify:unpack Completed in 600ms
122 timing reify:unretire Completed in 0ms
123 timing build:queue Completed in 2ms
124 timing build:deps Completed in 2ms
125 timing build Completed in 7ms
126 timing reify:build Completed in 7ms
127 timing reify:trash Completed in 0ms
128 timing reify:save Completed in 144ms
129 timing reify Completed in 2766ms
130 silly ADD node_modules/@types/sizzle
131 silly ADD node_modules/@types/jquery
132 silly ADD node_modules/@popperjs/core
133 silly ADD node_modules/@types/bootstrap
134 timing command:install Completed in 2813ms
135 verbose exit 0
136 timing npm Completed in 3653ms
137 info ok
