0 verbose cli [
0 verbose cli   '/usr/local/bin/node',
0 verbose cli   '/usr/local/bin/npm',
0 verbose cli   'install',
0 verbose cli   'react-icons',
0 verbose cli   '--save'
0 verbose cli ]
1 info using npm@8.4.1
2 info using node@v17.4.0
3 timing npm:load:whichnode Completed in 0ms
4 timing config:load:defaults Completed in 2ms
5 timing config:load:file:/usr/local/lib/node_modules/npm/npmrc Completed in 17ms
6 timing config:load:builtin Completed in 17ms
7 timing config:load:cli Completed in 2ms
8 timing config:load:env Completed in 0ms
9 timing config:load:file:/Users/josuedavid/Documents/react/.npmrc Completed in 0ms
10 timing config:load:project Completed in 1ms
11 verbose config tmp This setting is no longer used.  npm stores temporary files in a special
11 verbose config location in the cache, and they are managed by
11 verbose config     [`cacache`](http://npm.im/cacache).
12 timing config:load:file:/Users/josuedavid/.npmrc Completed in 1ms
13 timing config:load:user Completed in 1ms
14 timing config:load:file:/usr/local/etc/npmrc Completed in 0ms
15 timing config:load:global Completed in 0ms
16 timing config:load:validate Completed in 1ms
17 timing config:load:credentials Completed in 1ms
18 timing config:load:setEnvs Completed in 5ms
19 timing config:load Completed in 33ms
20 timing npm:load:configload Completed in 33ms
21 timing npm:load:setTitle Completed in 22ms
22 timing config:load:flatten Completed in 4ms
23 timing npm:load:display Completed in 10ms
24 verbose logfile /Users/josuedavid/Documents/react/C:\Users\josuedavid\AppData\Roaming\npm-cache/_logs/2022-02-04T17_17_41_874Z-debug-0.log
25 timing npm:load:logFile Completed in 8ms
26 timing npm:load:timers Completed in 0ms
27 timing npm:load:configScope Completed in 0ms
28 timing npm:load Completed in 74ms
29 timing arborist:ctor Completed in 1ms
30 timing arborist:ctor Completed in 0ms
31 timing idealTree:init Completed in 45ms
32 timing idealTree:userRequests Completed in 2ms
33 silly idealTree buildDeps
34 silly fetch manifest react-icons@*
35 http fetch GET 200 https://registry.npmjs.org/react-icons 866ms (cache miss)
36 silly fetch manifest react@*
37 http fetch GET 200 https://registry.npmjs.org/react 81ms (cache miss)
38 silly placeDep ROOT react-icons@4.3.1 OK for:  want: *
39 silly placeDep ROOT react@17.0.2 OK for: react-icons@4.3.1 want: *
40 silly fetch manifest loose-envify@^1.1.0
41 silly fetch manifest object-assign@^4.1.1
42 http fetch GET 200 https://registry.npmjs.org/loose-envify 65ms (cache miss)
43 http fetch GET 200 https://registry.npmjs.org/object-assign 115ms (cache miss)
44 timing idealTree:#root Completed in 1128ms
45 silly placeDep ROOT loose-envify@1.4.0 OK for: react@17.0.2 want: ^1.1.0
46 silly placeDep ROOT object-assign@4.1.1 OK for: react@17.0.2 want: ^4.1.1
47 silly fetch manifest js-tokens@^3.0.0 || ^4.0.0
48 http fetch GET 200 https://registry.npmjs.org/js-tokens 59ms (cache miss)
49 timing idealTree:node_modules/react Completed in 82ms
50 silly placeDep ROOT js-tokens@4.0.0 OK for: loose-envify@1.4.0 want: ^3.0.0 || ^4.0.0
51 timing idealTree:node_modules/loose-envify Completed in 5ms
52 timing idealTree:node_modules/js-tokens Completed in 0ms
53 timing idealTree:node_modules/object-assign Completed in 0ms
54 timing idealTree:node_modules/react-icons Completed in 0ms
55 timing idealTree:buildDeps Completed in 1218ms
56 timing idealTree:fixDepFlags Completed in 1ms
57 timing idealTree Completed in 1267ms
58 timing reify:loadTrees Completed in 1269ms
59 timing reify:diffTrees Completed in 1ms
60 silly reify moves {}
61 timing reify:retireShallow Completed in 0ms
62 timing reify:createSparse Completed in 6ms
63 timing reify:loadBundles Completed in 0ms
64 silly audit bulk request {
64 silly audit   'react-icons': [ '4.3.1' ],
64 silly audit   react: [ '17.0.2' ],
64 silly audit   'loose-envify': [ '1.4.0' ],
64 silly audit   'object-assign': [ '4.1.1' ],
64 silly audit   'js-tokens': [ '4.0.0' ]
64 silly audit }
65 silly tarball no local data for js-tokens@https://registry.npmjs.org/js-tokens/-/js-tokens-4.0.0.tgz. Extracting by manifest.
66 silly tarball no local data for object-assign@https://registry.npmjs.org/object-assign/-/object-assign-4.1.1.tgz. Extracting by manifest.
67 silly tarball no local data for loose-envify@https://registry.npmjs.org/loose-envify/-/loose-envify-1.4.0.tgz. Extracting by manifest.
68 silly tarball no local data for react@https://registry.npmjs.org/react/-/react-17.0.2.tgz. Extracting by manifest.
69 silly tarball no local data for react-icons@https://registry.npmjs.org/react-icons/-/react-icons-4.3.1.tgz. Extracting by manifest.
70 http fetch POST 200 https://registry.npmjs.org/-/npm/v1/security/advisories/bulk 292ms
71 timing auditReport:getReport Completed in 293ms
72 silly audit report {}
73 timing auditReport:init Completed in 1ms
74 timing reify:audit Completed in 298ms
75 http fetch GET 200 https://registry.npmjs.org/js-tokens/-/js-tokens-4.0.0.tgz 896ms (cache miss)
76 timing reifyNode:node_modules/js-tokens Completed in 945ms
77 http fetch GET 200 https://registry.npmjs.org/loose-envify/-/loose-envify-1.4.0.tgz 869ms (cache miss)
78 timing reifyNode:node_modules/loose-envify Completed in 1038ms
79 http fetch GET 200 https://registry.npmjs.org/object-assign/-/object-assign-4.1.1.tgz 884ms (cache miss)
80 timing reifyNode:node_modules/object-assign Completed in 1050ms
81 http fetch GET 200 https://registry.npmjs.org/react/-/react-17.0.2.tgz 949ms (cache miss)
82 timing reifyNode:node_modules/react Completed in 1130ms
83 http fetch GET 200 https://registry.npmjs.org/react-icons/-/react-icons-4.3.1.tgz 2446ms (cache miss)
84 timing reifyNode:node_modules/react-icons Completed in 2634ms
85 timing reify:unpack Completed in 2643ms
86 timing reify:unretire Completed in 1ms
87 timing build:queue Completed in 3ms
88 timing build:link:node_modules/loose-envify Completed in 10ms
89 timing build:link Completed in 10ms
90 timing build:deps Completed in 14ms
91 timing build Completed in 14ms
92 timing reify:build Completed in 14ms
93 timing reify:trash Completed in 0ms
94 timing reify:save Completed in 101ms
95 timing reify Completed in 4107ms
96 silly ADD node_modules/js-tokens
97 silly ADD node_modules/object-assign
98 silly ADD node_modules/loose-envify
99 silly ADD node_modules/react
100 silly ADD node_modules/react-icons
101 timing command:install Completed in 4141ms
102 verbose exit 0
103 timing npm Completed in 4840ms
104 info ok
