0 verbose cli [ '/usr/local/bin/node', '/usr/local/bin/npm', 'install', 'bootstrap' ]
1 info using npm@8.4.1
2 info using node@v17.4.0
3 timing npm:load:whichnode Completed in 0ms
4 timing config:load:defaults Completed in 2ms
5 timing config:load:file:/usr/local/lib/node_modules/npm/npmrc Completed in 33ms
6 timing config:load:builtin Completed in 33ms
7 timing config:load:cli Completed in 2ms
8 timing config:load:env Completed in 1ms
9 timing config:load:file:/Users/josuedavid/Documents/react/.npmrc Completed in 0ms
10 timing config:load:project Completed in 2ms
11 verbose config tmp This setting is no longer used.  npm stores temporary files in a special
11 verbose config location in the cache, and they are managed by
11 verbose config     [`cacache`](http://npm.im/cacache).
12 timing config:load:file:/Users/josuedavid/.npmrc Completed in 1ms
13 timing config:load:user Completed in 1ms
14 timing config:load:file:/usr/local/etc/npmrc Completed in 13ms
15 timing config:load:global Completed in 13ms
16 timing config:load:validate Completed in 1ms
17 timing config:load:credentials Completed in 3ms
18 timing config:load:setEnvs Completed in 1ms
19 timing config:load Completed in 99ms
20 timing npm:load:configload Completed in 99ms
21 timing npm:load:setTitle Completed in 47ms
22 timing config:load:flatten Completed in 4ms
23 timing npm:load:display Completed in 7ms
24 verbose logfile /Users/josuedavid/Documents/react/C:\Users\josuedavid\AppData\Roaming\npm-cache/_logs/2022-02-22T19_42_04_600Z-debug-0.log
25 timing npm:load:logFile Completed in 9ms
26 timing npm:load:timers Completed in 0ms
27 timing npm:load:configScope Completed in 0ms
28 timing npm:load Completed in 166ms
29 timing arborist:ctor Completed in 0ms
30 timing idealTree:init Completed in 58ms
31 timing idealTree:userRequests Completed in 1ms
32 silly idealTree buildDeps
33 silly fetch manifest bootstrap@*
34 timing arborist:ctor Completed in 0ms
35 http fetch GET 200 https://registry.npmjs.org/bootstrap 1155ms (cache revalidated)
36 silly fetch manifest @popperjs/core@^2.10.2
37 http fetch GET 200 https://registry.npmjs.org/@popperjs%2fcore 76ms (cache revalidated)
38 silly placeDep ROOT bootstrap@5.1.3 OK for:  want: *
39 silly placeDep ROOT @popperjs/core@2.11.2 OK for: bootstrap@5.1.3 want: ^2.10.2
40 timing idealTree:#root Completed in 1271ms
41 timing idealTree:node_modules/@popperjs/core Completed in 0ms
42 timing idealTree:node_modules/bootstrap Completed in 0ms
43 timing idealTree:buildDeps Completed in 1273ms
44 timing idealTree:fixDepFlags Completed in 0ms
45 timing idealTree Completed in 1336ms
46 timing reify:loadTrees Completed in 1363ms
47 timing reify:diffTrees Completed in 2ms
48 silly reify moves {}
49 timing reify:retireShallow Completed in 0ms
50 timing reify:createSparse Completed in 2ms
51 timing reify:loadBundles Completed in 0ms
52 silly audit bulk request {
52 silly audit   '@fortawesome/fontawesome-free': [ '5.15.4' ],
52 silly audit   'fa-icons': [ '0.2.0' ],
52 silly audit   'js-tokens': [ '4.0.0' ],
52 silly audit   'lit-element': [ '2.5.1' ],
52 silly audit   'lit-html': [ '1.4.1' ],
52 silly audit   'loose-envify': [ '1.4.0' ],
52 silly audit   'object-assign': [ '4.1.1' ],
52 silly audit   react: [ '17.0.2' ],
52 silly audit   'react-icons': [ '4.3.1' ],
52 silly audit   bootstrap: [ '5.1.3' ],
52 silly audit   '@popperjs/core': [ '2.11.2' ]
52 silly audit }
53 http fetch POST 200 https://registry.npmjs.org/-/npm/v1/security/advisories/bulk 221ms
54 timing auditReport:getReport Completed in 224ms
55 silly audit report {}
56 timing auditReport:init Completed in 0ms
57 timing reify:audit Completed in 226ms
58 timing reifyNode:node_modules/@popperjs/core Completed in 700ms
59 timing reifyNode:node_modules/bootstrap Completed in 910ms
60 timing reify:unpack Completed in 912ms
61 timing reify:unretire Completed in 0ms
62 timing build:queue Completed in 1ms
63 timing build:deps Completed in 1ms
64 timing build Completed in 1ms
65 timing reify:build Completed in 2ms
66 timing reify:trash Completed in 0ms
67 timing reify:save Completed in 20ms
68 timing reify Completed in 2362ms
69 silly ADD node_modules/@popperjs/core
70 silly ADD node_modules/bootstrap
71 timing command:install Completed in 2449ms
72 verbose exit 0
73 timing npm Completed in 3393ms
74 info ok
