0 verbose cli [
0 verbose cli   '/usr/local/bin/node',
0 verbose cli   '/usr/local/bin/npm',
0 verbose cli   'install',
0 verbose cli   '--ignore-scripts',
0 verbose cli   'types-registry@latest'
0 verbose cli ]
1 info using npm@8.4.1
2 info using node@v17.4.0
3 timing npm:load:whichnode Completed in 0ms
4 timing config:load:defaults Completed in 4ms
5 timing config:load:file:/usr/local/lib/node_modules/npm/npmrc Completed in 294ms
6 timing config:load:builtin Completed in 295ms
7 timing config:load:cli Completed in 4ms
8 timing config:load:env Completed in 0ms
9 timing config:load:file:/Users/josuedavid/Library/Caches/typescript/4.5/.npmrc Completed in 0ms
10 timing config:load:project Completed in 2ms
11 verbose config tmp This setting is no longer used.  npm stores temporary files in a special
11 verbose config location in the cache, and they are managed by
11 verbose config     [`cacache`](http://npm.im/cacache).
12 timing config:load:file:/Users/josuedavid/.npmrc Completed in 2ms
13 timing config:load:user Completed in 5ms
14 timing config:load:file:/usr/local/etc/npmrc Completed in 3ms
15 timing config:load:global Completed in 4ms
16 timing config:load:validate Completed in 0ms
17 timing config:load:credentials Completed in 2ms
18 timing config:load:setEnvs Completed in 2ms
19 timing config:load Completed in 320ms
20 timing npm:load:configload Completed in 320ms
21 timing npm:load:setTitle Completed in 54ms
22 timing config:load:flatten Completed in 4ms
23 timing npm:load:display Completed in 6ms
24 verbose logfile /Users/josuedavid/Documents/react/C:\Users\josuedavid\AppData\Roaming\npm-cache/_logs/2022-02-06T18_12_12_936Z-debug-0.log
25 timing npm:load:logFile Completed in 9ms
26 timing npm:load:timers Completed in 0ms
27 timing npm:load:configScope Completed in 0ms
28 timing npm:load Completed in 390ms
29 timing arborist:ctor Completed in 1ms
30 timing idealTree:init Completed in 34ms
31 timing arborist:ctor Completed in 0ms
32 http fetch GET 200 https://registry.npmjs.org/types-registry 2009ms (cache updated)
33 timing idealTree:userRequests Completed in 2045ms
34 silly idealTree buildDeps
35 silly fetch manifest types-registry@0.1.579
36 silly placeDep ROOT types-registry@0.1.579 REPLACE for:  want: 0.1.579
37 timing idealTree:#root Completed in 23ms
38 timing idealTree:node_modules/types-registry Completed in 0ms
39 timing idealTree:buildDeps Completed in 27ms
40 timing idealTree:fixDepFlags Completed in 1ms
41 timing idealTree Completed in 2115ms
42 timing reify:loadTrees Completed in 2117ms
43 timing reify:diffTrees Completed in 1ms
44 silly reify mark retired [
44 silly reify   '/Users/josuedavid/Library/Caches/typescript/4.5/node_modules/types-registry'
44 silly reify ]
45 silly reify moves {
45 silly reify   '/Users/josuedavid/Library/Caches/typescript/4.5/node_modules/types-registry': '/Users/josuedavid/Library/Caches/typescript/4.5/node_modules/.types-registry-3PycIbY3'
45 silly reify }
46 timing reify:retireShallow Completed in 10ms
47 timing reify:createSparse Completed in 3ms
48 timing reify:loadBundles Completed in 0ms
49 silly audit bulk request { 'types-registry': [ '0.1.579' ] }
50 silly tarball no local data for types-registry@https://registry.npmjs.org/types-registry/-/types-registry-0.1.579.tgz. Extracting by manifest.
51 http fetch POST 200 https://registry.npmjs.org/-/npm/v1/security/advisories/bulk 308ms
52 timing auditReport:getReport Completed in 311ms
53 silly audit report {}
54 timing auditReport:init Completed in 0ms
55 timing reify:audit Completed in 312ms
56 http fetch GET 200 https://registry.npmjs.org/types-registry/-/types-registry-0.1.579.tgz 545ms (cache miss)
57 timing reifyNode:node_modules/types-registry Completed in 746ms
58 timing reify:unpack Completed in 746ms
59 timing reify:unretire Completed in 1ms
60 timing build:queue Completed in 1ms
61 timing build:deps Completed in 2ms
62 timing build Completed in 3ms
63 timing reify:build Completed in 3ms
64 timing reify:trash Completed in 5ms
65 timing reify:save Completed in 25ms
66 timing reify Completed in 2987ms
67 silly CHANGE node_modules/types-registry
68 timing command:install Completed in 2992ms
69 verbose exit 0
70 timing npm Completed in 6614ms
71 info ok
