0 verbose cli [ '/usr/local/bin/node', '/usr/local/bin/npm', 'start' ]
1 info using npm@8.4.1
2 info using node@v17.4.0
3 timing npm:load:whichnode Completed in 0ms
4 timing config:load:defaults Completed in 3ms
5 timing config:load:file:/usr/local/lib/node_modules/npm/npmrc Completed in 121ms
6 timing config:load:builtin Completed in 121ms
7 timing config:load:cli Completed in 2ms
8 timing config:load:env Completed in 38ms
9 timing config:load:file:/Users/josuedavid/Documents/AWS/todo-app/.npmrc Completed in 15ms
10 timing config:load:project Completed in 40ms
11 verbose config tmp This setting is no longer used.  npm stores temporary files in a special
11 verbose config location in the cache, and they are managed by
11 verbose config     [`cacache`](http://npm.im/cacache).
12 timing config:load:file:/Users/josuedavid/.npmrc Completed in 39ms
13 timing config:load:user Completed in 39ms
14 timing config:load:file:/usr/local/etc/npmrc Completed in 1ms
15 timing config:load:global Completed in 1ms
16 timing config:load:validate Completed in 1ms
17 timing config:load:credentials Completed in 3ms
18 timing config:load:setEnvs Completed in 2ms
19 timing config:load Completed in 266ms
20 timing npm:load:configload Completed in 266ms
21 timing npm:load:setTitle Completed in 39ms
22 timing config:load:flatten Completed in 3ms
23 timing npm:load:display Completed in 5ms
24 verbose logfile /Users/josuedavid/Documents/react/C:\Users\josuedavid\AppData\Roaming\npm-cache/_logs/2022-02-06T18_12_40_078Z-debug-0.log
25 timing npm:load:logFile Completed in 6ms
26 timing npm:load:timers Completed in 0ms
27 timing npm:load:configScope Completed in 0ms
28 timing npm:load Completed in 319ms
29 timing command:run-script Completed in 64224ms
30 timing command:start Completed in 64230ms
31 verbose exit 0
32 timing npm Completed in 66102ms
33 info ok
