0 verbose cli [
0 verbose cli   '/usr/local/bin/node',
0 verbose cli   '/usr/local/bin/npm',
0 verbose cli   'install',
0 verbose cli   '--ignore-scripts',
0 verbose cli   'types-registry@latest'
0 verbose cli ]
1 info using npm@8.4.1
2 info using node@v17.4.0
3 timing npm:load:whichnode Completed in 0ms
4 timing config:load:defaults Completed in 2ms
5 timing config:load:file:/usr/local/lib/node_modules/npm/npmrc Completed in 32ms
6 timing config:load:builtin Completed in 35ms
7 timing config:load:cli Completed in 4ms
8 timing config:load:env Completed in 1ms
9 timing config:load:file:/Users/josuedavid/Library/Caches/typescript/4.5/.npmrc Completed in 252ms
10 timing config:load:project Completed in 253ms
11 verbose config tmp This setting is no longer used.  npm stores temporary files in a special
11 verbose config location in the cache, and they are managed by
11 verbose config     [`cacache`](http://npm.im/cacache).
12 timing config:load:file:/Users/josuedavid/.npmrc Completed in 1ms
13 timing config:load:user Completed in 1ms
14 timing config:load:file:/usr/local/etc/npmrc Completed in 7ms
15 timing config:load:global Completed in 7ms
16 timing config:load:validate Completed in 0ms
17 timing config:load:credentials Completed in 1ms
18 timing config:load:setEnvs Completed in 1ms
19 timing config:load Completed in 306ms
20 timing npm:load:configload Completed in 306ms
21 timing npm:load:setTitle Completed in 24ms
22 timing config:load:flatten Completed in 2ms
23 timing npm:load:display Completed in 4ms
24 verbose logfile /Users/josuedavid/Documents/react/C:\Users\josuedavid\AppData\Roaming\npm-cache/_logs/2022-02-13T13_56_54_367Z-debug-0.log
25 timing npm:load:logFile Completed in 178ms
26 timing npm:load:timers Completed in 0ms
27 timing npm:load:configScope Completed in 0ms
28 timing npm:load Completed in 513ms
29 timing arborist:ctor Completed in 0ms
30 timing idealTree:init Completed in 341ms
31 timing arborist:ctor Completed in 0ms
32 http fetch GET 200 https://registry.npmjs.org/types-registry 455ms (cache hit)
33 timing idealTree:userRequests Completed in 672ms
34 silly idealTree buildDeps
35 silly fetch manifest types-registry@0.1.580
36 silly placeDep ROOT types-registry@0.1.580 REPLACE for:  want: 0.1.580
37 timing idealTree:#root Completed in 21ms
38 timing idealTree:node_modules/types-registry Completed in 1ms
39 timing idealTree:buildDeps Completed in 25ms
40 timing idealTree:fixDepFlags Completed in 1ms
41 timing idealTree Completed in 1042ms
42 timing reify:loadTrees Completed in 1044ms
43 timing reify:diffTrees Completed in 5ms
44 silly reify moves {}
45 timing reify:retireShallow Completed in 1ms
46 timing reify:createSparse Completed in 0ms
47 timing reify:loadBundles Completed in 0ms
48 silly audit bulk request {
48 silly audit   '@types/connect': [ '3.4.35' ],
48 silly audit   '@types/express-serve-static-core': [ '4.17.28' ],
48 silly audit   '@types/node': [ '17.0.15' ],
48 silly audit   '@types/qs': [ '6.9.7' ],
48 silly audit   '@types/range-parser': [ '1.2.4' ],
48 silly audit   'types-registry': [ '0.1.580' ]
48 silly audit }
49 timing reify:unpack Completed in 342ms
50 timing reify:unretire Completed in 0ms
51 timing build:queue Completed in 0ms
52 timing build:deps Completed in 1ms
53 timing build Completed in 1ms
54 timing reify:build Completed in 1ms
55 timing reify:trash Completed in 0ms
56 timing reify:save Completed in 259ms
57 http fetch POST 200 https://registry.npmjs.org/-/npm/v1/security/advisories/bulk 2893ms
58 timing auditReport:getReport Completed in 2901ms
59 silly audit report {}
60 timing auditReport:init Completed in 0ms
61 timing reify:audit Completed in 2903ms
62 timing reify Completed in 3964ms
63 timing command:install Completed in 4180ms
64 verbose exit 0
65 timing npm Completed in 8230ms
66 info ok
