0 verbose cli [ '/usr/local/bin/node', '/usr/local/bin/npm', 'run', 'start' ]
1 info using npm@8.4.1
2 info using node@v17.4.0
3 timing npm:load:whichnode Completed in 0ms
4 timing config:load:defaults Completed in 2ms
5 timing config:load:file:/usr/local/lib/node_modules/npm/npmrc Completed in 13ms
6 timing config:load:builtin Completed in 13ms
7 timing config:load:cli Completed in 1ms
8 timing config:load:env Completed in 1ms
9 timing config:load:file:/Users/josuedavid/Documents/react/.npmrc Completed in 0ms
10 timing config:load:project Completed in 1ms
11 verbose config tmp This setting is no longer used.  npm stores temporary files in a special
11 verbose config location in the cache, and they are managed by
11 verbose config     [`cacache`](http://npm.im/cacache).
12 timing config:load:file:/Users/josuedavid/.npmrc Completed in 0ms
13 timing config:load:user Completed in 1ms
14 timing config:load:file:/usr/local/etc/npmrc Completed in 0ms
15 timing config:load:global Completed in 0ms
16 timing config:load:validate Completed in 1ms
17 timing config:load:credentials Completed in 1ms
18 timing config:load:setEnvs Completed in 0ms
19 timing config:load Completed in 22ms
20 timing npm:load:configload Completed in 22ms
21 timing npm:load:setTitle Completed in 22ms
22 timing config:load:flatten Completed in 3ms
23 timing npm:load:display Completed in 8ms
24 verbose logfile /Users/josuedavid/Documents/react/C:\Users\josuedavid\AppData\Roaming\npm-cache/_logs/2022-02-20T04_35_26_957Z-debug-0.log
25 timing npm:load:logFile Completed in 5ms
26 timing npm:load:timers Completed in 0ms
27 timing npm:load:configScope Completed in 0ms
28 timing npm:load Completed in 57ms
29 timing command:run Completed in 7ms
30 verbose stack Error: Missing script: "start"
30 verbose stack
30 verbose stack Did you mean one of these?
30 verbose stack     npm star # Mark your favorite packages
30 verbose stack     npm stars # View packages marked as favorites
30 verbose stack
30 verbose stack To see a list of scripts, run:
30 verbose stack   npm run
30 verbose stack     at RunScript.run (/usr/local/lib/node_modules/npm/lib/commands/run-script.js:95:13)
30 verbose stack     at async module.exports (/usr/local/lib/node_modules/npm/lib/cli.js:66:5)
31 verbose cwd /Users/josuedavid/Documents/react
32 verbose Darwin 19.6.0
33 verbose argv "/usr/local/bin/node" "/usr/local/bin/npm" "run" "start"
34 verbose node v17.4.0
35 verbose npm  v8.4.1
36 error Missing script: "start"
36 error
36 error Did you mean one of these?
36 error     npm star # Mark your favorite packages
36 error     npm stars # View packages marked as favorites
36 error
36 error To see a list of scripts, run:
36 error   npm run
37 verbose exit 1
38 timing npm Completed in 402ms
39 verbose code 1
40 error A complete log of this run can be found in:
40 error     /Users/josuedavid/Documents/react/C:\Users\josuedavid\AppData\Roaming\npm-cache/_logs/2022-02-20T04_35_26_957Z-debug-0.log
