0 verbose cli [
0 verbose cli   '/usr/local/bin/node',
0 verbose cli   '/usr/local/bin/npm',
0 verbose cli   'install',
0 verbose cli   '--ignore-scripts',
0 verbose cli   '@types/object-assign@ts4.5',
0 verbose cli   '@types/react@ts4.5',
0 verbose cli   '--save-dev',
0 verbose cli   '--user-agent=typesInstaller/4.5.4'
0 verbose cli ]
1 info using npm@8.4.1
2 info using node@v17.4.0
3 timing npm:load:whichnode Completed in 0ms
4 timing config:load:defaults Completed in 1ms
5 timing config:load:file:/usr/local/lib/node_modules/npm/npmrc Completed in 29ms
6 timing config:load:builtin Completed in 30ms
7 timing config:load:cli Completed in 1ms
8 timing config:load:env Completed in 0ms
9 timing config:load:file:/Users/josuedavid/Library/Caches/typescript/4.5/.npmrc Completed in 0ms
10 timing config:load:project Completed in 1ms
11 verbose config tmp This setting is no longer used.  npm stores temporary files in a special
11 verbose config location in the cache, and they are managed by
11 verbose config     [`cacache`](http://npm.im/cacache).
12 timing config:load:file:/Users/josuedavid/.npmrc Completed in 3ms
13 timing config:load:user Completed in 3ms
14 timing config:load:file:/usr/local/etc/npmrc Completed in 2ms
15 timing config:load:global Completed in 2ms
16 timing config:load:validate Completed in 0ms
17 timing config:load:credentials Completed in 3ms
18 timing config:load:setEnvs Completed in 2ms
19 timing config:load Completed in 46ms
20 timing npm:load:configload Completed in 46ms
21 timing npm:load:setTitle Completed in 33ms
22 timing config:load:flatten Completed in 4ms
23 timing npm:load:display Completed in 4ms
24 verbose logfile /Users/josuedavid/Documents/react/C:\Users\josuedavid\AppData\Roaming\npm-cache/_logs/2022-02-13T13_57_21_608Z-debug-0.log
25 timing npm:load:logFile Completed in 6ms
26 timing npm:load:timers Completed in 0ms
27 timing npm:load:configScope Completed in 0ms
28 timing npm:load Completed in 92ms
29 timing arborist:ctor Completed in 1ms
30 timing idealTree:init Completed in 218ms
31 timing arborist:ctor Completed in 0ms
32 http fetch GET 200 https://registry.npmjs.org/@types%2freact 915ms (cache revalidated)
33 http fetch GET 200 https://registry.npmjs.org/@types%2fobject-assign 1646ms (cache revalidated)
34 timing idealTree:userRequests Completed in 1652ms
35 silly idealTree buildDeps
36 silly fetch manifest @types/object-assign@4.0.30
37 silly fetch manifest @types/react@17.0.39
38 silly placeDep ROOT @types/object-assign@4.0.30 OK for:  want: 4.0.30
39 silly placeDep ROOT @types/react@17.0.39 OK for:  want: 17.0.39
40 silly fetch manifest @types/prop-types@*
41 silly fetch manifest @types/scheduler@*
42 silly fetch manifest csstype@^3.0.2
43 http fetch GET 200 https://registry.npmjs.org/@types%2fprop-types 56ms (cache revalidated)
44 http fetch GET 200 https://registry.npmjs.org/@types%2fscheduler 59ms (cache revalidated)
45 http fetch GET 200 https://registry.npmjs.org/csstype 63ms (cache revalidated)
46 timing idealTree:#root Completed in 76ms
47 timing idealTree:node_modules/@types/object-assign Completed in 0ms
48 silly placeDep ROOT @types/prop-types@15.7.4 OK for: @types/react@17.0.39 want: *
49 silly placeDep ROOT @types/scheduler@0.16.2 OK for: @types/react@17.0.39 want: *
50 silly placeDep ROOT csstype@3.0.10 OK for: @types/react@17.0.39 want: ^3.0.2
51 timing idealTree:node_modules/@types/react Completed in 20ms
52 timing idealTree:node_modules/@types/prop-types Completed in 0ms
53 timing idealTree:node_modules/@types/scheduler Completed in 0ms
54 timing idealTree:node_modules/csstype Completed in 1ms
55 timing idealTree:buildDeps Completed in 178ms
56 timing idealTree:fixDepFlags Completed in 0ms
57 timing idealTree Completed in 2051ms
58 timing reify:loadTrees Completed in 2052ms
59 timing reify:diffTrees Completed in 4ms
60 silly reify moves {}
61 timing reify:retireShallow Completed in 2ms
62 timing reify:createSparse Completed in 5ms
63 timing reify:loadBundles Completed in 0ms
64 silly audit bulk request {
64 silly audit   '@types/connect': [ '3.4.35' ],
64 silly audit   '@types/express-serve-static-core': [ '4.17.28' ],
64 silly audit   '@types/node': [ '17.0.15' ],
64 silly audit   '@types/qs': [ '6.9.7' ],
64 silly audit   '@types/range-parser': [ '1.2.4' ],
64 silly audit   'types-registry': [ '0.1.580' ],
64 silly audit   '@types/object-assign': [ '4.0.30' ],
64 silly audit   '@types/react': [ '17.0.39' ],
64 silly audit   '@types/prop-types': [ '15.7.4' ],
64 silly audit   '@types/scheduler': [ '0.16.2' ],
64 silly audit   csstype: [ '3.0.10' ]
64 silly audit }
65 silly tarball no local data for csstype@https://registry.npmjs.org/csstype/-/csstype-3.0.10.tgz. Extracting by manifest.
66 silly tarball no local data for @types/react@https://registry.npmjs.org/@types/react/-/react-17.0.39.tgz. Extracting by manifest.
67 http fetch POST 200 https://registry.npmjs.org/-/npm/v1/security/advisories/bulk 278ms
68 timing auditReport:getReport Completed in 280ms
69 silly audit report {}
70 timing auditReport:init Completed in 0ms
71 timing reify:audit Completed in 283ms
72 timing reifyNode:node_modules/@types/prop-types Completed in 314ms
73 timing reifyNode:node_modules/@types/object-assign Completed in 314ms
74 timing reifyNode:node_modules/@types/scheduler Completed in 314ms
75 http fetch GET 200 https://registry.npmjs.org/csstype/-/csstype-3.0.10.tgz 470ms (cache miss)
76 timing reifyNode:node_modules/csstype Completed in 550ms
77 http fetch GET 200 https://registry.npmjs.org/@types/react/-/react-17.0.39.tgz 483ms (cache miss)
78 timing reifyNode:node_modules/@types/react Completed in 567ms
79 timing reify:unpack Completed in 568ms
80 timing reify:unretire Completed in 0ms
81 timing build:queue Completed in 1ms
82 timing build:deps Completed in 1ms
83 timing build Completed in 1ms
84 timing reify:build Completed in 1ms
85 timing reify:trash Completed in 0ms
86 timing reify:save Completed in 14ms
87 timing reify Completed in 2683ms
88 silly ADD node_modules/csstype
89 silly ADD node_modules/@types/scheduler
90 silly ADD node_modules/@types/prop-types
91 silly ADD node_modules/@types/react
92 silly ADD node_modules/@types/object-assign
93 timing command:install Completed in 2688ms
94 verbose exit 0
95 timing npm Completed in 4676ms
96 info ok
