0 verbose cli [
0 verbose cli   '/usr/local/bin/node',
0 verbose cli   '/usr/local/bin/npm',
0 verbose cli   'install',
0 verbose cli   '--ignore-scripts',
0 verbose cli   '@types/cors@ts4.5',
0 verbose cli   '@types/nodemon@ts4.5',
0 verbose cli   '@types/abbrev@ts4.5',
0 verbose cli   '@types/cacheable-request@ts4.5',
0 verbose cli   '@types/configstore@ts4.5',
0 verbose cli   '@types/deep-extend@ts4.5',
0 verbose cli   '@types/duplexer3@ts4.5',
0 verbose cli   '@types/end-of-stream@ts4.5',
0 verbose cli   '@types/got@ts4.5',
0 verbose cli   '@types/http-cache-semantics@ts4.5',
0 verbose cli   '@types/is-ci@ts4.5',
0 verbose cli   '@types/json-buffer@ts4.5',
0 verbose cli   '@types/keyv@ts4.5',
0 verbose cli   '@types/memory-pager@ts4.5',
0 verbose cli   '@types/nopt@ts4.5',
0 verbose cli   '@types/pump@ts4.5',
0 verbose cli   '@types/rc@ts4.5',
0 verbose cli   '@types/registry-auth-token@ts4.5',
0 verbose cli   '@types/responselike@ts4.5',
0 verbose cli   '@types/saslprep@ts4.5',
0 verbose cli   '@types/sparse-bitfield@ts4.5',
0 verbose cli   '@types/touch@ts4.5',
0 verbose cli   '@types/update-notifier@ts4.5',
0 verbose cli   '@types/url-parse-lax@ts4.5',
0 verbose cli   '--save-dev',
0 verbose cli   '--user-agent=typesInstaller/4.5.5'
0 verbose cli ]
1 info using npm@8.4.1
2 info using node@v17.4.0
3 timing npm:load:whichnode Completed in 0ms
4 timing config:load:defaults Completed in 2ms
5 timing config:load:file:/usr/local/lib/node_modules/npm/npmrc Completed in 14ms
6 timing config:load:builtin Completed in 15ms
7 timing config:load:cli Completed in 2ms
8 timing config:load:env Completed in 1ms
9 timing config:load:file:/Users/josuedavid/Library/Caches/typescript/4.5/.npmrc Completed in 1ms
10 timing config:load:project Completed in 1ms
11 verbose config tmp This setting is no longer used.  npm stores temporary files in a special
11 verbose config location in the cache, and they are managed by
11 verbose config     [`cacache`](http://npm.im/cacache).
12 timing config:load:file:/Users/josuedavid/.npmrc Completed in 1ms
13 timing config:load:user Completed in 1ms
14 timing config:load:file:/usr/local/etc/npmrc Completed in 0ms
15 timing config:load:global Completed in 0ms
16 timing config:load:validate Completed in 1ms
17 timing config:load:credentials Completed in 2ms
18 timing config:load:setEnvs Completed in 1ms
19 timing config:load Completed in 28ms
20 timing npm:load:configload Completed in 28ms
21 timing npm:load:setTitle Completed in 26ms
22 timing config:load:flatten Completed in 4ms
23 timing npm:load:display Completed in 5ms
24 verbose logfile /Users/josuedavid/Documents/react/C:\Users\josuedavid\AppData\Roaming\npm-cache/_logs/2022-02-20T05_54_00_409Z-debug-0.log
25 timing npm:load:logFile Completed in 6ms
26 timing npm:load:timers Completed in 0ms
27 timing npm:load:configScope Completed in 0ms
28 timing npm:load Completed in 66ms
29 timing arborist:ctor Completed in 0ms
30 timing idealTree:init Completed in 445ms
31 timing arborist:ctor Completed in 0ms
32 http fetch GET 200 https://registry.npmjs.org/@types%2fhttp-cache-semantics 1580ms (cache updated)
33 http fetch GET 200 https://registry.npmjs.org/@types%2fresponselike 1652ms (cache updated)
34 http fetch GET 200 https://registry.npmjs.org/@types%2fmemory-pager 1976ms (cache updated)
35 http fetch GET 200 https://registry.npmjs.org/@types%2fgot 2029ms (cache updated)
36 http fetch GET 200 https://registry.npmjs.org/@types%2fjson-buffer 2053ms (cache updated)
37 http fetch GET 200 https://registry.npmjs.org/@types%2fduplexer3 2082ms (cache updated)
38 http fetch GET 200 https://registry.npmjs.org/@types%2fregistry-auth-token 2086ms (cache updated)
39 http fetch GET 200 https://registry.npmjs.org/@types%2fdeep-extend 2096ms (cache updated)
40 http fetch GET 200 https://registry.npmjs.org/@types%2fconfigstore 2128ms (cache updated)
41 http fetch GET 200 https://registry.npmjs.org/@types%2fabbrev 2162ms (cache updated)
42 http fetch GET 200 https://registry.npmjs.org/@types%2fis-ci 2161ms (cache updated)
43 http fetch GET 200 https://registry.npmjs.org/@types%2fnopt 2161ms (cache updated)
44 http fetch GET 200 https://registry.npmjs.org/@types%2frc 2162ms (cache updated)
45 http fetch GET 200 https://registry.npmjs.org/@types%2fcors 2172ms (cache updated)
46 http fetch GET 200 https://registry.npmjs.org/@types%2fsparse-bitfield 2210ms (cache updated)
47 http fetch GET 200 https://registry.npmjs.org/@types%2fend-of-stream 2227ms (cache updated)
48 http fetch GET 200 https://registry.npmjs.org/@types%2fpump 2233ms (cache updated)
49 http fetch GET 200 https://registry.npmjs.org/@types%2fupdate-notifier 2393ms (cache updated)
50 http fetch GET 200 https://registry.npmjs.org/@types%2fsaslprep 2776ms (cache updated)
51 http fetch GET 200 https://registry.npmjs.org/@types%2ftouch 2775ms (cache updated)
52 http fetch GET 200 https://registry.npmjs.org/@types%2fnodemon 2781ms (cache updated)
53 http fetch GET 200 https://registry.npmjs.org/@types%2fkeyv 2780ms (cache updated)
54 http fetch GET 200 https://registry.npmjs.org/@types%2fcacheable-request 2787ms (cache updated)
55 http fetch GET 200 https://registry.npmjs.org/@types%2furl-parse-lax 2842ms (cache updated)
56 timing idealTree:userRequests Completed in 2881ms
57 silly idealTree buildDeps
58 silly fetch manifest @types/cors@2.8.12
59 silly fetch manifest @types/nodemon@1.19.1
60 silly fetch manifest @types/abbrev@1.1.2
61 silly fetch manifest @types/cacheable-request@6.0.2
62 silly fetch manifest @types/configstore@5.0.1
63 silly fetch manifest @types/deep-extend@0.4.32
64 silly fetch manifest @types/duplexer3@0.1.1
65 silly fetch manifest @types/end-of-stream@1.4.1
66 silly fetch manifest @types/got@9.6.12
67 silly fetch manifest @types/http-cache-semantics@4.0.1
68 silly fetch manifest @types/is-ci@3.0.0
69 silly fetch manifest @types/json-buffer@3.0.0
70 silly fetch manifest @types/keyv@3.1.3
71 silly fetch manifest @types/memory-pager@1.4.0
72 silly fetch manifest @types/nopt@3.0.29
73 silly fetch manifest @types/pump@1.1.1
74 silly fetch manifest @types/rc@1.2.0
75 silly fetch manifest @types/registry-auth-token@4.2.1
76 silly fetch manifest @types/responselike@1.0.0
77 silly fetch manifest @types/saslprep@1.0.1
78 silly fetch manifest @types/sparse-bitfield@3.0.1
79 silly fetch manifest @types/touch@3.1.2
80 silly fetch manifest @types/update-notifier@5.1.0
81 silly fetch manifest @types/url-parse-lax@5.0.0
82 silly placeDep ROOT @types/abbrev@1.1.2 OK for:  want: 1.1.2
83 silly placeDep ROOT @types/cacheable-request@6.0.2 OK for:  want: 6.0.2
84 silly placeDep ROOT @types/configstore@5.0.1 OK for:  want: 5.0.1
85 silly placeDep ROOT @types/cors@2.8.12 OK for:  want: 2.8.12
86 silly placeDep ROOT @types/deep-extend@0.4.32 OK for:  want: 0.4.32
87 silly placeDep ROOT @types/duplexer3@0.1.1 OK for:  want: 0.1.1
88 silly placeDep ROOT @types/end-of-stream@1.4.1 OK for:  want: 1.4.1
89 silly placeDep ROOT @types/got@9.6.12 OK for:  want: 9.6.12
90 silly placeDep ROOT @types/http-cache-semantics@4.0.1 OK for:  want: 4.0.1
91 silly placeDep ROOT @types/is-ci@3.0.0 OK for:  want: 3.0.0
92 silly placeDep ROOT @types/json-buffer@3.0.0 OK for:  want: 3.0.0
93 silly placeDep ROOT @types/keyv@3.1.3 OK for:  want: 3.1.3
94 silly placeDep ROOT @types/memory-pager@1.4.0 OK for:  want: 1.4.0
95 silly placeDep ROOT @types/nodemon@1.19.1 OK for:  want: 1.19.1
96 silly placeDep ROOT @types/nopt@3.0.29 OK for:  want: 3.0.29
97 silly placeDep ROOT @types/pump@1.1.1 OK for:  want: 1.1.1
98 silly placeDep ROOT @types/rc@1.2.0 OK for:  want: 1.2.0
99 silly placeDep ROOT @types/registry-auth-token@4.2.1 OK for:  want: 4.2.1
100 silly placeDep ROOT @types/responselike@1.0.0 OK for:  want: 1.0.0
101 silly placeDep ROOT @types/saslprep@1.0.1 OK for:  want: 1.0.1
102 silly placeDep ROOT @types/sparse-bitfield@3.0.1 OK for:  want: 3.0.1
103 silly placeDep ROOT @types/touch@3.1.2 OK for:  want: 3.1.2
104 silly placeDep ROOT @types/update-notifier@5.1.0 OK for:  want: 5.1.0
105 silly placeDep ROOT @types/url-parse-lax@5.0.0 OK for:  want: 5.0.0
106 silly fetch manifest form-data@^2.5.0
107 silly fetch manifest ci-info@^3.1.0
108 silly fetch manifest boxen@^4.2.0
109 http fetch GET 200 https://registry.npmjs.org/ci-info 38ms (cache revalidated)
110 http fetch GET 200 https://registry.npmjs.org/boxen 43ms (cache revalidated)
111 http fetch GET 200 https://registry.npmjs.org/form-data 47ms (cache revalidated)
112 timing idealTree:#root Completed in 163ms
113 timing idealTree:node_modules/@types/abbrev Completed in 0ms
114 timing idealTree:node_modules/@types/cacheable-request Completed in 0ms
115 timing idealTree:node_modules/@types/configstore Completed in 0ms
116 timing idealTree:node_modules/@types/cors Completed in 0ms
117 timing idealTree:node_modules/@types/deep-extend Completed in 0ms
118 timing idealTree:node_modules/@types/duplexer3 Completed in 0ms
119 timing idealTree:node_modules/@types/end-of-stream Completed in 0ms
120 silly placeDep ROOT form-data@2.5.1 OK for: @types/got@9.6.12 want: ^2.5.0
121 silly fetch manifest asynckit@^0.4.0
122 silly fetch manifest combined-stream@^1.0.6
123 silly fetch manifest mime-types@^2.1.12
124 http fetch GET 200 https://registry.npmjs.org/combined-stream 26ms (cache revalidated)
125 http fetch GET 200 https://registry.npmjs.org/mime-types 26ms (cache revalidated)
126 http fetch GET 200 https://registry.npmjs.org/asynckit 385ms (cache revalidated)
127 timing idealTree:node_modules/@types/got Completed in 388ms
128 timing idealTree:node_modules/@types/http-cache-semantics Completed in 0ms
129 silly placeDep ROOT ci-info@3.3.0 OK for: @types/is-ci@3.0.0 want: ^3.1.0
130 timing idealTree:node_modules/@types/is-ci Completed in 1ms
131 timing idealTree:node_modules/@types/json-buffer Completed in 1ms
132 timing idealTree:node_modules/@types/keyv Completed in 0ms
133 timing idealTree:node_modules/@types/memory-pager Completed in 0ms
134 timing idealTree:node_modules/@types/nodemon Completed in 0ms
135 timing idealTree:node_modules/@types/nopt Completed in 0ms
136 timing idealTree:node_modules/@types/pump Completed in 0ms
137 timing idealTree:node_modules/@types/rc Completed in 0ms
138 timing idealTree:node_modules/@types/registry-auth-token Completed in 0ms
139 timing idealTree:node_modules/@types/responselike Completed in 0ms
140 timing idealTree:node_modules/@types/saslprep Completed in 0ms
141 timing idealTree:node_modules/@types/sparse-bitfield Completed in 0ms
142 timing idealTree:node_modules/@types/touch Completed in 0ms
143 silly placeDep ROOT boxen@4.2.0 OK for: @types/update-notifier@5.1.0 want: ^4.2.0
144 silly fetch manifest ansi-align@^3.0.0
145 silly fetch manifest camelcase@^5.3.1
146 silly fetch manifest chalk@^3.0.0
147 silly fetch manifest cli-boxes@^2.2.0
148 silly fetch manifest string-width@^4.1.0
149 silly fetch manifest term-size@^2.1.0
150 silly fetch manifest type-fest@^0.8.1
151 silly fetch manifest widest-line@^3.1.0
152 http fetch GET 200 https://registry.npmjs.org/string-width 39ms (cache revalidated)
153 http fetch GET 200 https://registry.npmjs.org/term-size 39ms (cache revalidated)
154 http fetch GET 200 https://registry.npmjs.org/camelcase 42ms (cache revalidated)
155 http fetch GET 200 https://registry.npmjs.org/chalk 72ms (cache updated)
156 http fetch GET 200 https://registry.npmjs.org/widest-line 70ms (cache revalidated)
157 http fetch GET 200 https://registry.npmjs.org/type-fest 74ms (cache updated)
158 http fetch GET 200 https://registry.npmjs.org/ansi-align 438ms (cache revalidated)
159 http fetch GET 200 https://registry.npmjs.org/cli-boxes 437ms (cache revalidated)
160 timing idealTree:node_modules/@types/update-notifier Completed in 441ms
161 timing idealTree:node_modules/@types/url-parse-lax Completed in 0ms
162 silly placeDep ROOT ansi-align@3.0.1 OK for: boxen@4.2.0 want: ^3.0.0
163 silly placeDep ROOT camelcase@5.3.1 OK for: boxen@4.2.0 want: ^5.3.1
164 silly placeDep node_modules/boxen chalk@3.0.0 OK for: boxen@4.2.0 want: ^3.0.0
165 silly placeDep ROOT cli-boxes@2.2.1 OK for: boxen@4.2.0 want: ^2.2.0
166 silly placeDep ROOT string-width@4.2.3 OK for: boxen@4.2.0 want: ^4.1.0
167 silly placeDep ROOT term-size@2.2.1 OK for: boxen@4.2.0 want: ^2.1.0
168 silly placeDep ROOT type-fest@0.8.1 OK for: boxen@4.2.0 want: ^0.8.1
169 silly placeDep ROOT widest-line@3.1.0 OK for: boxen@4.2.0 want: ^3.1.0
170 silly fetch manifest emoji-regex@^8.0.0
171 silly fetch manifest is-fullwidth-code-point@^3.0.0
172 silly fetch manifest strip-ansi@^6.0.1
173 http fetch GET 200 https://registry.npmjs.org/is-fullwidth-code-point 25ms (cache revalidated)
174 http fetch GET 200 https://registry.npmjs.org/emoji-regex 29ms (cache revalidated)
175 http fetch GET 200 https://registry.npmjs.org/strip-ansi 29ms (cache revalidated)
176 timing idealTree:node_modules/boxen Completed in 37ms
177 timing idealTree:node_modules/ansi-align Completed in 0ms
178 timing idealTree:node_modules/camelcase Completed in 0ms
179 timing idealTree:node_modules/ci-info Completed in 0ms
180 timing idealTree:node_modules/cli-boxes Completed in 0ms
181 silly placeDep ROOT asynckit@0.4.0 OK for: form-data@2.5.1 want: ^0.4.0
182 silly placeDep ROOT combined-stream@1.0.8 OK for: form-data@2.5.1 want: ^1.0.6
183 silly placeDep ROOT mime-types@2.1.34 OK for: form-data@2.5.1 want: ^2.1.12
184 silly fetch manifest delayed-stream@~1.0.0
185 silly fetch manifest mime-db@1.51.0
186 http fetch GET 200 https://registry.npmjs.org/delayed-stream 31ms (cache revalidated)
187 http fetch GET 200 https://registry.npmjs.org/mime-db 36ms (cache revalidated)
188 timing idealTree:node_modules/form-data Completed in 40ms
189 timing idealTree:node_modules/asynckit Completed in 0ms
190 silly placeDep ROOT delayed-stream@1.0.0 OK for: combined-stream@1.0.8 want: ~1.0.0
191 timing idealTree:node_modules/combined-stream Completed in 1ms
192 timing idealTree:node_modules/delayed-stream Completed in 0ms
193 silly placeDep ROOT mime-db@1.51.0 OK for: mime-types@2.1.34 want: 1.51.0
194 timing idealTree:node_modules/mime-types Completed in 1ms
195 timing idealTree:node_modules/mime-db Completed in 0ms
196 silly placeDep ROOT emoji-regex@8.0.0 OK for: string-width@4.2.3 want: ^8.0.0
197 silly placeDep ROOT is-fullwidth-code-point@3.0.0 OK for: string-width@4.2.3 want: ^3.0.0
198 silly placeDep ROOT strip-ansi@6.0.1 OK for: string-width@4.2.3 want: ^6.0.1
199 timing idealTree:node_modules/string-width Completed in 3ms
200 timing idealTree:node_modules/emoji-regex Completed in 0ms
201 timing idealTree:node_modules/is-fullwidth-code-point Completed in 0ms
202 timing idealTree:node_modules/strip-ansi Completed in 0ms
203 timing idealTree:node_modules/term-size Completed in 0ms
204 timing idealTree:node_modules/type-fest Completed in 0ms
205 timing idealTree:node_modules/widest-line Completed in 0ms
206 timing idealTree:node_modules/boxen/node_modules/chalk Completed in 0ms
207 timing idealTree:buildDeps Completed in 1081ms
208 timing idealTree:fixDepFlags Completed in 4ms
209 timing idealTree Completed in 4420ms
210 timing reify:loadTrees Completed in 4421ms
211 timing reify:diffTrees Completed in 11ms
212 silly reify moves {}
213 timing reify:retireShallow Completed in 0ms
214 timing reify:createSparse Completed in 8ms
215 timing reify:loadBundles Completed in 0ms
216 silly audit bulk request {
216 silly audit   '@babel/helper-validator-identifier': [ '7.16.7' ],
216 silly audit   '@babel/parser': [ '7.17.0' ],
216 silly audit   '@babel/types': [ '7.17.0' ],
216 silly audit   '@popperjs/core': [ '2.11.2' ],
216 silly audit   '@types/accepts': [ '1.3.5' ],
216 silly audit   '@types/acorn': [ '4.0.6' ],
216 silly audit   '@types/argparse': [ '2.0.10' ],
216 silly audit   '@types/aria-query': [ '5.0.0' ],
216 silly audit   '@types/array.prototype.flat': [ '1.2.1' ],
216 silly audit   '@types/array.prototype.flatmap': [ '1.2.2' ],
216 silly audit   '@types/asap': [ '2.0.0' ],
216 silly audit   '@types/async': [ '3.2.12' ],
216 silly audit   '@types/atob': [ '2.1.2' ],
216 silly audit   '@types/autoprefixer': [ '9.7.2' ],
216 silly audit   picocolors: [ '0.2.1', '1.0.0' ],
216 silly audit   postcss: [ '7.0.39', '8.4.6' ],
216 silly audit   '@types/babel__core': [ '7.1.18' ],
216 silly audit   '@types/babel__generator': [ '7.6.4' ],
216 silly audit   '@types/babel__template': [ '7.4.1' ],
216 silly audit   '@types/babel__traverse': [ '7.14.2' ],
216 silly audit   '@types/babel-plugin-macros': [ '2.8.5' ],
216 silly audit   '@types/babel-types': [ '7.0.11' ],
216 silly audit   '@types/balanced-match': [ '1.0.2' ],
216 silly audit   '@types/big.js': [ '6.1.3' ],
216 silly audit   '@types/bluebird': [ '3.5.36' ],
216 silly audit   '@types/body-parser': [ '1.19.2' ],
216 silly audit   '@types/bonjour': [ '3.5.10' ],
216 silly audit   '@types/boolbase': [ '1.0.1' ],
216 silly audit   '@types/bootstrap': [ '5.1.9' ],
216 silly audit   '@types/brace-expansion': [ '1.1.0' ],
216 silly audit   '@types/braces': [ '3.0.1' ],
216 silly audit   '@types/browserslist': [ '4.15.0' ],
216 silly audit   '@types/bser': [ '2.0.1' ],
216 silly audit   '@types/buffer-from': [ '1.1.0' ],
216 silly audit   '@types/bytes': [ '3.1.1' ],
216 silly audit   '@types/call-bind': [ '1.0.0' ],
216 silly audit   '@types/camelcase-css': [ '2.0.0' ],
216 silly audit   '@types/caniuse-api': [ '3.0.2' ],
216 silly audit   '@types/caniuse-lite': [ '1.0.1' ],
216 silly audit   '@types/case-sensitive-paths-webpack-plugin': [ '2.1.6' ],
216 silly audit   '@types/check-types': [ '7.3.3' ],
216 silly audit   '@types/clean-css': [ '4.2.5' ],
216 silly audit   '@types/co': [ '4.6.3' ],
216 silly audit   '@types/color-convert': [ '2.0.0' ],
216 silly audit   '@types/color-name': [ '1.1.1' ],
216 silly audit   '@types/combined-stream': [ '1.0.3' ],
216 silly audit   '@types/common-tags': [ '1.8.1' ],
216 silly audit   '@types/commondir': [ '1.0.0' ],
216 silly audit   '@types/compressible': [ '2.0.0' ],
216 silly audit   '@types/compression': [ '1.7.2' ],
216 silly audit   '@types/concat-map': [ '0.0.1' ],
216 silly audit   '@types/confusing-browser-globals': [ '1.0.0' ],
216 silly audit   '@types/connect': [ '3.4.35' ],
216 silly audit   '@types/connect-history-api-fallback': [ '1.3.5' ],
216 silly audit   '@types/content-disposition': [ '0.5.4' ],
216 silly audit   '@types/content-type': [ '1.1.5' ],
216 silly audit   '@types/convert-source-map': [ '1.5.2' ],
216 silly audit   '@types/cookie': [ '0.4.1' ],
216 silly audit   '@types/cookie-signature': [ '1.0.4' ],
216 silly audit   '@types/core-js': [ '2.5.5' ],
216 silly audit   '@types/cross-spawn': [ '6.0.2' ],
216 silly audit   '@types/css': [ '0.0.33' ],
216 silly audit   '@types/css-declaration-sorter': [ '6.0.1' ],
216 silly audit   '@types/css-tree': [ '1.0.7' ],
216 silly audit   '@types/cssesc': [ '3.0.0' ],
216 silly audit   '@types/cssnano': [ '5.0.0' ],
216 silly audit   '@types/csso': [ '5.0.0' ],
216 silly audit   '@types/cssom': [ '0.4.1' ],
216 silly audit   '@types/cssstyle': [ '2.2.1' ],
216 silly audit   '@types/damerau-levenshtein': [ '1.0.0' ],
216 silly audit   '@types/data-urls': [ '2.0.1' ],
216 silly audit   '@types/debug': [ '4.1.7' ],
216 silly audit   '@types/decode-uri-component': [ '0.2.0' ],
216 silly audit   '@types/dedent': [ '0.7.0' ],
216 silly audit   '@types/deep-equal': [ '1.0.1' ],
216 silly audit   '@types/default-gateway': [ '3.0.1' ],
216 silly audit   '@types/define-properties': [ '1.1.3' ],
216 silly audit   '@types/defined': [ '1.0.0' ],
216 silly audit   '@types/depd': [ '1.1.32' ],
216 silly audit   '@types/destroy': [ '1.0.0' ],
216 silly audit   '@types/detect-node': [ '2.0.0' ],
216 silly audit   '@types/detective': [ '5.1.2' ],
216 silly audit   '@types/didyoumean': [ '1.2.0' ],
216 silly audit   '@types/dir-glob': [ '2.0.1' ],
216 silly audit   '@types/dlv': [ '1.1.2' ],
216 silly audit   '@types/dns-packet': [ '5.2.4' ],
216 silly audit   '@types/doctrine': [ '0.0.5' ],
216 silly audit   '@types/domexception': [ '2.0.1' ],
216 silly audit   '@types/ee-first': [ '1.1.0' ],
216 silly audit   '@types/ejs': [ '3.1.0' ],
216 silly audit   '@types/encodeurl': [ '1.0.0' ],
216 silly audit   '@types/es-abstract': [ '1.17.3' ],
216 silly audit   '@types/es-to-primitive': [ '1.2.4' ],
216 silly audit   '@types/escape-html': [ '1.0.1' ],
216 silly audit   '@types/escodegen': [ '0.0.7' ],
216 silly audit   '@types/eslint': [ '8.4.1' ],
216 silly audit   '@types/eslint-scope': [ '3.7.3' ],
216 silly audit   '@types/eslint-utils': [ '3.0.1' ],
216 silly audit   '@types/eslint-visitor-keys': [ '1.0.0' ],
216 silly audit   '@types/esprima': [ '4.0.3' ],
216 silly audit   '@types/esquery': [ '1.0.2' ],
216 silly audit   '@types/estraverse': [ '5.1.1' ],
216 silly audit   '@types/estree': [ '0.0.51' ],
216 silly audit   '@types/esutils': [ '2.0.0' ],
216 silly audit   '@types/etag': [ '1.8.1' ],
216 silly audit   '@types/events': [ '3.0.0' ],
216 silly audit   '@types/exit': [ '0.1.31' ],
216 silly audit   '@types/express': [ '4.17.13' ],
216 silly audit   '@types/express-serve-static-core': [ '4.17.28' ],
216 silly audit   '@types/fast-levenshtein': [ '0.0.2' ],
216 silly audit   '@types/fb-watchman': [ '2.0.1' ],
216 silly audit   '@types/file-entry-cache': [ '5.0.2' ],
216 silly audit   '@types/file-loader': [ '5.0.1' ],
216 silly audit   '@types/fill-range': [ '7.0.0' ],
216 silly audit   '@types/finalhandler': [ '1.1.1' ],
216 silly audit   '@types/find-cache-dir': [ '3.2.1' ],
216 silly audit   '@types/find-root': [ '1.1.2' ],
216 silly audit   '@types/flat-cache': [ '2.0.0' ],
216 silly audit   '@types/follow-redirects': [ '1.14.0' ],
216 silly audit   '@types/forwarded': [ '0.1.0' ],
216 silly audit   '@types/fresh': [ '0.5.0' ],
216 silly audit   '@types/fs-extra': [ '9.0.13' ],
216 silly audit   '@types/function-bind': [ '1.1.6' ],
216 silly audit   '@types/functional-red-black-tree': [ '1.0.1' ],
216 silly audit   '@types/get-intrinsic': [ '1.0.0' ],
216 silly audit   '@types/glob': [ '7.2.0' ],
216 silly audit   '@types/glob-parent': [ '5.1.1' ],
216 silly audit   '@types/glob-to-regexp': [ '0.4.1' ],
216 silly audit   '@types/global-modules': [ '2.0.0' ],
216 silly audit   '@types/global-prefix': [ '3.0.0' ],
216 silly audit   '@types/graceful-fs': [ '4.1.5' ],
216 silly audit   '@types/has': [ '1.0.0' ],
216 silly audit   '@types/has-symbols': [ '1.0.0' ],
216 silly audit   '@types/he': [ '1.1.2' ],
216 silly audit   '@types/hoist-non-react-statics': [ '3.3.1' ],
216 silly audit   '@types/html-encoding-sniffer': [ '2.0.2' ],
216 silly audit   '@types/html-escaper': [ '3.0.0' ],
216 silly audit   '@types/html-minifier': [ '4.0.2' ],
216 silly audit   '@types/html-minifier-terser': [ '6.1.0' ],
216 silly audit   '@types/html-webpack-plugin': [ '3.2.6' ],
216 silly audit   '@types/http-errors': [ '1.8.2' ],
216 silly audit   '@types/http-proxy': [ '1.17.8' ],
216 silly audit   '@types/hyphenate-style-name': [ '1.0.0' ],
216 silly audit   '@types/icss-utils': [ '5.1.0' ],
216 silly audit   '@types/imurmurhash': [ '0.1.1' ],
216 silly audit   '@types/inherits': [ '0.0.30' ],
216 silly audit   '@types/ini': [ '1.3.31' ],
216 silly audit   '@types/internal-slot': [ '1.0.1' ],
216 silly audit   '@types/ip': [ '1.1.0' ],
216 silly audit   '@types/is-arguments': [ '1.0.0' ],
216 silly audit   '@types/is-bigint': [ '1.0.0' ],
216 silly audit   '@types/is-boolean-object': [ '1.1.0' ],
216 silly audit   '@types/is-callable': [ '1.1.0' ],
216 silly audit   '@types/is-core-module': [ '2.2.0' ],
216 silly audit   '@types/is-date-object': [ '1.0.2' ],
216 silly audit   '@types/is-glob': [ '4.0.2' ],
216 silly audit   '@types/is-number': [ '7.0.2' ],
216 silly audit   '@types/is-regex': [ '1.0.0' ],
216 silly audit   '@types/is-string': [ '1.0.0' ],
216 silly audit   '@types/is-typedarray': [ '1.0.0' ],
216 silly audit   '@types/isarray': [ '2.0.0' ],
216 silly audit   '@types/isexe': [ '2.0.1' ],
216 silly audit   '@types/istanbul-lib-coverage': [ '2.0.4' ],
216 silly audit   '@types/istanbul-lib-instrument': [ '1.7.4' ],
216 silly audit   '@types/istanbul-lib-report': [ '3.0.0' ],
216 silly audit   '@types/istanbul-lib-source-maps': [ '4.0.1' ],
216 silly audit   '@types/istanbul-reports': [ '3.0.1' ],
216 silly audit   '@types/jake': [ '0.0.33' ],
216 silly audit   '@types/jest': [ '27.4.0' ],
216 silly audit   '@types/jquery': [ '3.5.13' ],
216 silly audit   '@types/js-yaml': [ '4.0.5' ],
216 silly audit   '@types/jsdom': [ '16.2.14' ],
216 silly audit   '@types/jsesc': [ '3.0.1' ],
216 silly audit   '@types/json-parse-better-errors': [ '1.0.0' ],
216 silly audit   '@types/json-schema': [ '7.0.9' ],
216 silly audit   '@types/jsonfile': [ '6.0.1' ],
216 silly audit   '@types/kind-of': [ '6.0.0' ],
216 silly audit   '@types/language-tags': [ '1.0.0' ],
216 silly audit   '@types/loader-runner': [ '2.2.4' ],
216 silly audit   '@types/loader-utils': [ '2.0.3' ],
216 silly audit   '@types/lodash': [ '4.14.178' ],
216 silly audit   '@types/lodash.debounce': [ '4.0.6' ],
216 silly audit   '@types/lodash.memoize': [ '4.1.6' ],
216 silly audit   '@types/lodash.merge': [ '4.6.6' ],
216 silly audit   '@types/lodash.sortby': [ '4.7.6' ],
216 silly audit   '@types/lodash.uniq': [ '4.5.6' ],
216 silly audit   '@types/lru-cache': [ '5.1.1' ],
216 silly audit   '@types/lz-string': [ '1.3.34' ],
216 silly audit   '@types/media-typer': [ '1.1.1' ],
216 silly audit   '@types/merge-descriptors': [ '1.0.1' ],
216 silly audit   '@types/merge-stream': [ '1.1.2' ],
216 silly audit   '@types/merge2': [ '1.3.1' ],
216 silly audit   '@types/methods': [ '1.1.1' ],
216 silly audit   '@types/micromatch': [ '4.0.2' ],
216 silly audit   '@types/mime': [ '2.0.3', '1.3.2' ],
216 silly audit   '@types/mime-db': [ '1.43.1' ],
216 silly audit   '@types/mime-types': [ '2.1.1' ],
216 silly audit   '@types/min-indent': [ '1.0.0' ],
216 silly audit   '@types/minimalistic-assert': [ '1.0.1' ],
216 silly audit   '@types/minimatch': [ '3.0.5' ],
216 silly audit   '@types/minimist': [ '1.2.2' ],
216 silly audit   '@types/mkdirp': [ '1.0.2' ],
216 silly audit   '@types/ms': [ '0.7.31' ],
216 silly audit   '@types/multicast-dns': [ '7.2.1' ],
216 silly audit   '@types/natural-compare': [ '1.4.1' ],
216 silly audit   '@types/negotiator': [ '0.6.1' ],
216 silly audit   '@types/node': [ '17.0.15' ],
216 silly audit   '@types/node-forge': [ '1.0.0' ],
216 silly audit   '@types/node-int64': [ '0.4.29' ],
216 silly audit   '@types/node-sass': [ '4.11.2' ],
216 silly audit   '@types/normalize-path': [ '3.0.0' ],
216 silly audit   '@types/nwsapi': [ '2.2.2' ],
216 silly audit   '@types/object-assign': [ '4.0.30' ],
216 silly audit   '@types/object-hash': [ '2.2.1' ],
216 silly audit   '@types/object-inspect': [ '1.8.1' ],
216 silly audit   '@types/object-keys': [ '1.0.1' ],
216 silly audit   '@types/object.fromentries': [ '2.0.1' ],
216 silly audit   '@types/object.getownpropertydescriptors': [ '2.1.1' ],
216 silly audit   '@types/on-finished': [ '2.3.1' ],
216 silly audit   '@types/on-headers': [ '1.0.0' ],
216 silly audit   '@types/once': [ '1.4.0' ],
216 silly audit   '@types/parse-json': [ '4.0.0' ],
216 silly audit   '@types/parse5': [ '6.0.3' ],
216 silly audit   '@types/parseurl': [ '1.3.1' ],
216 silly audit   '@types/path-is-absolute': [ '1.0.0' ],
216 silly audit   '@types/path-parse': [ '1.0.19' ],
216 silly audit   '@types/picomatch': [ '2.3.0' ],
216 silly audit   '@types/postcss-flexbugs-fixes': [ '4.2.1' ],
216 silly audit   '@types/postcss-gap-properties': [ '2.0.1' ],
216 silly audit   '@types/postcss-modules-extract-imports': [ '3.0.2' ],
216 silly audit   '@types/postcss-modules-local-by-default': [ '4.0.0' ],
216 silly audit   '@types/postcss-modules-scope': [ '3.0.0' ],
216 silly audit   '@types/postcss-modules-values': [ '4.0.0' ],
216 silly audit   '@types/postcss-preset-env': [ '6.7.3' ],
216 silly audit   '@types/prelude-ls': [ '1.1.29' ],
216 silly audit   '@types/prompts': [ '2.0.14' ],
216 silly audit   '@types/prop-types': [ '15.7.4' ],
216 silly audit   '@types/proxy-addr': [ '2.0.0' ],
216 silly audit   '@types/psl': [ '1.1.0' ],
216 silly audit   '@types/punycode': [ '2.1.0' ],
216 silly audit   '@types/q': [ '1.5.5' ],
216 silly audit   '@types/qs': [ '6.9.7' ],
216 silly audit   '@types/raf': [ '3.4.0' ],
216 silly audit   '@types/randombytes': [ '2.0.0' ],
216 silly audit   '@types/range-parser': [ '1.2.4' ],
216 silly audit   '@types/react': [ '17.0.39' ],
216 silly audit   '@types/react-dev-utils': [ '9.0.10' ],
216 silly audit   '@types/react-dom': [ '17.0.11' ],
216 silly audit   '@types/react-is': [ '17.0.3' ],
216 silly audit   '@types/react-transition-group': [ '4.4.4' ],
216 silly audit   '@types/readable-stream': [ '2.3.13' ],
216 silly audit   '@types/recursive-readdir': [ '2.2.0' ],
216 silly audit   '@types/regenerate': [ '1.4.1' ],
216 silly audit   '@types/regenerator-runtime': [ '0.13.1' ],
216 silly audit   '@types/relateurl': [ '0.2.29' ],
216 silly audit   '@types/require-directory': [ '2.1.2' ],
216 silly audit   '@types/require-from-string': [ '1.2.1' ],
216 silly audit   '@types/requires-port': [ '1.0.0' ],
216 silly audit   '@types/resolve': [ '1.20.1' ],
216 silly audit   '@types/retry': [ '0.12.1' ],
216 silly audit   '@types/rimraf': [ '3.0.2' ],
216 silly audit   '@types/run-parallel': [ '1.1.0' ],
216 silly audit   '@types/safer-buffer': [ '2.1.0' ],
216 silly audit   '@types/sass': [ '1.43.1' ],
216 silly audit   '@types/sass-loader': [ '8.0.3' ],
216 silly audit   '@types/sax': [ '1.2.4' ],
216 silly audit   '@types/scheduler': [ '0.16.2' ],
216 silly audit   '@types/semver': [ '7.3.9' ],
216 silly audit   '@types/send': [ '0.17.1' ],
216 silly audit   '@types/serialize-javascript': [ '5.0.2' ],
216 silly audit   '@types/serve-index': [ '1.9.1' ],
216 silly audit   '@types/serve-static': [ '1.13.10' ],
216 silly audit   '@types/shebang-command': [ '1.2.0' ],
216 silly audit   '@types/shell-quote': [ '1.7.1' ],
216 silly audit   '@types/signal-exit': [ '3.0.1' ],
216 silly audit   '@types/sizzle': [ '2.3.3' ],
216 silly audit   '@types/sockjs': [ '0.3.33' ],
216 silly audit   '@types/source-list-map': [ '0.1.2' ],
216 silly audit   '@types/source-map-support': [ '0.5.4' ],
216 silly audit   '@types/spdy': [ '3.4.5' ],
216 silly audit   '@types/sprintf': [ '0.1.0' ],
216 silly audit   '@types/sprintf-js': [ '1.1.2' ],
216 silly audit   '@types/stack-utils': [ '2.0.1' ],
216 silly audit   '@types/statuses': [ '2.0.0' ],
216 silly audit   '@types/string-natural-compare': [ '3.0.2' ],
216 silly audit   '@types/string.prototype.matchall': [ '4.0.1' ],
216 silly audit   '@types/stringify-object': [ '4.0.1' ],
216 silly audit   '@types/strip-comments': [ '2.0.1' ],
216 silly audit   '@types/strip-final-newline': [ '3.0.0' ],
216 silly audit   '@types/stylis': [ '4.0.2' ],
216 silly audit   '@types/supports-color': [ '8.1.1' ],
216 silly audit   '@types/svg-parser': [ '2.0.3' ],
216 silly audit   '@types/svgo': [ '2.6.2' ],
216 silly audit   '@types/symbol-tree': [ '3.2.2' ],
216 silly audit   '@types/tailwindcss': [ '3.0.7' ],
216 silly audit   '@types/tapable': [ '1.0.8' ],
216 silly audit   '@types/testing-library__jest-dom': [ '5.14.2' ],
216 silly audit   '@types/text-table': [ '0.2.2' ],
216 silly audit   '@types/thunky': [ '1.1.0' ],
216 silly audit   '@types/timsort': [ '0.3.0' ],
216 silly audit   '@types/tmpl': [ '1.0.0' ],
216 silly audit   '@types/to-regex-range': [ '5.0.0' ],
216 silly audit   '@types/tough-cookie': [ '4.0.1' ],
216 silly audit   '@types/tryer': [ '1.0.2' ],
216 silly audit   '@types/type-check': [ '0.3.27' ],
216 silly audit   '@types/type-detect': [ '4.0.1' ],
216 silly audit   '@types/type-is': [ '1.6.3' ],
216 silly audit   '@types/uglify-js': [ '3.13.1' ],
216 silly audit   '@types/universalify': [ '1.0.0' ],
216 silly audit   '@types/util-deprecate': [ '1.0.0' ],
216 silly audit   '@types/util.promisify': [ '1.0.4' ],
216 silly audit   '@types/utils-merge': [ '0.0.28' ],
216 silly audit   '@types/uuid': [ '8.3.4' ],
216 silly audit   '@types/vary': [ '1.1.0' ],
216 silly audit   '@types/w3c-hr-time': [ '1.0.0' ],
216 silly audit   '@types/w3c-xmlserializer': [ '2.0.2' ],
216 silly audit   '@types/watchpack': [ '1.1.7' ],
216 silly audit   '@types/webidl-conversions': [ '6.1.1' ],
216 silly audit   '@types/webpack': [ '4.41.32' ],
216 silly audit   '@types/webpack-dev-server': [ '3.11.6' ],
216 silly audit   '@types/webpack-manifest-plugin': [ '3.0.5' ],
216 silly audit   '@types/webpack-sources': [ '3.2.0' ],
216 silly audit   'source-map': [ '0.7.3', '0.5.7', '0.6.1' ],
216 silly audit   '@types/whatwg-encoding': [ '1.0.0' ],
216 silly audit   '@types/whatwg-mimetype': [ '2.1.1' ],
216 silly audit   '@types/whatwg-url': [ '8.2.1' ],
216 silly audit   '@types/which': [ '2.0.1' ],
216 silly audit   '@types/workbox-background-sync': [ '4.3.2' ],
216 silly audit   '@types/workbox-broadcast-update': [ '4.3.1' ],
216 silly audit   '@types/workbox-cacheable-response': [ '4.3.1' ],
216 silly audit   '@types/workbox-core': [ '4.3.1' ],
216 silly audit   '@types/workbox-expiration': [ '4.3.1' ],
216 silly audit   '@types/workbox-google-analytics': [ '4.3.1' ],
216 silly audit   '@types/workbox-navigation-preload': [ '4.3.0' ],
216 silly audit   '@types/workbox-precaching': [ '4.3.1' ],
216 silly audit   '@types/workbox-range-requests': [ '4.3.0' ],
216 silly audit   '@types/workbox-routing': [ '4.3.1' ],
216 silly audit   '@types/workbox-strategies': [ '4.3.1' ],
216 silly audit   '@types/workbox-streams': [ '4.3.0' ],
216 silly audit   '@types/workbox-sw': [ '4.3.2' ],
216 silly audit   '@types/workbox-webpack-plugin': [ '5.1.8' ],
216 silly audit   '@types/wrap-ansi': [ '8.0.1' ],
216 silly audit   '@types/write-file-atomic': [ '4.0.0' ],
216 silly audit   '@types/ws': [ '8.2.2' ],
216 silly audit   '@types/xtend': [ '4.0.4' ],
216 silly audit   '@types/yallist': [ '4.0.1' ],
216 silly audit   '@types/yargs': [ '17.0.8' ],
216 silly audit   '@types/yargs-parser': [ '20.2.1' ],
216 silly audit   'ansi-regex': [ '5.0.1' ],
216 silly audit   'ansi-styles': [ '4.3.0', '5.2.0' ],
216 silly audit   anymatch: [ '3.1.2', '2.0.0' ],
216 silly audit   'arr-diff': [ '4.0.0' ],
216 silly audit   'arr-flatten': [ '1.1.0' ],
216 silly audit   'arr-union': [ '3.1.0' ],
216 silly audit   'array-unique': [ '0.3.2' ],
216 silly audit   'assign-symbols': [ '1.0.0' ],
216 silly audit   'async-each': [ '1.0.3' ],
216 silly audit   atob: [ '2.1.2' ],
216 silly audit   base: [ '0.11.2' ],
216 silly audit   'define-property': [ '1.0.0', '2.0.2', '0.2.5' ],
216 silly audit   'is-accessor-descriptor': [ '1.0.0', '0.1.6' ],
216 silly audit   'is-data-descriptor': [ '1.0.0', '0.1.4' ],
216 silly audit   'is-descriptor': [ '1.0.2', '0.1.6' ],
216 silly audit   'kind-of': [ '6.0.3', '4.0.0', '5.1.0', '3.2.2' ],
216 silly audit   'binary-extensions': [ '1.13.1' ],
216 silly audit   bindings: [ '1.5.0' ],
216 silly audit   braces: [ '2.3.2', '3.0.2' ],
216 silly audit   browserslist: [ '4.19.1' ],
216 silly audit   'cache-base': [ '1.0.1' ],
216 silly audit   'caniuse-lite': [ '1.0.30001312' ],
216 silly audit   chalk: [ '4.1.2', '3.0.0' ],
216 silly audit   chokidar: [ '2.1.8' ],
216 silly audit   'normalize-path': [ '2.1.1', '3.0.0' ],
216 silly audit   'extend-shallow': [ '3.0.2', '2.0.1' ],
216 silly audit   'is-extendable': [ '1.0.1', '0.1.1' ],
216 silly audit   micromatch: [ '3.1.10', '4.0.4' ],
216 silly audit   'class-utils': [ '0.3.6' ],
216 silly audit   'collection-visit': [ '1.0.0' ],
216 silly audit   'color-convert': [ '2.0.1' ],
216 silly audit   'color-name': [ '1.1.4' ],
216 silly audit   'component-emitter': [ '1.3.0' ],
216 silly audit   'copy-descriptor': [ '0.1.1' ],
216 silly audit   'core-util-is': [ '1.0.3' ],
216 silly audit   csstype: [ '3.0.10' ],
216 silly audit   debug: [ '2.6.9' ],
216 silly audit   'decode-uri-component': [ '0.2.0' ],
216 silly audit   'diff-sequences': [ '27.5.1' ],
216 silly audit   'electron-to-chromium': [ '1.4.68' ],
216 silly audit   escalade: [ '3.1.1' ],
216 silly audit   eventemitter3: [ '4.0.7' ],
216 silly audit   'expand-brackets': [ '2.1.4' ],
216 silly audit   extglob: [ '2.0.4' ],
216 silly audit   'file-uri-to-path': [ '1.0.0' ],
216 silly audit   'fill-range': [ '4.0.0', '7.0.1' ],
216 silly audit   'follow-redirects': [ '1.14.8' ],
216 silly audit   'for-in': [ '1.0.2' ],
216 silly audit   'fragment-cache': [ '0.2.1' ],
216 silly audit   fsevents: [ '1.2.13' ],
216 silly audit   'get-value': [ '2.0.6' ],
216 silly audit   'glob-parent': [ '3.1.0' ],
216 silly audit   'is-glob': [ '3.1.0', '4.0.3' ],
216 silly audit   'graceful-fs': [ '4.2.9' ],
216 silly audit   'has-flag': [ '4.0.0' ],
216 silly audit   'has-value': [ '1.0.0', '0.3.1' ],
216 silly audit   'has-values': [ '1.0.0', '0.1.4' ],
216 silly audit   'hoist-non-react-statics': [ '3.3.2' ],
216 silly audit   'http-proxy': [ '1.18.1' ],
216 silly audit   'http-proxy-middleware': [ '1.3.1' ],
216 silly audit   inherits: [ '2.0.4' ],
216 silly audit   'is-binary-path': [ '1.0.1' ],
216 silly audit   'is-buffer': [ '1.1.6' ],
216 silly audit   'is-extglob': [ '2.1.1' ],
216 silly audit   'is-number': [ '3.0.0', '7.0.0' ],
216 silly audit   'is-plain-obj': [ '3.0.0' ],
216 silly audit   'is-plain-object': [ '2.0.4' ],
216 silly audit   'is-windows': [ '1.0.2' ],
216 silly audit   isarray: [ '1.0.0' ],
216 silly audit   isobject: [ '3.0.1', '2.1.0' ],
216 silly audit   'jest-diff': [ '27.5.1' ],
216 silly audit   'jest-get-type': [ '27.5.1' ],
216 silly audit   'map-cache': [ '0.2.2' ],
216 silly audit   'map-visit': [ '1.0.0' ],
216 silly audit   'to-regex-range': [ '5.0.1', '2.1.1' ],
216 silly audit   'mixin-deep': [ '1.3.2' ],
216 silly audit   ms: [ '2.0.0' ],
216 silly audit   nan: [ '2.15.0' ],
216 silly audit   nanoid: [ '3.2.0' ],
216 silly audit   nanomatch: [ '1.2.13' ],
216 silly audit   'node-releases': [ '2.0.2' ],
216 silly audit   'object-copy': [ '0.1.0' ],
216 silly audit   'object-visit': [ '1.0.1' ],
216 silly audit   'object.pick': [ '1.3.0' ],
216 silly audit   pascalcase: [ '0.1.1' ],
216 silly audit   'path-dirname': [ '1.0.2' ],
216 silly audit   'path-is-absolute': [ '1.0.1' ],
216 silly audit   picomatch: [ '2.3.1' ],
216 silly audit   'posix-character-classes': [ '0.1.1' ],
216 silly audit   'pretty-format': [ '27.5.1' ],
216 silly audit   'react-is': [ '17.0.2', '16.13.1' ],
216 silly audit   'process-nextick-args': [ '2.0.1' ],
216 silly audit   'readable-stream': [ '2.3.7' ],
216 silly audit   'safe-buffer': [ '5.1.2', '5.2.1' ],
216 silly audit   readdirp: [ '2.2.1' ],
216 silly audit   'regex-not': [ '1.0.2' ],
216 silly audit   'remove-trailing-separator': [ '1.1.0' ],
216 silly audit   'repeat-element': [ '1.1.4' ],
216 silly audit   'repeat-string': [ '1.6.1' ],
216 silly audit   'requires-port': [ '1.0.0' ],
216 silly audit   'resolve-url': [ '0.2.1' ],
216 silly audit   ret: [ '0.1.15' ],
216 silly audit   'safe-regex': [ '1.1.0' ],
216 silly audit   'set-value': [ '2.0.1' ],
216 silly audit   snapdragon: [ '0.8.2' ],
216 silly audit   'snapdragon-node': [ '2.1.1' ],
216 silly audit   'snapdragon-util': [ '3.0.1' ],
216 silly audit   'source-map-js': [ '1.0.2' ],
216 silly audit   'source-map-resolve': [ '0.5.3' ],
216 silly audit   'source-map-url': [ '0.4.1' ],
216 silly audit   'split-string': [ '3.1.0' ],
216 silly audit   'static-extend': [ '0.1.2' ],
216 silly audit   string_decoder: [ '1.1.1' ],
216 silly audit   'supports-color': [ '7.2.0' ],
216 silly audit   'to-fast-properties': [ '2.0.0' ],
216 silly audit   'to-object-path': [ '0.3.0' ],
216 silly audit   'to-regex': [ '3.0.2' ],
216 silly audit   'types-registry': [ '0.1.580' ],
216 silly audit   'union-value': [ '1.0.1' ],
216 silly audit   'unset-value': [ '1.0.0' ],
216 silly audit   upath: [ '1.2.0' ],
216 silly audit   urix: [ '0.1.0' ],
216 silly audit   use: [ '3.1.1' ],
216 silly audit   'util-deprecate': [ '1.0.2' ],
216 silly audit   '@types/abbrev': [ '1.1.2' ],
216 silly audit   '@types/cacheable-request': [ '6.0.2' ],
216 silly audit   '@types/configstore': [ '5.0.1' ],
216 silly audit   '@types/cors': [ '2.8.12' ],
216 silly audit   '@types/deep-extend': [ '0.4.32' ],
216 silly audit   '@types/duplexer3': [ '0.1.1' ],
216 silly audit   '@types/end-of-stream': [ '1.4.1' ],
216 silly audit   '@types/got': [ '9.6.12' ],
216 silly audit   '@types/http-cache-semantics': [ '4.0.1' ],
216 silly audit   '@types/is-ci': [ '3.0.0' ],
216 silly audit   '@types/json-buffer': [ '3.0.0' ],
216 silly audit   '@types/keyv': [ '3.1.3' ],
216 silly audit   '@types/memory-pager': [ '1.4.0' ],
216 silly audit   '@types/nodemon': [ '1.19.1' ],
216 silly audit   '@types/nopt': [ '3.0.29' ],
216 silly audit   '@types/pump': [ '1.1.1' ],
216 silly audit   '@types/rc': [ '1.2.0' ],
216 silly audit   '@types/registry-auth-token': [ '4.2.1' ],
216 silly audit   '@types/responselike': [ '1.0.0' ],
216 silly audit   '@types/saslprep': [ '1.0.1' ],
216 silly audit   '@types/sparse-bitfield': [ '3.0.1' ],
216 silly audit   '@types/touch': [ '3.1.2' ],
216 silly audit   '@types/update-notifier': [ '5.1.0' ],
216 silly audit   '@types/url-parse-lax': [ '5.0.0' ],
216 silly audit   'form-data': [ '2.5.1' ],
216 silly audit   'ci-info': [ '3.3.0' ],
216 silly audit   boxen: [ '4.2.0' ],
216 silly audit   'ansi-align': [ '3.0.1' ],
216 silly audit   camelcase: [ '5.3.1' ],
216 silly audit   'cli-boxes': [ '2.2.1' ],
216 silly audit   'string-width': [ '4.2.3' ],
216 silly audit   'term-size': [ '2.2.1' ],
216 silly audit   'type-fest': [ '0.8.1' ],
216 silly audit   'widest-line': [ '3.1.0' ],
216 silly audit   asynckit: [ '0.4.0' ],
216 silly audit   'combined-stream': [ '1.0.8' ],
216 silly audit   'mime-types': [ '2.1.34' ],
216 silly audit   'delayed-stream': [ '1.0.0' ],
216 silly audit   'mime-db': [ '1.51.0' ],
216 silly audit   'emoji-regex': [ '8.0.0' ],
216 silly audit   'is-fullwidth-code-point': [ '3.0.0' ],
216 silly audit   'strip-ansi': [ '6.0.1' ]
216 silly audit }
217 timing reifyNode:node_modules/@types/update-notifier Completed in 102ms
218 timing reifyNode:node_modules/@types/responselike Completed in 102ms
219 timing reifyNode:node_modules/@types/url-parse-lax Completed in 102ms
220 timing reifyNode:node_modules/@types/nopt Completed in 103ms
221 timing reifyNode:node_modules/@types/pump Completed in 104ms
222 timing reifyNode:node_modules/@types/is-ci Completed in 103ms
223 timing reifyNode:node_modules/@types/http-cache-semantics Completed in 103ms
224 timing reifyNode:node_modules/@types/touch Completed in 105ms
225 timing reifyNode:node_modules/@types/rc Completed in 105ms
226 timing reifyNode:node_modules/@types/keyv Completed in 105ms
227 timing reifyNode:node_modules/@types/json-buffer Completed in 104ms
228 timing reifyNode:node_modules/@types/configstore Completed in 101ms
229 timing reifyNode:node_modules/@types/memory-pager Completed in 105ms
230 timing reifyNode:node_modules/@types/deep-extend Completed in 102ms
231 timing reifyNode:node_modules/@types/sparse-bitfield Completed in 106ms
232 timing reifyNode:node_modules/@types/end-of-stream Completed in 105ms
233 timing reifyNode:node_modules/@types/duplexer3 Completed in 102ms
234 timing reifyNode:node_modules/@types/cors Completed in 102ms
235 timing reifyNode:node_modules/@types/saslprep Completed in 106ms
236 timing reifyNode:node_modules/is-fullwidth-code-point Completed in 109ms
237 timing reifyNode:node_modules/@types/abbrev Completed in 102ms
238 timing reifyNode:node_modules/@types/nodemon Completed in 107ms
239 timing reifyNode:node_modules/string-width Completed in 108ms
240 timing reifyNode:node_modules/widest-line Completed in 109ms
241 timing reifyNode:node_modules/ansi-align Completed in 108ms
242 timing reifyNode:node_modules/@types/cacheable-request Completed in 103ms
243 timing reifyNode:node_modules/strip-ansi Completed in 110ms
244 timing reifyNode:node_modules/camelcase Completed in 108ms
245 timing reifyNode:node_modules/boxen Completed in 109ms
246 timing reifyNode:node_modules/@types/registry-auth-token Completed in 108ms
247 timing reifyNode:node_modules/combined-stream Completed in 111ms
248 timing reifyNode:node_modules/cli-boxes Completed in 110ms
249 timing reifyNode:node_modules/@types/got Completed in 109ms
250 timing reifyNode:node_modules/mime-types Completed in 112ms
251 timing reifyNode:node_modules/delayed-stream Completed in 113ms
252 timing reifyNode:node_modules/ci-info Completed in 113ms
253 timing reifyNode:node_modules/boxen/node_modules/chalk Completed in 113ms
254 timing reifyNode:node_modules/emoji-regex Completed in 117ms
255 timing reifyNode:node_modules/form-data Completed in 116ms
256 timing reifyNode:node_modules/term-size Completed in 119ms
257 timing reifyNode:node_modules/asynckit Completed in 125ms
258 timing reifyNode:node_modules/mime-db Completed in 126ms
259 timing reifyNode:node_modules/type-fest Completed in 129ms
260 timing reify:unpack Completed in 131ms
261 timing reify:unretire Completed in 0ms
262 timing build:queue Completed in 1ms
263 timing build:deps Completed in 2ms
264 timing build Completed in 2ms
265 timing reify:build Completed in 3ms
266 timing reify:trash Completed in 0ms
267 http fetch POST 200 https://registry.npmjs.org/-/npm/v1/security/advisories/bulk 250ms
268 timing auditReport:getReport Completed in 257ms
269 silly audit report {
269 silly audit report   'glob-parent': [
269 silly audit report     {
269 silly audit report       id: 1006947,
269 silly audit report       url: 'https://github.com/advisories/GHSA-ww39-953v-wcq6',
269 silly audit report       title: 'Regular expression denial of service',
269 silly audit report       severity: 'high',
269 silly audit report       vulnerable_versions: '<5.1.2'
269 silly audit report     }
269 silly audit report   ],
269 silly audit report   postcss: [
269 silly audit report     {
269 silly audit report       id: 1006846,
269 silly audit report       url: 'https://github.com/advisories/GHSA-566m-qj78-rww5',
269 silly audit report       title: 'Regular Expression Denial of Service in postcss',
269 silly audit report       severity: 'moderate',
269 silly audit report       vulnerable_versions: '<8.2.13'
269 silly audit report     }
269 silly audit report   ]
269 silly audit report }
270 timing reify:save Completed in 128ms
271 timing metavuln:cache:get:security-advisory:postcss:GrijH2MF5xFvcGnLjcTcqSU65k1AM97Xn6KfLAvikbW4YjNf4SVNC2R4K+9gk0qtWmMa1veij2cR8KUdPKkneA== Completed in 23ms
272 timing metavuln:cache:get:security-advisory:glob-parent:xD8TPHJIKJLpyIX9eYp5C7ztLrV6IvawO1Sf29ztHiCdvqJmakCyTPi58uPUC6wqP5JkvSg2tWeo6V/I1fYd6g== Completed in 26ms
273 http fetch GET 200 https://registry.npmjs.org/postcss 51ms (cache revalidated)
274 timing metavuln:packument:postcss Completed in 53ms
275 timing metavuln:load:security-advisory:postcss:1006846 Completed in 2ms
276 timing metavuln:calculate:security-advisory:postcss:1006846 Completed in 56ms
277 http fetch GET 200 https://registry.npmjs.org/glob-parent 358ms (cache revalidated)
278 timing metavuln:packument:glob-parent Completed in 359ms
279 timing metavuln:load:security-advisory:glob-parent:1006947 Completed in 0ms
280 timing metavuln:calculate:security-advisory:glob-parent:1006947 Completed in 360ms
281 timing metavuln:cache:get:security-advisory:chokidar:8RLmGh4oLb7R21Wzp2NmDpdtQ/pK71xAuUOrU0vtsJFRBUT4eqKfWTdASKv4oG+Jc62kiQ4ACvDusI+VnWEqQA== Completed in 2ms
282 http fetch GET 200 https://registry.npmjs.org/chokidar 29ms (cache revalidated)
283 timing metavuln:packument:chokidar Completed in 31ms
284 timing metavuln:load:security-advisory:chokidar:xD8TPHJIKJLpyIX9eYp5C7ztLrV6IvawO1Sf29ztHiCdvqJmakCyTPi58uPUC6wqP5JkvSg2tWeo6V/I1fYd6g== Completed in 1ms
285 timing metavuln:calculate:security-advisory:chokidar:xD8TPHJIKJLpyIX9eYp5C7ztLrV6IvawO1Sf29ztHiCdvqJmakCyTPi58uPUC6wqP5JkvSg2tWeo6V/I1fYd6g== Completed in 33ms
286 timing metavuln:cache:get:security-advisory:@types/autoprefixer:qfdWdnMOmlnrB1EiQ1VacpshvwVZXxdylJDLBmCowMjPE53Gc3oX05uaQ/aYv3iojODK/GLTAA5vOk99HEMuNg== Completed in 11ms
287 timing metavuln:cache:get:security-advisory:@types/postcss-flexbugs-fixes:5tAOmg5rxdby7q3gylnukIgjJR0FbIN8wLlsb9oF9w0lqVaqQDNcJ05zhR4+hVEiypbLjsrB4tBguBqsNqspmw== Completed in 10ms
288 timing metavuln:cache:get:security-advisory:@types/postcss-gap-properties:8UzSA117NrLeSgFGM/KtipJqSPF1RhYjo3EM2m77NKkQdRQ1Rzuk9n6hyBpYmjgnkTENsSTzqoud8Q02ANp13w== Completed in 9ms
289 timing metavuln:cache:get:security-advisory:@types/postcss-preset-env:9T69w3qXn30eUaGbbDk6bYd+vEUg2ofXpZhGoHA+a4mK+ro3RXIUCEDsUHkNIPevD8qeWQ1N+eI08Fx1n68hLA== Completed in 8ms
290 http fetch GET 200 https://registry.npmjs.org/@types%2fpostcss-gap-properties 43ms (cache revalidated)
291 timing metavuln:packument:@types/postcss-gap-properties Completed in 44ms
292 timing metavuln:load:security-advisory:@types/postcss-gap-properties:GrijH2MF5xFvcGnLjcTcqSU65k1AM97Xn6KfLAvikbW4YjNf4SVNC2R4K+9gk0qtWmMa1veij2cR8KUdPKkneA== Completed in 0ms
293 timing metavuln:calculate:security-advisory:@types/postcss-gap-properties:GrijH2MF5xFvcGnLjcTcqSU65k1AM97Xn6KfLAvikbW4YjNf4SVNC2R4K+9gk0qtWmMa1veij2cR8KUdPKkneA== Completed in 45ms
294 http fetch GET 200 https://registry.npmjs.org/@types%2fpostcss-preset-env 44ms (cache revalidated)
295 timing metavuln:packument:@types/postcss-preset-env Completed in 44ms
296 timing metavuln:load:security-advisory:@types/postcss-preset-env:GrijH2MF5xFvcGnLjcTcqSU65k1AM97Xn6KfLAvikbW4YjNf4SVNC2R4K+9gk0qtWmMa1veij2cR8KUdPKkneA== Completed in 0ms
297 timing metavuln:calculate:security-advisory:@types/postcss-preset-env:GrijH2MF5xFvcGnLjcTcqSU65k1AM97Xn6KfLAvikbW4YjNf4SVNC2R4K+9gk0qtWmMa1veij2cR8KUdPKkneA== Completed in 44ms
298 http fetch GET 200 https://registry.npmjs.org/@types%2fpostcss-flexbugs-fixes 51ms (cache revalidated)
299 timing metavuln:packument:@types/postcss-flexbugs-fixes Completed in 52ms
300 timing metavuln:load:security-advisory:@types/postcss-flexbugs-fixes:GrijH2MF5xFvcGnLjcTcqSU65k1AM97Xn6KfLAvikbW4YjNf4SVNC2R4K+9gk0qtWmMa1veij2cR8KUdPKkneA== Completed in 0ms
301 timing metavuln:calculate:security-advisory:@types/postcss-flexbugs-fixes:GrijH2MF5xFvcGnLjcTcqSU65k1AM97Xn6KfLAvikbW4YjNf4SVNC2R4K+9gk0qtWmMa1veij2cR8KUdPKkneA== Completed in 52ms
302 http fetch GET 200 https://registry.npmjs.org/@types%2fautoprefixer 704ms (cache revalidated)
303 timing metavuln:packument:@types/autoprefixer Completed in 706ms
304 timing metavuln:load:security-advisory:@types/autoprefixer:GrijH2MF5xFvcGnLjcTcqSU65k1AM97Xn6KfLAvikbW4YjNf4SVNC2R4K+9gk0qtWmMa1veij2cR8KUdPKkneA== Completed in 0ms
305 timing metavuln:calculate:security-advisory:@types/autoprefixer:GrijH2MF5xFvcGnLjcTcqSU65k1AM97Xn6KfLAvikbW4YjNf4SVNC2R4K+9gk0qtWmMa1veij2cR8KUdPKkneA== Completed in 706ms
306 timing metavuln:cache:get:security-advisory:@types/watchpack:zHNgmc91CFoMGmnBWLSpZKGL4Q2qwarLbXlQ9TYr1au0ZMm0EeC9UnNNtVDj6nINbiZ6vB2Wykkx7A0emx/gAQ== Completed in 3ms
307 http fetch GET 200 https://registry.npmjs.org/@types%2fwatchpack 679ms (cache revalidated)
308 timing metavuln:packument:@types/watchpack Completed in 680ms
309 timing metavuln:load:security-advisory:@types/watchpack:8RLmGh4oLb7R21Wzp2NmDpdtQ/pK71xAuUOrU0vtsJFRBUT4eqKfWTdASKv4oG+Jc62kiQ4ACvDusI+VnWEqQA== Completed in 1ms
310 timing metavuln:calculate:security-advisory:@types/watchpack:8RLmGh4oLb7R21Wzp2NmDpdtQ/pK71xAuUOrU0vtsJFRBUT4eqKfWTdASKv4oG+Jc62kiQ4ACvDusI+VnWEqQA== Completed in 681ms
311 timing metavuln:cache:get:security-advisory:@types/postcss-preset-env:ojX+Wlp+PuvkmamRbOcfUlWGCsmuRW2cOUw7VkxtyP/H+pvopfypfBv5fmmu5YWMkeTUOI6hIg+78JKeihfL0Q== Completed in 1ms
312 timing metavuln:load:security-advisory:@types/postcss-preset-env:qfdWdnMOmlnrB1EiQ1VacpshvwVZXxdylJDLBmCowMjPE53Gc3oX05uaQ/aYv3iojODK/GLTAA5vOk99HEMuNg== Completed in 0ms
313 timing metavuln:calculate:security-advisory:@types/postcss-preset-env:qfdWdnMOmlnrB1EiQ1VacpshvwVZXxdylJDLBmCowMjPE53Gc3oX05uaQ/aYv3iojODK/GLTAA5vOk99HEMuNg== Completed in 1ms
314 timing auditReport:init Completed in 1785ms
315 timing reify:audit Completed in 2049ms
316 timing reify Completed in 6494ms
317 silly ADD node_modules/strip-ansi
318 silly ADD node_modules/is-fullwidth-code-point
319 silly ADD node_modules/emoji-regex
320 silly ADD node_modules/mime-db
321 silly ADD node_modules/delayed-stream
322 silly ADD node_modules/mime-types
323 silly ADD node_modules/combined-stream
324 silly ADD node_modules/asynckit
325 silly ADD node_modules/widest-line
326 silly ADD node_modules/type-fest
327 silly ADD node_modules/term-size
328 silly ADD node_modules/string-width
329 silly ADD node_modules/cli-boxes
330 silly ADD node_modules/camelcase
331 silly ADD node_modules/ansi-align
332 silly ADD node_modules/boxen
333 silly ADD node_modules/boxen/node_modules/chalk
334 silly ADD node_modules/ci-info
335 silly ADD node_modules/form-data
336 silly ADD node_modules/@types/url-parse-lax
337 silly ADD node_modules/@types/update-notifier
338 silly ADD node_modules/@types/touch
339 silly ADD node_modules/@types/sparse-bitfield
340 silly ADD node_modules/@types/saslprep
341 silly ADD node_modules/@types/responselike
342 silly ADD node_modules/@types/registry-auth-token
343 silly ADD node_modules/@types/rc
344 silly ADD node_modules/@types/pump
345 silly ADD node_modules/@types/nopt
346 silly ADD node_modules/@types/nodemon
347 silly ADD node_modules/@types/memory-pager
348 silly ADD node_modules/@types/keyv
349 silly ADD node_modules/@types/json-buffer
350 silly ADD node_modules/@types/is-ci
351 silly ADD node_modules/@types/http-cache-semantics
352 silly ADD node_modules/@types/got
353 silly ADD node_modules/@types/end-of-stream
354 silly ADD node_modules/@types/duplexer3
355 silly ADD node_modules/@types/deep-extend
356 silly ADD node_modules/@types/cors
357 silly ADD node_modules/@types/configstore
358 silly ADD node_modules/@types/cacheable-request
359 silly ADD node_modules/@types/abbrev
360 timing command:install Completed in 6507ms
361 verbose exit 0
362 timing npm Completed in 6927ms
363 info ok
