0 verbose cli [ '/usr/local/bin/node', '/usr/local/bin/npm', 'i', 'react-scrollbar' ]
1 info using npm@8.4.1
2 info using node@v17.4.0
3 timing npm:load:whichnode Completed in 1ms
4 timing config:load:defaults Completed in 3ms
5 timing config:load:file:/usr/local/lib/node_modules/npm/npmrc Completed in 14ms
6 timing config:load:builtin Completed in 14ms
7 timing config:load:cli Completed in 1ms
8 timing config:load:env Completed in 1ms
9 timing config:load:file:/Users/josuedavid/Documents/react/.npmrc Completed in 0ms
10 timing config:load:project Completed in 2ms
11 verbose config tmp This setting is no longer used.  npm stores temporary files in a special
11 verbose config location in the cache, and they are managed by
11 verbose config     [`cacache`](http://npm.im/cacache).
12 timing config:load:file:/Users/josuedavid/.npmrc Completed in 2ms
13 timing config:load:user Completed in 2ms
14 timing config:load:file:/usr/local/etc/npmrc Completed in 1ms
15 timing config:load:global Completed in 2ms
16 timing config:load:validate Completed in 0ms
17 timing config:load:credentials Completed in 2ms
18 timing config:load:setEnvs Completed in 1ms
19 timing config:load Completed in 28ms
20 timing npm:load:configload Completed in 28ms
21 timing npm:load:setTitle Completed in 68ms
22 timing config:load:flatten Completed in 31ms
23 timing npm:load:display Completed in 33ms
24 verbose logfile /Users/josuedavid/Documents/react/C:\Users\josuedavid\AppData\Roaming\npm-cache/_logs/2022-02-22T20_05_46_783Z-debug-0.log
25 timing npm:load:logFile Completed in 51ms
26 timing npm:load:timers Completed in 0ms
27 timing npm:load:configScope Completed in 0ms
28 timing npm:load Completed in 181ms
29 timing arborist:ctor Completed in 1ms
30 timing idealTree:init Completed in 324ms
31 timing idealTree:userRequests Completed in 2ms
32 silly idealTree buildDeps
33 silly fetch manifest react-scrollbar@*
34 timing arborist:ctor Completed in 0ms
35 http fetch GET 200 https://registry.npmjs.org/react-scrollbar 1866ms (cache miss)
36 silly fetch manifest prop-types@^15.6.0
37 http fetch GET 200 https://registry.npmjs.org/prop-types 141ms (cache miss)
38 silly fetch manifest react@^15.3.0 || ^16.0.0-rc || ^16.0
39 http fetch GET 200 https://registry.npmjs.org/react 204ms (cache updated)
40 silly placeDep ROOT react-scrollbar@0.5.6 OK for:  want: *
41 silly placeDep ROOT prop-types@15.8.1 OK for: react-scrollbar@0.5.6 want: ^15.6.0
42 silly placeDep ROOT react@16.14.0 REPLACE for: react-scrollbar@0.5.6 want: ^15.3.0 || ^16.0.0-rc || ^16.0
43 silly fetch manifest config@^1.24.0
44 silly fetch manifest line-height@^0.1.1
45 silly fetch manifest react-motion@^0.5.2
46 silly fetch manifest react-is@^16.13.1
47 http fetch GET 200 https://registry.npmjs.org/react-is 266ms (cache updated)
48 http fetch GET 200 https://registry.npmjs.org/react-motion 419ms (cache miss)
49 http fetch GET 200 https://registry.npmjs.org/config 450ms (cache miss)
50 http fetch GET 200 https://registry.npmjs.org/line-height 599ms (cache miss)
51 timing idealTree:#root Completed in 3337ms
52 silly placeDep ROOT react-is@16.13.1 OK for: prop-types@15.8.1 want: ^16.13.1
53 timing idealTree:node_modules/prop-types Completed in 2ms
54 timing idealTree:node_modules/react Completed in 0ms
55 timing idealTree:node_modules/react-is Completed in 0ms
56 silly placeDep ROOT config@1.31.0 OK for: react-scrollbar@0.5.6 want: ^1.24.0
57 silly placeDep ROOT line-height@0.1.1 OK for: react-scrollbar@0.5.6 want: ^0.1.1
58 silly placeDep ROOT react-motion@0.5.2 OK for: react-scrollbar@0.5.6 want: ^0.5.2
59 silly fetch manifest json5@^1.0.1
60 silly fetch manifest computed-style@~0.1.3
61 silly fetch manifest performance-now@^0.2.0
62 silly fetch manifest raf@^3.1.0
63 http fetch GET 200 https://registry.npmjs.org/json5 144ms (cache miss)
64 http fetch GET 200 https://registry.npmjs.org/performance-now 145ms (cache miss)
65 http fetch GET 200 https://registry.npmjs.org/raf 349ms (cache miss)
66 http fetch GET 200 https://registry.npmjs.org/computed-style 403ms (cache miss)
67 timing idealTree:node_modules/react-scrollbar Completed in 413ms
68 silly placeDep ROOT json5@1.0.1 OK for: config@1.31.0 want: ^1.0.1
69 silly fetch manifest minimist@^1.2.0
70 http fetch GET 200 https://registry.npmjs.org/minimist 38ms (cache miss)
71 timing idealTree:node_modules/config Completed in 41ms
72 silly placeDep ROOT minimist@1.2.5 OK for: json5@1.0.1 want: ^1.2.0
73 timing idealTree:node_modules/json5 Completed in 2ms
74 silly placeDep ROOT computed-style@0.1.4 OK for: line-height@0.1.1 want: ~0.1.3
75 timing idealTree:node_modules/line-height Completed in 3ms
76 timing idealTree:node_modules/computed-style Completed in 0ms
77 timing idealTree:node_modules/minimist Completed in 0ms
78 silly placeDep ROOT performance-now@0.2.0 OK for: react-motion@0.5.2 want: ^0.2.0
79 silly placeDep ROOT raf@3.4.1 OK for: react-motion@0.5.2 want: ^3.1.0
80 silly fetch manifest performance-now@^2.1.0
81 timing idealTree:node_modules/react-motion Completed in 6ms
82 timing idealTree:node_modules/performance-now Completed in 0ms
83 silly placeDep node_modules/raf performance-now@2.1.0 OK for: raf@3.4.1 want: ^2.1.0
84 timing idealTree:node_modules/raf Completed in 2ms
85 timing idealTree:node_modules/raf/node_modules/performance-now Completed in 0ms
86 timing idealTree:buildDeps Completed in 3808ms
87 timing idealTree:fixDepFlags Completed in 1ms
88 timing idealTree Completed in 4135ms
89 timing reify:loadTrees Completed in 4137ms
90 timing reify:diffTrees Completed in 80ms
91 silly reify mark retired [ '/Users/josuedavid/Documents/react/node_modules/react' ]
92 silly reify moves {
92 silly reify   '/Users/josuedavid/Documents/react/node_modules/react': '/Users/josuedavid/Documents/react/node_modules/.react-uU91vAFk'
92 silly reify }
93 timing reify:retireShallow Completed in 3ms
94 timing reify:createSparse Completed in 8ms
95 timing reify:loadBundles Completed in 0ms
96 silly audit bulk request {
96 silly audit   '@fortawesome/fontawesome-free': [ '5.15.4' ],
96 silly audit   '@popperjs/core': [ '2.11.2' ],
96 silly audit   bootstrap: [ '5.1.3' ],
96 silly audit   'fa-icons': [ '0.2.0' ],
96 silly audit   'js-tokens': [ '4.0.0' ],
96 silly audit   'lit-element': [ '2.5.1' ],
96 silly audit   'lit-html': [ '1.4.1' ],
96 silly audit   'loose-envify': [ '1.4.0' ],
96 silly audit   'object-assign': [ '4.1.1' ],
96 silly audit   'react-icons': [ '4.3.1' ],
96 silly audit   'react-scrollbar': [ '0.5.6' ],
96 silly audit   'prop-types': [ '15.8.1' ],
96 silly audit   react: [ '16.14.0' ],
96 silly audit   'react-is': [ '16.13.1' ],
96 silly audit   config: [ '1.31.0' ],
96 silly audit   'line-height': [ '0.1.1' ],
96 silly audit   'react-motion': [ '0.5.2' ],
96 silly audit   json5: [ '1.0.1' ],
96 silly audit   minimist: [ '1.2.5' ],
96 silly audit   'computed-style': [ '0.1.4' ],
96 silly audit   'performance-now': [ '0.2.0', '2.1.0' ],
96 silly audit   raf: [ '3.4.1' ]
96 silly audit }
97 silly tarball no local data for raf@https://registry.npmjs.org/raf/-/raf-3.4.1.tgz. Extracting by manifest.
98 silly tarball no local data for performance-now@https://registry.npmjs.org/performance-now/-/performance-now-0.2.0.tgz. Extracting by manifest.
99 silly tarball no local data for computed-style@https://registry.npmjs.org/computed-style/-/computed-style-0.1.4.tgz. Extracting by manifest.
100 silly tarball no local data for minimist@https://registry.npmjs.org/minimist/-/minimist-1.2.5.tgz. Extracting by manifest.
101 silly tarball no local data for json5@https://registry.npmjs.org/json5/-/json5-1.0.1.tgz. Extracting by manifest.
102 silly tarball no local data for line-height@https://registry.npmjs.org/line-height/-/line-height-0.1.1.tgz. Extracting by manifest.
103 silly tarball no local data for react-motion@https://registry.npmjs.org/react-motion/-/react-motion-0.5.2.tgz. Extracting by manifest.
104 silly tarball no local data for config@https://registry.npmjs.org/config/-/config-1.31.0.tgz. Extracting by manifest.
105 silly tarball no local data for prop-types@https://registry.npmjs.org/prop-types/-/prop-types-15.8.1.tgz. Extracting by manifest.
106 silly tarball no local data for react-scrollbar@https://registry.npmjs.org/react-scrollbar/-/react-scrollbar-0.5.6.tgz. Extracting by manifest.
107 silly tarball no local data for react@https://registry.npmjs.org/react/-/react-16.14.0.tgz. Extracting by manifest.
108 silly tarball no local data for performance-now@https://registry.npmjs.org/performance-now/-/performance-now-2.1.0.tgz. Extracting by manifest.
109 http fetch POST 200 https://registry.npmjs.org/-/npm/v1/security/advisories/bulk 1000ms
110 timing auditReport:getReport Completed in 1002ms
111 silly audit report {}
112 timing auditReport:init Completed in 0ms
113 timing reify:audit Completed in 1004ms
114 timing reifyNode:node_modules/react-is Completed in 1648ms
115 http fetch GET 200 https://registry.npmjs.org/raf/-/raf-3.4.1.tgz 1512ms (cache miss)
116 timing reifyNode:node_modules/raf Completed in 1768ms
117 http fetch GET 200 https://registry.npmjs.org/performance-now/-/performance-now-0.2.0.tgz 1638ms (cache miss)
118 timing reifyNode:node_modules/performance-now Completed in 1897ms
119 http fetch GET 200 https://registry.npmjs.org/line-height/-/line-height-0.1.1.tgz 1640ms (cache miss)
120 timing reifyNode:node_modules/line-height Completed in 1931ms
121 http fetch GET 200 https://registry.npmjs.org/performance-now/-/performance-now-2.1.0.tgz 1409ms (cache miss)
122 timing reifyNode:node_modules/raf/node_modules/performance-now Completed in 1936ms
123 http fetch GET 200 https://registry.npmjs.org/computed-style/-/computed-style-0.1.4.tgz 1678ms (cache miss)
124 timing reifyNode:node_modules/computed-style Completed in 1940ms
125 http fetch GET 200 https://registry.npmjs.org/minimist/-/minimist-1.2.5.tgz 1669ms (cache miss)
126 timing reifyNode:node_modules/minimist Completed in 1951ms
127 http fetch GET 200 https://registry.npmjs.org/config/-/config-1.31.0.tgz 1663ms (cache miss)
128 timing reifyNode:node_modules/config Completed in 1963ms
129 http fetch GET 200 https://registry.npmjs.org/prop-types/-/prop-types-15.8.1.tgz 1472ms (cache miss)
130 timing reifyNode:node_modules/prop-types Completed in 1970ms
131 http fetch GET 200 https://registry.npmjs.org/json5/-/json5-1.0.1.tgz 1965ms (cache miss)
132 timing reifyNode:node_modules/json5 Completed in 2251ms
133 http fetch GET 200 https://registry.npmjs.org/react/-/react-16.14.0.tgz 1801ms (cache miss)
134 timing reifyNode:node_modules/react Completed in 2323ms
135 http fetch GET 200 https://registry.npmjs.org/react-motion/-/react-motion-0.5.2.tgz 2055ms (cache miss)
136 timing reifyNode:node_modules/react-motion Completed in 2352ms
137 http fetch GET 200 https://registry.npmjs.org/react-scrollbar/-/react-scrollbar-0.5.6.tgz 2187ms (cache miss)
138 timing reifyNode:node_modules/react-scrollbar Completed in 2701ms
139 timing reify:unpack Completed in 2702ms
140 timing reify:unretire Completed in 0ms
141 timing build:queue Completed in 2ms
142 timing build:link:node_modules/json5 Completed in 7ms
143 timing build:link Completed in 7ms
144 timing build:deps Completed in 10ms
145 timing build Completed in 10ms
146 timing reify:build Completed in 10ms
147 timing reify:trash Completed in 20ms
148 timing reify:save Completed in 218ms
149 timing reify Completed in 7251ms
150 silly ADD node_modules/raf
151 silly ADD node_modules/raf/node_modules/performance-now
152 silly ADD node_modules/performance-now
153 silly ADD node_modules/computed-style
154 silly ADD node_modules/minimist
155 silly ADD node_modules/json5
156 silly ADD node_modules/react-motion
157 silly ADD node_modules/line-height
158 silly ADD node_modules/config
159 silly ADD node_modules/react-is
160 silly ADD node_modules/prop-types
161 silly ADD node_modules/react-scrollbar
162 silly CHANGE node_modules/react
163 timing command:i Completed in 7271ms
164 verbose exit 0
165 timing npm Completed in 9325ms
166 info ok
